[  1%] Built target ros2_learning_msg__cpp
[ 12%] Built target ros2_learning_msg__rosidl_generator_c
[ 12%] Built target ament_cmake_python_copy_ros2_learning_msg
[ 23%] Built target ros2_learning_msg__rosidl_typesupport_c
[ 34%] Built target ros2_learning_msg__rosidl_typesupport_introspection_c
[ 45%] Built target ros2_learning_msg__rosidl_typesupport_introspection_cpp
[ 56%] Built target ros2_learning_msg__rosidl_typesupport_cpp
[ 67%] Built target ros2_learning_msg__rosidl_typesupport_fastrtps_cpp
[ 78%] Built target ros2_learning_msg__rosidl_typesupport_fastrtps_c
[ 78%] Built target ros2_learning_msg
[ 80%] Built target ros2_learning_msg__py
[ 89%] Built target ros2_learning_msg__rosidl_generator_py
[ 92%] Built target ros2_learning_msg__rosidl_typesupport_c__pyext
[ 96%] Built target ros2_learning_msg__rosidl_typesupport_introspection_c__pyext
[100%] Built target ros2_learning_msg__rosidl_typesupport_fastrtps_c__pyext
running egg_info
writing ros2_learning_msg.egg-info/PKG-INFO
writing dependency_links to ros2_learning_msg.egg-info/dependency_links.txt
writing top-level names to ros2_learning_msg.egg-info/top_level.txt
reading manifest file 'ros2_learning_msg.egg-info/SOURCES.txt'
writing manifest file 'ros2_learning_msg.egg-info/SOURCES.txt'
[100%] Built target ament_cmake_python_build_ros2_learning_msg_egg
-- Install configuration: ""
-- Up-to-date: /home/smith/ros2_learning/install/ros2_learning_msg/share/ament_index/resource_index/rosidl_interfaces/ros2_learning_msg
-- Up-to-date: /home/smith/ros2_learning/install/ros2_learning_msg/include/ros2_learning_msg/ros2_learning_msg
-- Up-to-date: /home/smith/ros2_learning/install/ros2_learning_msg/include/ros2_learning_msg/ros2_learning_msg/srv
-- Up-to-date: /home/smith/ros2_learning/install/ros2_learning_msg/include/ros2_learning_msg/ros2_learning_msg/srv/set_command.h
-- Up-to-date: /home/smith/ros2_learning/install/ros2_learning_msg/include/ros2_learning_msg/ros2_learning_msg/srv/get_status.h
-- Up-to-date: /home/smith/ros2_learning/install/ros2_learning_msg/include/ros2_learning_msg/ros2_learning_msg/srv/detail
-- Up-to-date: /home/smith/ros2_learning/install/ros2_learning_msg/include/ros2_learning_msg/ros2_learning_msg/srv/detail/set_command__type_support.h
-- Up-to-date: /home/smith/ros2_learning/install/ros2_learning_msg/include/ros2_learning_msg/ros2_learning_msg/srv/detail/get_status__type_support.h
-- Up-to-date: /home/smith/ros2_learning/install/ros2_learning_msg/include/ros2_learning_msg/ros2_learning_msg/srv/detail/get_status__struct.h
-- Up-to-date: /home/smith/ros2_learning/install/ros2_learning_msg/include/ros2_learning_msg/ros2_learning_msg/srv/detail/set_command__functions.h
-- Up-to-date: /home/smith/ros2_learning/install/ros2_learning_msg/include/ros2_learning_msg/ros2_learning_msg/srv/detail/set_command__struct.h
-- Up-to-date: /home/smith/ros2_learning/install/ros2_learning_msg/include/ros2_learning_msg/ros2_learning_msg/srv/detail/set_command__functions.c
-- Up-to-date: /home/smith/ros2_learning/install/ros2_learning_msg/include/ros2_learning_msg/ros2_learning_msg/srv/detail/get_status__functions.h
-- Up-to-date: /home/smith/ros2_learning/install/ros2_learning_msg/include/ros2_learning_msg/ros2_learning_msg/srv/detail/get_status__functions.c
-- Up-to-date: /home/smith/ros2_learning/install/ros2_learning_msg/include/ros2_learning_msg/ros2_learning_msg/msg
-- Up-to-date: /home/smith/ros2_learning/install/ros2_learning_msg/include/ros2_learning_msg/ros2_learning_msg/msg/rosidl_generator_c__visibility_control.h
-- Up-to-date: /home/smith/ros2_learning/install/ros2_learning_msg/include/ros2_learning_msg/ros2_learning_msg/msg/robot_status.h
-- Up-to-date: /home/smith/ros2_learning/install/ros2_learning_msg/include/ros2_learning_msg/ros2_learning_msg/msg/sensor_data.h
-- Up-to-date: /home/smith/ros2_learning/install/ros2_learning_msg/include/ros2_learning_msg/ros2_learning_msg/msg/detail
-- Up-to-date: /home/smith/ros2_learning/install/ros2_learning_msg/include/ros2_learning_msg/ros2_learning_msg/msg/detail/sensor_data__functions.h
-- Up-to-date: /home/smith/ros2_learning/install/ros2_learning_msg/include/ros2_learning_msg/ros2_learning_msg/msg/detail/sensor_data__struct.h
-- Up-to-date: /home/smith/ros2_learning/install/ros2_learning_msg/include/ros2_learning_msg/ros2_learning_msg/msg/detail/robot_status__type_support.h
-- Up-to-date: /home/smith/ros2_learning/install/ros2_learning_msg/include/ros2_learning_msg/ros2_learning_msg/msg/detail/sensor_data__functions.c
-- Up-to-date: /home/smith/ros2_learning/install/ros2_learning_msg/include/ros2_learning_msg/ros2_learning_msg/msg/detail/robot_status__functions.h
-- Up-to-date: /home/smith/ros2_learning/install/ros2_learning_msg/include/ros2_learning_msg/ros2_learning_msg/msg/detail/robot_status__struct.h
-- Up-to-date: /home/smith/ros2_learning/install/ros2_learning_msg/include/ros2_learning_msg/ros2_learning_msg/msg/detail/robot_status__functions.c
-- Up-to-date: /home/smith/ros2_learning/install/ros2_learning_msg/include/ros2_learning_msg/ros2_learning_msg/msg/detail/sensor_data__type_support.h
-- Up-to-date: /home/smith/ros2_learning/install/ros2_learning_msg/share/ros2_learning_msg/environment/library_path.sh
-- Up-to-date: /home/smith/ros2_learning/install/ros2_learning_msg/share/ros2_learning_msg/environment/library_path.dsv
-- Up-to-date: /home/smith/ros2_learning/install/ros2_learning_msg/lib/libros2_learning_msg__rosidl_generator_c.so
-- Up-to-date: /home/smith/ros2_learning/install/ros2_learning_msg/include/ros2_learning_msg/ros2_learning_msg
-- Up-to-date: /home/smith/ros2_learning/install/ros2_learning_msg/include/ros2_learning_msg/ros2_learning_msg/srv
-- Up-to-date: /home/smith/ros2_learning/install/ros2_learning_msg/include/ros2_learning_msg/ros2_learning_msg/srv/detail
-- Up-to-date: /home/smith/ros2_learning/install/ros2_learning_msg/include/ros2_learning_msg/ros2_learning_msg/srv/detail/set_command__rosidl_typesupport_fastrtps_c.h
-- Up-to-date: /home/smith/ros2_learning/install/ros2_learning_msg/include/ros2_learning_msg/ros2_learning_msg/srv/detail/get_status__rosidl_typesupport_fastrtps_c.h
-- Up-to-date: /home/smith/ros2_learning/install/ros2_learning_msg/include/ros2_learning_msg/ros2_learning_msg/msg
-- Up-to-date: /home/smith/ros2_learning/install/ros2_learning_msg/include/ros2_learning_msg/ros2_learning_msg/msg/detail
-- Up-to-date: /home/smith/ros2_learning/install/ros2_learning_msg/include/ros2_learning_msg/ros2_learning_msg/msg/detail/sensor_data__rosidl_typesupport_fastrtps_c.h
-- Up-to-date: /home/smith/ros2_learning/install/ros2_learning_msg/include/ros2_learning_msg/ros2_learning_msg/msg/detail/robot_status__rosidl_typesupport_fastrtps_c.h
-- Up-to-date: /home/smith/ros2_learning/install/ros2_learning_msg/include/ros2_learning_msg/ros2_learning_msg/msg/rosidl_typesupport_fastrtps_c__visibility_control.h
-- Up-to-date: /home/smith/ros2_learning/install/ros2_learning_msg/lib/libros2_learning_msg__rosidl_typesupport_fastrtps_c.so
-- Up-to-date: /home/smith/ros2_learning/install/ros2_learning_msg/include/ros2_learning_msg/ros2_learning_msg
-- Up-to-date: /home/smith/ros2_learning/install/ros2_learning_msg/include/ros2_learning_msg/ros2_learning_msg/srv
-- Up-to-date: /home/smith/ros2_learning/install/ros2_learning_msg/include/ros2_learning_msg/ros2_learning_msg/srv/set_command.hpp
-- Up-to-date: /home/smith/ros2_learning/install/ros2_learning_msg/include/ros2_learning_msg/ros2_learning_msg/srv/get_status.hpp
-- Up-to-date: /home/smith/ros2_learning/install/ros2_learning_msg/include/ros2_learning_msg/ros2_learning_msg/srv/detail
-- Up-to-date: /home/smith/ros2_learning/install/ros2_learning_msg/include/ros2_learning_msg/ros2_learning_msg/srv/detail/get_status__builder.hpp
-- Up-to-date: /home/smith/ros2_learning/install/ros2_learning_msg/include/ros2_learning_msg/ros2_learning_msg/srv/detail/get_status__traits.hpp
-- Up-to-date: /home/smith/ros2_learning/install/ros2_learning_msg/include/ros2_learning_msg/ros2_learning_msg/srv/detail/get_status__type_support.hpp
-- Up-to-date: /home/smith/ros2_learning/install/ros2_learning_msg/include/ros2_learning_msg/ros2_learning_msg/srv/detail/set_command__traits.hpp
-- Up-to-date: /home/smith/ros2_learning/install/ros2_learning_msg/include/ros2_learning_msg/ros2_learning_msg/srv/detail/set_command__builder.hpp
-- Up-to-date: /home/smith/ros2_learning/install/ros2_learning_msg/include/ros2_learning_msg/ros2_learning_msg/srv/detail/set_command__type_support.hpp
-- Up-to-date: /home/smith/ros2_learning/install/ros2_learning_msg/include/ros2_learning_msg/ros2_learning_msg/srv/detail/set_command__struct.hpp
-- Up-to-date: /home/smith/ros2_learning/install/ros2_learning_msg/include/ros2_learning_msg/ros2_learning_msg/srv/detail/get_status__struct.hpp
-- Up-to-date: /home/smith/ros2_learning/install/ros2_learning_msg/include/ros2_learning_msg/ros2_learning_msg/msg
-- Up-to-date: /home/smith/ros2_learning/install/ros2_learning_msg/include/ros2_learning_msg/ros2_learning_msg/msg/rosidl_generator_cpp__visibility_control.hpp
-- Up-to-date: /home/smith/ros2_learning/install/ros2_learning_msg/include/ros2_learning_msg/ros2_learning_msg/msg/sensor_data.hpp
-- Up-to-date: /home/smith/ros2_learning/install/ros2_learning_msg/include/ros2_learning_msg/ros2_learning_msg/msg/detail
-- Up-to-date: /home/smith/ros2_learning/install/ros2_learning_msg/include/ros2_learning_msg/ros2_learning_msg/msg/detail/robot_status__struct.hpp
-- Up-to-date: /home/smith/ros2_learning/install/ros2_learning_msg/include/ros2_learning_msg/ros2_learning_msg/msg/detail/sensor_data__struct.hpp
-- Up-to-date: /home/smith/ros2_learning/install/ros2_learning_msg/include/ros2_learning_msg/ros2_learning_msg/msg/detail/robot_status__builder.hpp
-- Up-to-date: /home/smith/ros2_learning/install/ros2_learning_msg/include/ros2_learning_msg/ros2_learning_msg/msg/detail/sensor_data__traits.hpp
-- Up-to-date: /home/smith/ros2_learning/install/ros2_learning_msg/include/ros2_learning_msg/ros2_learning_msg/msg/detail/robot_status__traits.hpp
-- Up-to-date: /home/smith/ros2_learning/install/ros2_learning_msg/include/ros2_learning_msg/ros2_learning_msg/msg/detail/sensor_data__type_support.hpp
-- Up-to-date: /home/smith/ros2_learning/install/ros2_learning_msg/include/ros2_learning_msg/ros2_learning_msg/msg/detail/robot_status__type_support.hpp
-- Up-to-date: /home/smith/ros2_learning/install/ros2_learning_msg/include/ros2_learning_msg/ros2_learning_msg/msg/detail/sensor_data__builder.hpp
-- Up-to-date: /home/smith/ros2_learning/install/ros2_learning_msg/include/ros2_learning_msg/ros2_learning_msg/msg/robot_status.hpp
-- Up-to-date: /home/smith/ros2_learning/install/ros2_learning_msg/include/ros2_learning_msg/ros2_learning_msg
-- Up-to-date: /home/smith/ros2_learning/install/ros2_learning_msg/include/ros2_learning_msg/ros2_learning_msg/srv
-- Up-to-date: /home/smith/ros2_learning/install/ros2_learning_msg/include/ros2_learning_msg/ros2_learning_msg/srv/detail
-- Up-to-date: /home/smith/ros2_learning/install/ros2_learning_msg/include/ros2_learning_msg/ros2_learning_msg/srv/detail/set_command__rosidl_typesupport_fastrtps_cpp.hpp
-- Up-to-date: /home/smith/ros2_learning/install/ros2_learning_msg/include/ros2_learning_msg/ros2_learning_msg/srv/detail/dds_fastrtps
-- Up-to-date: /home/smith/ros2_learning/install/ros2_learning_msg/include/ros2_learning_msg/ros2_learning_msg/srv/detail/get_status__rosidl_typesupport_fastrtps_cpp.hpp
-- Up-to-date: /home/smith/ros2_learning/install/ros2_learning_msg/include/ros2_learning_msg/ros2_learning_msg/msg
-- Up-to-date: /home/smith/ros2_learning/install/ros2_learning_msg/include/ros2_learning_msg/ros2_learning_msg/msg/rosidl_typesupport_fastrtps_cpp__visibility_control.h
-- Up-to-date: /home/smith/ros2_learning/install/ros2_learning_msg/include/ros2_learning_msg/ros2_learning_msg/msg/detail
-- Up-to-date: /home/smith/ros2_learning/install/ros2_learning_msg/include/ros2_learning_msg/ros2_learning_msg/msg/detail/dds_fastrtps
-- Up-to-date: /home/smith/ros2_learning/install/ros2_learning_msg/include/ros2_learning_msg/ros2_learning_msg/msg/detail/robot_status__rosidl_typesupport_fastrtps_cpp.hpp
-- Up-to-date: /home/smith/ros2_learning/install/ros2_learning_msg/include/ros2_learning_msg/ros2_learning_msg/msg/detail/sensor_data__rosidl_typesupport_fastrtps_cpp.hpp
-- Up-to-date: /home/smith/ros2_learning/install/ros2_learning_msg/lib/libros2_learning_msg__rosidl_typesupport_fastrtps_cpp.so
-- Up-to-date: /home/smith/ros2_learning/install/ros2_learning_msg/include/ros2_learning_msg/ros2_learning_msg
-- Up-to-date: /home/smith/ros2_learning/install/ros2_learning_msg/include/ros2_learning_msg/ros2_learning_msg/srv
-- Up-to-date: /home/smith/ros2_learning/install/ros2_learning_msg/include/ros2_learning_msg/ros2_learning_msg/srv/detail
-- Up-to-date: /home/smith/ros2_learning/install/ros2_learning_msg/include/ros2_learning_msg/ros2_learning_msg/srv/detail/set_command__type_support.c
-- Up-to-date: /home/smith/ros2_learning/install/ros2_learning_msg/include/ros2_learning_msg/ros2_learning_msg/srv/detail/get_status__type_support.c
-- Up-to-date: /home/smith/ros2_learning/install/ros2_learning_msg/include/ros2_learning_msg/ros2_learning_msg/srv/detail/get_status__rosidl_typesupport_introspection_c.h
-- Up-to-date: /home/smith/ros2_learning/install/ros2_learning_msg/include/ros2_learning_msg/ros2_learning_msg/srv/detail/set_command__rosidl_typesupport_introspection_c.h
-- Up-to-date: /home/smith/ros2_learning/install/ros2_learning_msg/include/ros2_learning_msg/ros2_learning_msg/msg
-- Up-to-date: /home/smith/ros2_learning/install/ros2_learning_msg/include/ros2_learning_msg/ros2_learning_msg/msg/detail
-- Up-to-date: /home/smith/ros2_learning/install/ros2_learning_msg/include/ros2_learning_msg/ros2_learning_msg/msg/detail/robot_status__rosidl_typesupport_introspection_c.h
-- Up-to-date: /home/smith/ros2_learning/install/ros2_learning_msg/include/ros2_learning_msg/ros2_learning_msg/msg/detail/robot_status__type_support.c
-- Up-to-date: /home/smith/ros2_learning/install/ros2_learning_msg/include/ros2_learning_msg/ros2_learning_msg/msg/detail/sensor_data__type_support.c
-- Up-to-date: /home/smith/ros2_learning/install/ros2_learning_msg/include/ros2_learning_msg/ros2_learning_msg/msg/detail/sensor_data__rosidl_typesupport_introspection_c.h
-- Up-to-date: /home/smith/ros2_learning/install/ros2_learning_msg/include/ros2_learning_msg/ros2_learning_msg/msg/rosidl_typesupport_introspection_c__visibility_control.h
-- Up-to-date: /home/smith/ros2_learning/install/ros2_learning_msg/lib/libros2_learning_msg__rosidl_typesupport_introspection_c.so
-- Up-to-date: /home/smith/ros2_learning/install/ros2_learning_msg/lib/libros2_learning_msg__rosidl_typesupport_c.so
-- Up-to-date: /home/smith/ros2_learning/install/ros2_learning_msg/include/ros2_learning_msg/ros2_learning_msg
-- Up-to-date: /home/smith/ros2_learning/install/ros2_learning_msg/include/ros2_learning_msg/ros2_learning_msg/srv
-- Up-to-date: /home/smith/ros2_learning/install/ros2_learning_msg/include/ros2_learning_msg/ros2_learning_msg/srv/detail
-- Up-to-date: /home/smith/ros2_learning/install/ros2_learning_msg/include/ros2_learning_msg/ros2_learning_msg/srv/detail/set_command__rosidl_typesupport_introspection_cpp.hpp
-- Up-to-date: /home/smith/ros2_learning/install/ros2_learning_msg/include/ros2_learning_msg/ros2_learning_msg/srv/detail/get_status__type_support.cpp
-- Up-to-date: /home/smith/ros2_learning/install/ros2_learning_msg/include/ros2_learning_msg/ros2_learning_msg/srv/detail/get_status__rosidl_typesupport_introspection_cpp.hpp
-- Up-to-date: /home/smith/ros2_learning/install/ros2_learning_msg/include/ros2_learning_msg/ros2_learning_msg/srv/detail/set_command__type_support.cpp
-- Up-to-date: /home/smith/ros2_learning/install/ros2_learning_msg/include/ros2_learning_msg/ros2_learning_msg/msg
-- Up-to-date: /home/smith/ros2_learning/install/ros2_learning_msg/include/ros2_learning_msg/ros2_learning_msg/msg/detail
-- Up-to-date: /home/smith/ros2_learning/install/ros2_learning_msg/include/ros2_learning_msg/ros2_learning_msg/msg/detail/sensor_data__rosidl_typesupport_introspection_cpp.hpp
-- Up-to-date: /home/smith/ros2_learning/install/ros2_learning_msg/include/ros2_learning_msg/ros2_learning_msg/msg/detail/sensor_data__type_support.cpp
-- Up-to-date: /home/smith/ros2_learning/install/ros2_learning_msg/include/ros2_learning_msg/ros2_learning_msg/msg/detail/robot_status__rosidl_typesupport_introspection_cpp.hpp
-- Up-to-date: /home/smith/ros2_learning/install/ros2_learning_msg/include/ros2_learning_msg/ros2_learning_msg/msg/detail/robot_status__type_support.cpp
-- Up-to-date: /home/smith/ros2_learning/install/ros2_learning_msg/lib/libros2_learning_msg__rosidl_typesupport_introspection_cpp.so
-- Up-to-date: /home/smith/ros2_learning/install/ros2_learning_msg/lib/libros2_learning_msg__rosidl_typesupport_cpp.so
-- Up-to-date: /home/smith/ros2_learning/install/ros2_learning_msg/share/ros2_learning_msg/environment/pythonpath.sh
-- Up-to-date: /home/smith/ros2_learning/install/ros2_learning_msg/share/ros2_learning_msg/environment/pythonpath.dsv
-- Up-to-date: /home/smith/ros2_learning/install/ros2_learning_msg/local/lib/python3.10/dist-packages/ros2_learning_msg-0.1.0-py3.10.egg-info
-- Installing: /home/smith/ros2_learning/install/ros2_learning_msg/local/lib/python3.10/dist-packages/ros2_learning_msg-0.1.0-py3.10.egg-info/dependency_links.txt
-- Installing: /home/smith/ros2_learning/install/ros2_learning_msg/local/lib/python3.10/dist-packages/ros2_learning_msg-0.1.0-py3.10.egg-info/PKG-INFO
-- Installing: /home/smith/ros2_learning/install/ros2_learning_msg/local/lib/python3.10/dist-packages/ros2_learning_msg-0.1.0-py3.10.egg-info/top_level.txt
-- Installing: /home/smith/ros2_learning/install/ros2_learning_msg/local/lib/python3.10/dist-packages/ros2_learning_msg-0.1.0-py3.10.egg-info/SOURCES.txt
-- Up-to-date: /home/smith/ros2_learning/install/ros2_learning_msg/local/lib/python3.10/dist-packages/ros2_learning_msg
-- Up-to-date: /home/smith/ros2_learning/install/ros2_learning_msg/local/lib/python3.10/dist-packages/ros2_learning_msg/_ros2_learning_msg_s.ep.rosidl_typesupport_fastrtps_c.c
-- Up-to-date: /home/smith/ros2_learning/install/ros2_learning_msg/local/lib/python3.10/dist-packages/ros2_learning_msg/_ros2_learning_msg_s.ep.rosidl_typesupport_introspection_c.c
-- Up-to-date: /home/smith/ros2_learning/install/ros2_learning_msg/local/lib/python3.10/dist-packages/ros2_learning_msg/ros2_learning_msg_s__rosidl_typesupport_fastrtps_c.cpython-310-x86_64-linux-gnu.so
-- Up-to-date: /home/smith/ros2_learning/install/ros2_learning_msg/local/lib/python3.10/dist-packages/ros2_learning_msg/__init__.py
-- Up-to-date: /home/smith/ros2_learning/install/ros2_learning_msg/local/lib/python3.10/dist-packages/ros2_learning_msg/libros2_learning_msg__rosidl_generator_py.so
-- Up-to-date: /home/smith/ros2_learning/install/ros2_learning_msg/local/lib/python3.10/dist-packages/ros2_learning_msg/ros2_learning_msg_s__rosidl_typesupport_introspection_c.cpython-310-x86_64-linux-gnu.so
-- Up-to-date: /home/smith/ros2_learning/install/ros2_learning_msg/local/lib/python3.10/dist-packages/ros2_learning_msg/_ros2_learning_msg_s.ep.rosidl_typesupport_c.c
-- Up-to-date: /home/smith/ros2_learning/install/ros2_learning_msg/local/lib/python3.10/dist-packages/ros2_learning_msg/srv
-- Up-to-date: /home/smith/ros2_learning/install/ros2_learning_msg/local/lib/python3.10/dist-packages/ros2_learning_msg/srv/_get_status.py
-- Up-to-date: /home/smith/ros2_learning/install/ros2_learning_msg/local/lib/python3.10/dist-packages/ros2_learning_msg/srv/_set_command.py
-- Up-to-date: /home/smith/ros2_learning/install/ros2_learning_msg/local/lib/python3.10/dist-packages/ros2_learning_msg/srv/__init__.py
-- Up-to-date: /home/smith/ros2_learning/install/ros2_learning_msg/local/lib/python3.10/dist-packages/ros2_learning_msg/srv/_get_status_s.c
-- Up-to-date: /home/smith/ros2_learning/install/ros2_learning_msg/local/lib/python3.10/dist-packages/ros2_learning_msg/srv/_set_command_s.c
-- Up-to-date: /home/smith/ros2_learning/install/ros2_learning_msg/local/lib/python3.10/dist-packages/ros2_learning_msg/ros2_learning_msg_s__rosidl_typesupport_c.cpython-310-x86_64-linux-gnu.so
-- Up-to-date: /home/smith/ros2_learning/install/ros2_learning_msg/local/lib/python3.10/dist-packages/ros2_learning_msg/msg
-- Up-to-date: /home/smith/ros2_learning/install/ros2_learning_msg/local/lib/python3.10/dist-packages/ros2_learning_msg/msg/__init__.py
-- Up-to-date: /home/smith/ros2_learning/install/ros2_learning_msg/local/lib/python3.10/dist-packages/ros2_learning_msg/msg/_robot_status_s.c
-- Up-to-date: /home/smith/ros2_learning/install/ros2_learning_msg/local/lib/python3.10/dist-packages/ros2_learning_msg/msg/_robot_status.py
-- Up-to-date: /home/smith/ros2_learning/install/ros2_learning_msg/local/lib/python3.10/dist-packages/ros2_learning_msg/msg/_sensor_data.py
-- Up-to-date: /home/smith/ros2_learning/install/ros2_learning_msg/local/lib/python3.10/dist-packages/ros2_learning_msg/msg/_sensor_data_s.c
Listing '/home/smith/ros2_learning/install/ros2_learning_msg/local/lib/python3.10/dist-packages/ros2_learning_msg'...
Listing '/home/smith/ros2_learning/install/ros2_learning_msg/local/lib/python3.10/dist-packages/ros2_learning_msg/msg'...
Listing '/home/smith/ros2_learning/install/ros2_learning_msg/local/lib/python3.10/dist-packages/ros2_learning_msg/srv'...
-- Up-to-date: /home/smith/ros2_learning/install/ros2_learning_msg/local/lib/python3.10/dist-packages/ros2_learning_msg/ros2_learning_msg_s__rosidl_typesupport_fastrtps_c.cpython-310-x86_64-linux-gnu.so
-- Up-to-date: /home/smith/ros2_learning/install/ros2_learning_msg/local/lib/python3.10/dist-packages/ros2_learning_msg/ros2_learning_msg_s__rosidl_typesupport_introspection_c.cpython-310-x86_64-linux-gnu.so
-- Up-to-date: /home/smith/ros2_learning/install/ros2_learning_msg/local/lib/python3.10/dist-packages/ros2_learning_msg/ros2_learning_msg_s__rosidl_typesupport_c.cpython-310-x86_64-linux-gnu.so
-- Up-to-date: /home/smith/ros2_learning/install/ros2_learning_msg/lib/libros2_learning_msg__rosidl_generator_py.so
-- Up-to-date: /home/smith/ros2_learning/install/ros2_learning_msg/share/ros2_learning_msg/msg/RobotStatus.idl
-- Up-to-date: /home/smith/ros2_learning/install/ros2_learning_msg/share/ros2_learning_msg/msg/SensorData.idl
-- Up-to-date: /home/smith/ros2_learning/install/ros2_learning_msg/share/ros2_learning_msg/srv/GetStatus.idl
-- Up-to-date: /home/smith/ros2_learning/install/ros2_learning_msg/share/ros2_learning_msg/srv/SetCommand.idl
-- Up-to-date: /home/smith/ros2_learning/install/ros2_learning_msg/share/ros2_learning_msg/msg/RobotStatus.msg
-- Up-to-date: /home/smith/ros2_learning/install/ros2_learning_msg/share/ros2_learning_msg/msg/SensorData.msg
-- Up-to-date: /home/smith/ros2_learning/install/ros2_learning_msg/share/ros2_learning_msg/srv/GetStatus.srv
-- Up-to-date: /home/smith/ros2_learning/install/ros2_learning_msg/share/ros2_learning_msg/srv/GetStatus_Request.msg
-- Up-to-date: /home/smith/ros2_learning/install/ros2_learning_msg/share/ros2_learning_msg/srv/GetStatus_Response.msg
-- Up-to-date: /home/smith/ros2_learning/install/ros2_learning_msg/share/ros2_learning_msg/srv/SetCommand.srv
-- Up-to-date: /home/smith/ros2_learning/install/ros2_learning_msg/share/ros2_learning_msg/srv/SetCommand_Request.msg
-- Up-to-date: /home/smith/ros2_learning/install/ros2_learning_msg/share/ros2_learning_msg/srv/SetCommand_Response.msg
-- Up-to-date: /home/smith/ros2_learning/install/ros2_learning_msg/lib/ros2_learning_msg/publisher_example.py
-- Up-to-date: /home/smith/ros2_learning/install/ros2_learning_msg/lib/ros2_learning_msg/subscriber_example.py
-- Up-to-date: /home/smith/ros2_learning/install/ros2_learning_msg/lib/ros2_learning_msg/service_server.py
-- Up-to-date: /home/smith/ros2_learning/install/ros2_learning_msg/lib/ros2_learning_msg/service_client.py
-- Up-to-date: /home/smith/ros2_learning/install/ros2_learning_msg/share/ament_index/resource_index/package_run_dependencies/ros2_learning_msg
-- Up-to-date: /home/smith/ros2_learning/install/ros2_learning_msg/share/ament_index/resource_index/parent_prefix_path/ros2_learning_msg
-- Up-to-date: /home/smith/ros2_learning/install/ros2_learning_msg/share/ros2_learning_msg/environment/ament_prefix_path.sh
-- Up-to-date: /home/smith/ros2_learning/install/ros2_learning_msg/share/ros2_learning_msg/environment/ament_prefix_path.dsv
-- Up-to-date: /home/smith/ros2_learning/install/ros2_learning_msg/share/ros2_learning_msg/environment/path.sh
-- Up-to-date: /home/smith/ros2_learning/install/ros2_learning_msg/share/ros2_learning_msg/environment/path.dsv
-- Up-to-date: /home/smith/ros2_learning/install/ros2_learning_msg/share/ros2_learning_msg/local_setup.bash
-- Up-to-date: /home/smith/ros2_learning/install/ros2_learning_msg/share/ros2_learning_msg/local_setup.sh
-- Up-to-date: /home/smith/ros2_learning/install/ros2_learning_msg/share/ros2_learning_msg/local_setup.zsh
-- Up-to-date: /home/smith/ros2_learning/install/ros2_learning_msg/share/ros2_learning_msg/local_setup.dsv
-- Installing: /home/smith/ros2_learning/install/ros2_learning_msg/share/ros2_learning_msg/package.dsv
-- Up-to-date: /home/smith/ros2_learning/install/ros2_learning_msg/share/ament_index/resource_index/packages/ros2_learning_msg
-- Up-to-date: /home/smith/ros2_learning/install/ros2_learning_msg/share/ros2_learning_msg/cmake/export_ros2_learning_msg__rosidl_generator_cExport.cmake
-- Up-to-date: /home/smith/ros2_learning/install/ros2_learning_msg/share/ros2_learning_msg/cmake/export_ros2_learning_msg__rosidl_generator_cExport-noconfig.cmake
-- Up-to-date: /home/smith/ros2_learning/install/ros2_learning_msg/share/ros2_learning_msg/cmake/export_ros2_learning_msg__rosidl_typesupport_fastrtps_cExport.cmake
-- Up-to-date: /home/smith/ros2_learning/install/ros2_learning_msg/share/ros2_learning_msg/cmake/export_ros2_learning_msg__rosidl_typesupport_fastrtps_cExport-noconfig.cmake
-- Up-to-date: /home/smith/ros2_learning/install/ros2_learning_msg/share/ros2_learning_msg/cmake/export_ros2_learning_msg__rosidl_generator_cppExport.cmake
-- Up-to-date: /home/smith/ros2_learning/install/ros2_learning_msg/share/ros2_learning_msg/cmake/export_ros2_learning_msg__rosidl_typesupport_fastrtps_cppExport.cmake
-- Up-to-date: /home/smith/ros2_learning/install/ros2_learning_msg/share/ros2_learning_msg/cmake/export_ros2_learning_msg__rosidl_typesupport_fastrtps_cppExport-noconfig.cmake
-- Up-to-date: /home/smith/ros2_learning/install/ros2_learning_msg/share/ros2_learning_msg/cmake/ros2_learning_msg__rosidl_typesupport_introspection_cExport.cmake
-- Up-to-date: /home/smith/ros2_learning/install/ros2_learning_msg/share/ros2_learning_msg/cmake/ros2_learning_msg__rosidl_typesupport_introspection_cExport-noconfig.cmake
-- Up-to-date: /home/smith/ros2_learning/install/ros2_learning_msg/share/ros2_learning_msg/cmake/ros2_learning_msg__rosidl_typesupport_cExport.cmake
-- Up-to-date: /home/smith/ros2_learning/install/ros2_learning_msg/share/ros2_learning_msg/cmake/ros2_learning_msg__rosidl_typesupport_cExport-noconfig.cmake
-- Up-to-date: /home/smith/ros2_learning/install/ros2_learning_msg/share/ros2_learning_msg/cmake/ros2_learning_msg__rosidl_typesupport_introspection_cppExport.cmake
-- Up-to-date: /home/smith/ros2_learning/install/ros2_learning_msg/share/ros2_learning_msg/cmake/ros2_learning_msg__rosidl_typesupport_introspection_cppExport-noconfig.cmake
-- Up-to-date: /home/smith/ros2_learning/install/ros2_learning_msg/share/ros2_learning_msg/cmake/ros2_learning_msg__rosidl_typesupport_cppExport.cmake
-- Up-to-date: /home/smith/ros2_learning/install/ros2_learning_msg/share/ros2_learning_msg/cmake/ros2_learning_msg__rosidl_typesupport_cppExport-noconfig.cmake
-- Up-to-date: /home/smith/ros2_learning/install/ros2_learning_msg/share/ros2_learning_msg/cmake/export_ros2_learning_msg__rosidl_generator_pyExport.cmake
-- Up-to-date: /home/smith/ros2_learning/install/ros2_learning_msg/share/ros2_learning_msg/cmake/export_ros2_learning_msg__rosidl_generator_pyExport-noconfig.cmake
-- Up-to-date: /home/smith/ros2_learning/install/ros2_learning_msg/share/ros2_learning_msg/cmake/rosidl_cmake-extras.cmake
-- Up-to-date: /home/smith/ros2_learning/install/ros2_learning_msg/share/ros2_learning_msg/cmake/ament_cmake_export_dependencies-extras.cmake
-- Up-to-date: /home/smith/ros2_learning/install/ros2_learning_msg/share/ros2_learning_msg/cmake/ament_cmake_export_include_directories-extras.cmake
-- Up-to-date: /home/smith/ros2_learning/install/ros2_learning_msg/share/ros2_learning_msg/cmake/ament_cmake_export_libraries-extras.cmake
-- Up-to-date: /home/smith/ros2_learning/install/ros2_learning_msg/share/ros2_learning_msg/cmake/ament_cmake_export_targets-extras.cmake
-- Up-to-date: /home/smith/ros2_learning/install/ros2_learning_msg/share/ros2_learning_msg/cmake/rosidl_cmake_export_typesupport_targets-extras.cmake
-- Up-to-date: /home/smith/ros2_learning/install/ros2_learning_msg/share/ros2_learning_msg/cmake/rosidl_cmake_export_typesupport_libraries-extras.cmake
-- Up-to-date: /home/smith/ros2_learning/install/ros2_learning_msg/share/ros2_learning_msg/cmake/ros2_learning_msgConfig.cmake
-- Up-to-date: /home/smith/ros2_learning/install/ros2_learning_msg/share/ros2_learning_msg/cmake/ros2_learning_msgConfig-version.cmake
-- Up-to-date: /home/smith/ros2_learning/install/ros2_learning_msg/share/ros2_learning_msg/package.xml
