[0.010s] Invoking command in '/home/smith/ros2_learning/build/ros2_learning_msg': CMAKE_PREFIX_PATH=${CMAKE_PREFIX_PATH}:/opt/ros/humble /home/smith/.local/bin/cmake --build /home/smith/ros2_learning/build/ros2_learning_msg -- -j8 -l8
[0.050s] [  1%] Built target ros2_learning_msg__cpp
[0.053s] [ 12%] Built target ros2_learning_msg__rosidl_generator_c
[0.053s] [ 12%] Built target ament_cmake_python_copy_ros2_learning_msg
[0.067s] [ 23%] Built target ros2_learning_msg__rosidl_typesupport_c
[0.067s] [ 34%] Built target ros2_learning_msg__rosidl_typesupport_introspection_c
[0.067s] [ 45%] Built target ros2_learning_msg__rosidl_typesupport_introspection_cpp
[0.067s] [ 56%] Built target ros2_learning_msg__rosidl_typesupport_cpp
[0.069s] [ 67%] Built target ros2_learning_msg__rosidl_typesupport_fastrtps_cpp
[0.070s] [ 78%] Built target ros2_learning_msg__rosidl_typesupport_fastrtps_c
[0.078s] [ 78%] Built target ros2_learning_msg
[0.087s] [ 80%] Built target ros2_learning_msg__py
[0.098s] [ 89%] Built target ros2_learning_msg__rosidl_generator_py
[0.109s] [ 92%] Built target ros2_learning_msg__rosidl_typesupport_c__pyext
[0.109s] [ 96%] Built target ros2_learning_msg__rosidl_typesupport_introspection_c__pyext
[0.109s] [100%] Built target ros2_learning_msg__rosidl_typesupport_fastrtps_c__pyext
[0.266s] running egg_info
[0.286s] writing ros2_learning_msg.egg-info/PKG-INFO
[0.286s] writing dependency_links to ros2_learning_msg.egg-info/dependency_links.txt
[0.286s] writing top-level names to ros2_learning_msg.egg-info/top_level.txt
[0.345s] reading manifest file 'ros2_learning_msg.egg-info/SOURCES.txt'
[0.345s] writing manifest file 'ros2_learning_msg.egg-info/SOURCES.txt'
[0.365s] [100%] Built target ament_cmake_python_build_ros2_learning_msg_egg
[0.373s] Invoked command in '/home/smith/ros2_learning/build/ros2_learning_msg' returned '0': CMAKE_PREFIX_PATH=${CMAKE_PREFIX_PATH}:/opt/ros/humble /home/smith/.local/bin/cmake --build /home/smith/ros2_learning/build/ros2_learning_msg -- -j8 -l8
[0.400s] Invoking command in '/home/smith/ros2_learning/build/ros2_learning_msg': CMAKE_PREFIX_PATH=${CMAKE_PREFIX_PATH}:/opt/ros/humble /home/smith/.local/bin/cmake --install /home/smith/ros2_learning/build/ros2_learning_msg
[0.424s] -- Install configuration: ""
[0.424s] -- Up-to-date: /home/smith/ros2_learning/install/ros2_learning_msg/share/ament_index/resource_index/rosidl_interfaces/ros2_learning_msg
[0.424s] -- Up-to-date: /home/smith/ros2_learning/install/ros2_learning_msg/include/ros2_learning_msg/ros2_learning_msg
[0.424s] -- Up-to-date: /home/smith/ros2_learning/install/ros2_learning_msg/include/ros2_learning_msg/ros2_learning_msg/srv
[0.424s] -- Up-to-date: /home/smith/ros2_learning/install/ros2_learning_msg/include/ros2_learning_msg/ros2_learning_msg/srv/set_command.h
[0.424s] -- Up-to-date: /home/smith/ros2_learning/install/ros2_learning_msg/include/ros2_learning_msg/ros2_learning_msg/srv/get_status.h
[0.424s] -- Up-to-date: /home/smith/ros2_learning/install/ros2_learning_msg/include/ros2_learning_msg/ros2_learning_msg/srv/detail
[0.424s] -- Up-to-date: /home/smith/ros2_learning/install/ros2_learning_msg/include/ros2_learning_msg/ros2_learning_msg/srv/detail/set_command__type_support.h
[0.424s] -- Up-to-date: /home/smith/ros2_learning/install/ros2_learning_msg/include/ros2_learning_msg/ros2_learning_msg/srv/detail/get_status__type_support.h
[0.424s] -- Up-to-date: /home/smith/ros2_learning/install/ros2_learning_msg/include/ros2_learning_msg/ros2_learning_msg/srv/detail/get_status__struct.h
[0.424s] -- Up-to-date: /home/smith/ros2_learning/install/ros2_learning_msg/include/ros2_learning_msg/ros2_learning_msg/srv/detail/set_command__functions.h
[0.424s] -- Up-to-date: /home/smith/ros2_learning/install/ros2_learning_msg/include/ros2_learning_msg/ros2_learning_msg/srv/detail/set_command__struct.h
[0.425s] -- Up-to-date: /home/smith/ros2_learning/install/ros2_learning_msg/include/ros2_learning_msg/ros2_learning_msg/srv/detail/set_command__functions.c
[0.425s] -- Up-to-date: /home/smith/ros2_learning/install/ros2_learning_msg/include/ros2_learning_msg/ros2_learning_msg/srv/detail/get_status__functions.h
[0.425s] -- Up-to-date: /home/smith/ros2_learning/install/ros2_learning_msg/include/ros2_learning_msg/ros2_learning_msg/srv/detail/get_status__functions.c
[0.425s] -- Up-to-date: /home/smith/ros2_learning/install/ros2_learning_msg/include/ros2_learning_msg/ros2_learning_msg/msg
[0.425s] -- Up-to-date: /home/smith/ros2_learning/install/ros2_learning_msg/include/ros2_learning_msg/ros2_learning_msg/msg/rosidl_generator_c__visibility_control.h
[0.425s] -- Up-to-date: /home/smith/ros2_learning/install/ros2_learning_msg/include/ros2_learning_msg/ros2_learning_msg/msg/robot_status.h
[0.425s] -- Up-to-date: /home/smith/ros2_learning/install/ros2_learning_msg/include/ros2_learning_msg/ros2_learning_msg/msg/sensor_data.h
[0.425s] -- Up-to-date: /home/smith/ros2_learning/install/ros2_learning_msg/include/ros2_learning_msg/ros2_learning_msg/msg/detail
[0.425s] -- Up-to-date: /home/smith/ros2_learning/install/ros2_learning_msg/include/ros2_learning_msg/ros2_learning_msg/msg/detail/sensor_data__functions.h
[0.425s] -- Up-to-date: /home/smith/ros2_learning/install/ros2_learning_msg/include/ros2_learning_msg/ros2_learning_msg/msg/detail/sensor_data__struct.h
[0.425s] -- Up-to-date: /home/smith/ros2_learning/install/ros2_learning_msg/include/ros2_learning_msg/ros2_learning_msg/msg/detail/robot_status__type_support.h
[0.425s] -- Up-to-date: /home/smith/ros2_learning/install/ros2_learning_msg/include/ros2_learning_msg/ros2_learning_msg/msg/detail/sensor_data__functions.c
[0.425s] -- Up-to-date: /home/smith/ros2_learning/install/ros2_learning_msg/include/ros2_learning_msg/ros2_learning_msg/msg/detail/robot_status__functions.h
[0.425s] -- Up-to-date: /home/smith/ros2_learning/install/ros2_learning_msg/include/ros2_learning_msg/ros2_learning_msg/msg/detail/robot_status__struct.h
[0.425s] -- Up-to-date: /home/smith/ros2_learning/install/ros2_learning_msg/include/ros2_learning_msg/ros2_learning_msg/msg/detail/robot_status__functions.c
[0.426s] -- Up-to-date: /home/smith/ros2_learning/install/ros2_learning_msg/include/ros2_learning_msg/ros2_learning_msg/msg/detail/sensor_data__type_support.h
[0.426s] -- Up-to-date: /home/smith/ros2_learning/install/ros2_learning_msg/share/ros2_learning_msg/environment/library_path.sh
[0.426s] -- Up-to-date: /home/smith/ros2_learning/install/ros2_learning_msg/share/ros2_learning_msg/environment/library_path.dsv
[0.426s] -- Up-to-date: /home/smith/ros2_learning/install/ros2_learning_msg/lib/libros2_learning_msg__rosidl_generator_c.so
[0.426s] -- Up-to-date: /home/smith/ros2_learning/install/ros2_learning_msg/include/ros2_learning_msg/ros2_learning_msg
[0.426s] -- Up-to-date: /home/smith/ros2_learning/install/ros2_learning_msg/include/ros2_learning_msg/ros2_learning_msg/srv
[0.426s] -- Up-to-date: /home/smith/ros2_learning/install/ros2_learning_msg/include/ros2_learning_msg/ros2_learning_msg/srv/detail
[0.426s] -- Up-to-date: /home/smith/ros2_learning/install/ros2_learning_msg/include/ros2_learning_msg/ros2_learning_msg/srv/detail/set_command__rosidl_typesupport_fastrtps_c.h
[0.426s] -- Up-to-date: /home/smith/ros2_learning/install/ros2_learning_msg/include/ros2_learning_msg/ros2_learning_msg/srv/detail/get_status__rosidl_typesupport_fastrtps_c.h
[0.426s] -- Up-to-date: /home/smith/ros2_learning/install/ros2_learning_msg/include/ros2_learning_msg/ros2_learning_msg/msg
[0.426s] -- Up-to-date: /home/smith/ros2_learning/install/ros2_learning_msg/include/ros2_learning_msg/ros2_learning_msg/msg/detail
[0.426s] -- Up-to-date: /home/smith/ros2_learning/install/ros2_learning_msg/include/ros2_learning_msg/ros2_learning_msg/msg/detail/sensor_data__rosidl_typesupport_fastrtps_c.h
[0.426s] -- Up-to-date: /home/smith/ros2_learning/install/ros2_learning_msg/include/ros2_learning_msg/ros2_learning_msg/msg/detail/robot_status__rosidl_typesupport_fastrtps_c.h
[0.426s] -- Up-to-date: /home/smith/ros2_learning/install/ros2_learning_msg/include/ros2_learning_msg/ros2_learning_msg/msg/rosidl_typesupport_fastrtps_c__visibility_control.h
[0.426s] -- Up-to-date: /home/smith/ros2_learning/install/ros2_learning_msg/lib/libros2_learning_msg__rosidl_typesupport_fastrtps_c.so
[0.426s] -- Up-to-date: /home/smith/ros2_learning/install/ros2_learning_msg/include/ros2_learning_msg/ros2_learning_msg
[0.426s] -- Up-to-date: /home/smith/ros2_learning/install/ros2_learning_msg/include/ros2_learning_msg/ros2_learning_msg/srv
[0.426s] -- Up-to-date: /home/smith/ros2_learning/install/ros2_learning_msg/include/ros2_learning_msg/ros2_learning_msg/srv/set_command.hpp
[0.426s] -- Up-to-date: /home/smith/ros2_learning/install/ros2_learning_msg/include/ros2_learning_msg/ros2_learning_msg/srv/get_status.hpp
[0.426s] -- Up-to-date: /home/smith/ros2_learning/install/ros2_learning_msg/include/ros2_learning_msg/ros2_learning_msg/srv/detail
[0.426s] -- Up-to-date: /home/smith/ros2_learning/install/ros2_learning_msg/include/ros2_learning_msg/ros2_learning_msg/srv/detail/get_status__builder.hpp
[0.426s] -- Up-to-date: /home/smith/ros2_learning/install/ros2_learning_msg/include/ros2_learning_msg/ros2_learning_msg/srv/detail/get_status__traits.hpp
[0.426s] -- Up-to-date: /home/smith/ros2_learning/install/ros2_learning_msg/include/ros2_learning_msg/ros2_learning_msg/srv/detail/get_status__type_support.hpp
[0.426s] -- Up-to-date: /home/smith/ros2_learning/install/ros2_learning_msg/include/ros2_learning_msg/ros2_learning_msg/srv/detail/set_command__traits.hpp
[0.427s] -- Up-to-date: /home/smith/ros2_learning/install/ros2_learning_msg/include/ros2_learning_msg/ros2_learning_msg/srv/detail/set_command__builder.hpp
[0.427s] -- Up-to-date: /home/smith/ros2_learning/install/ros2_learning_msg/include/ros2_learning_msg/ros2_learning_msg/srv/detail/set_command__type_support.hpp
[0.427s] -- Up-to-date: /home/smith/ros2_learning/install/ros2_learning_msg/include/ros2_learning_msg/ros2_learning_msg/srv/detail/set_command__struct.hpp
[0.427s] -- Up-to-date: /home/smith/ros2_learning/install/ros2_learning_msg/include/ros2_learning_msg/ros2_learning_msg/srv/detail/get_status__struct.hpp
[0.427s] -- Up-to-date: /home/smith/ros2_learning/install/ros2_learning_msg/include/ros2_learning_msg/ros2_learning_msg/msg
[0.427s] -- Up-to-date: /home/smith/ros2_learning/install/ros2_learning_msg/include/ros2_learning_msg/ros2_learning_msg/msg/rosidl_generator_cpp__visibility_control.hpp
[0.427s] -- Up-to-date: /home/smith/ros2_learning/install/ros2_learning_msg/include/ros2_learning_msg/ros2_learning_msg/msg/sensor_data.hpp
[0.427s] -- Up-to-date: /home/smith/ros2_learning/install/ros2_learning_msg/include/ros2_learning_msg/ros2_learning_msg/msg/detail
[0.427s] -- Up-to-date: /home/smith/ros2_learning/install/ros2_learning_msg/include/ros2_learning_msg/ros2_learning_msg/msg/detail/robot_status__struct.hpp
[0.427s] -- Up-to-date: /home/smith/ros2_learning/install/ros2_learning_msg/include/ros2_learning_msg/ros2_learning_msg/msg/detail/sensor_data__struct.hpp
[0.427s] -- Up-to-date: /home/smith/ros2_learning/install/ros2_learning_msg/include/ros2_learning_msg/ros2_learning_msg/msg/detail/robot_status__builder.hpp
[0.427s] -- Up-to-date: /home/smith/ros2_learning/install/ros2_learning_msg/include/ros2_learning_msg/ros2_learning_msg/msg/detail/sensor_data__traits.hpp
[0.427s] -- Up-to-date: /home/smith/ros2_learning/install/ros2_learning_msg/include/ros2_learning_msg/ros2_learning_msg/msg/detail/robot_status__traits.hpp
[0.427s] -- Up-to-date: /home/smith/ros2_learning/install/ros2_learning_msg/include/ros2_learning_msg/ros2_learning_msg/msg/detail/sensor_data__type_support.hpp
[0.427s] -- Up-to-date: /home/smith/ros2_learning/install/ros2_learning_msg/include/ros2_learning_msg/ros2_learning_msg/msg/detail/robot_status__type_support.hpp
[0.427s] -- Up-to-date: /home/smith/ros2_learning/install/ros2_learning_msg/include/ros2_learning_msg/ros2_learning_msg/msg/detail/sensor_data__builder.hpp
[0.427s] -- Up-to-date: /home/smith/ros2_learning/install/ros2_learning_msg/include/ros2_learning_msg/ros2_learning_msg/msg/robot_status.hpp
[0.427s] -- Up-to-date: /home/smith/ros2_learning/install/ros2_learning_msg/include/ros2_learning_msg/ros2_learning_msg
[0.428s] -- Up-to-date: /home/smith/ros2_learning/install/ros2_learning_msg/include/ros2_learning_msg/ros2_learning_msg/srv
[0.428s] -- Up-to-date: /home/smith/ros2_learning/install/ros2_learning_msg/include/ros2_learning_msg/ros2_learning_msg/srv/detail
[0.428s] -- Up-to-date: /home/smith/ros2_learning/install/ros2_learning_msg/include/ros2_learning_msg/ros2_learning_msg/srv/detail/set_command__rosidl_typesupport_fastrtps_cpp.hpp
[0.428s] -- Up-to-date: /home/smith/ros2_learning/install/ros2_learning_msg/include/ros2_learning_msg/ros2_learning_msg/srv/detail/dds_fastrtps
[0.428s] -- Up-to-date: /home/smith/ros2_learning/install/ros2_learning_msg/include/ros2_learning_msg/ros2_learning_msg/srv/detail/get_status__rosidl_typesupport_fastrtps_cpp.hpp
[0.428s] -- Up-to-date: /home/smith/ros2_learning/install/ros2_learning_msg/include/ros2_learning_msg/ros2_learning_msg/msg
[0.428s] -- Up-to-date: /home/smith/ros2_learning/install/ros2_learning_msg/include/ros2_learning_msg/ros2_learning_msg/msg/rosidl_typesupport_fastrtps_cpp__visibility_control.h
[0.428s] -- Up-to-date: /home/smith/ros2_learning/install/ros2_learning_msg/include/ros2_learning_msg/ros2_learning_msg/msg/detail
[0.428s] -- Up-to-date: /home/smith/ros2_learning/install/ros2_learning_msg/include/ros2_learning_msg/ros2_learning_msg/msg/detail/dds_fastrtps
[0.428s] -- Up-to-date: /home/smith/ros2_learning/install/ros2_learning_msg/include/ros2_learning_msg/ros2_learning_msg/msg/detail/robot_status__rosidl_typesupport_fastrtps_cpp.hpp
[0.428s] -- Up-to-date: /home/smith/ros2_learning/install/ros2_learning_msg/include/ros2_learning_msg/ros2_learning_msg/msg/detail/sensor_data__rosidl_typesupport_fastrtps_cpp.hpp
[0.428s] -- Up-to-date: /home/smith/ros2_learning/install/ros2_learning_msg/lib/libros2_learning_msg__rosidl_typesupport_fastrtps_cpp.so
[0.428s] -- Up-to-date: /home/smith/ros2_learning/install/ros2_learning_msg/include/ros2_learning_msg/ros2_learning_msg
[0.428s] -- Up-to-date: /home/smith/ros2_learning/install/ros2_learning_msg/include/ros2_learning_msg/ros2_learning_msg/srv
[0.428s] -- Up-to-date: /home/smith/ros2_learning/install/ros2_learning_msg/include/ros2_learning_msg/ros2_learning_msg/srv/detail
[0.428s] -- Up-to-date: /home/smith/ros2_learning/install/ros2_learning_msg/include/ros2_learning_msg/ros2_learning_msg/srv/detail/set_command__type_support.c
[0.428s] -- Up-to-date: /home/smith/ros2_learning/install/ros2_learning_msg/include/ros2_learning_msg/ros2_learning_msg/srv/detail/get_status__type_support.c
[0.428s] -- Up-to-date: /home/smith/ros2_learning/install/ros2_learning_msg/include/ros2_learning_msg/ros2_learning_msg/srv/detail/get_status__rosidl_typesupport_introspection_c.h
[0.428s] -- Up-to-date: /home/smith/ros2_learning/install/ros2_learning_msg/include/ros2_learning_msg/ros2_learning_msg/srv/detail/set_command__rosidl_typesupport_introspection_c.h
[0.429s] -- Up-to-date: /home/smith/ros2_learning/install/ros2_learning_msg/include/ros2_learning_msg/ros2_learning_msg/msg
[0.429s] -- Up-to-date: /home/smith/ros2_learning/install/ros2_learning_msg/include/ros2_learning_msg/ros2_learning_msg/msg/detail
[0.429s] -- Up-to-date: /home/smith/ros2_learning/install/ros2_learning_msg/include/ros2_learning_msg/ros2_learning_msg/msg/detail/robot_status__rosidl_typesupport_introspection_c.h
[0.429s] -- Up-to-date: /home/smith/ros2_learning/install/ros2_learning_msg/include/ros2_learning_msg/ros2_learning_msg/msg/detail/robot_status__type_support.c
[0.429s] -- Up-to-date: /home/smith/ros2_learning/install/ros2_learning_msg/include/ros2_learning_msg/ros2_learning_msg/msg/detail/sensor_data__type_support.c
[0.429s] -- Up-to-date: /home/smith/ros2_learning/install/ros2_learning_msg/include/ros2_learning_msg/ros2_learning_msg/msg/detail/sensor_data__rosidl_typesupport_introspection_c.h
[0.429s] -- Up-to-date: /home/smith/ros2_learning/install/ros2_learning_msg/include/ros2_learning_msg/ros2_learning_msg/msg/rosidl_typesupport_introspection_c__visibility_control.h
[0.429s] -- Up-to-date: /home/smith/ros2_learning/install/ros2_learning_msg/lib/libros2_learning_msg__rosidl_typesupport_introspection_c.so
[0.429s] -- Up-to-date: /home/smith/ros2_learning/install/ros2_learning_msg/lib/libros2_learning_msg__rosidl_typesupport_c.so
[0.429s] -- Up-to-date: /home/smith/ros2_learning/install/ros2_learning_msg/include/ros2_learning_msg/ros2_learning_msg
[0.429s] -- Up-to-date: /home/smith/ros2_learning/install/ros2_learning_msg/include/ros2_learning_msg/ros2_learning_msg/srv
[0.429s] -- Up-to-date: /home/smith/ros2_learning/install/ros2_learning_msg/include/ros2_learning_msg/ros2_learning_msg/srv/detail
[0.429s] -- Up-to-date: /home/smith/ros2_learning/install/ros2_learning_msg/include/ros2_learning_msg/ros2_learning_msg/srv/detail/set_command__rosidl_typesupport_introspection_cpp.hpp
[0.429s] -- Up-to-date: /home/smith/ros2_learning/install/ros2_learning_msg/include/ros2_learning_msg/ros2_learning_msg/srv/detail/get_status__type_support.cpp
[0.429s] -- Up-to-date: /home/smith/ros2_learning/install/ros2_learning_msg/include/ros2_learning_msg/ros2_learning_msg/srv/detail/get_status__rosidl_typesupport_introspection_cpp.hpp
[0.429s] -- Up-to-date: /home/smith/ros2_learning/install/ros2_learning_msg/include/ros2_learning_msg/ros2_learning_msg/srv/detail/set_command__type_support.cpp
[0.429s] -- Up-to-date: /home/smith/ros2_learning/install/ros2_learning_msg/include/ros2_learning_msg/ros2_learning_msg/msg
[0.429s] -- Up-to-date: /home/smith/ros2_learning/install/ros2_learning_msg/include/ros2_learning_msg/ros2_learning_msg/msg/detail
[0.429s] -- Up-to-date: /home/smith/ros2_learning/install/ros2_learning_msg/include/ros2_learning_msg/ros2_learning_msg/msg/detail/sensor_data__rosidl_typesupport_introspection_cpp.hpp
[0.429s] -- Up-to-date: /home/smith/ros2_learning/install/ros2_learning_msg/include/ros2_learning_msg/ros2_learning_msg/msg/detail/sensor_data__type_support.cpp
[0.429s] -- Up-to-date: /home/smith/ros2_learning/install/ros2_learning_msg/include/ros2_learning_msg/ros2_learning_msg/msg/detail/robot_status__rosidl_typesupport_introspection_cpp.hpp
[0.429s] -- Up-to-date: /home/smith/ros2_learning/install/ros2_learning_msg/include/ros2_learning_msg/ros2_learning_msg/msg/detail/robot_status__type_support.cpp
[0.429s] -- Up-to-date: /home/smith/ros2_learning/install/ros2_learning_msg/lib/libros2_learning_msg__rosidl_typesupport_introspection_cpp.so
[0.429s] -- Up-to-date: /home/smith/ros2_learning/install/ros2_learning_msg/lib/libros2_learning_msg__rosidl_typesupport_cpp.so
[0.429s] -- Up-to-date: /home/smith/ros2_learning/install/ros2_learning_msg/share/ros2_learning_msg/environment/pythonpath.sh
[0.429s] -- Up-to-date: /home/smith/ros2_learning/install/ros2_learning_msg/share/ros2_learning_msg/environment/pythonpath.dsv
[0.429s] -- Up-to-date: /home/smith/ros2_learning/install/ros2_learning_msg/local/lib/python3.10/dist-packages/ros2_learning_msg-0.1.0-py3.10.egg-info
[0.429s] -- Installing: /home/smith/ros2_learning/install/ros2_learning_msg/local/lib/python3.10/dist-packages/ros2_learning_msg-0.1.0-py3.10.egg-info/dependency_links.txt
[0.430s] -- Installing: /home/smith/ros2_learning/install/ros2_learning_msg/local/lib/python3.10/dist-packages/ros2_learning_msg-0.1.0-py3.10.egg-info/PKG-INFO
[0.430s] -- Installing: /home/smith/ros2_learning/install/ros2_learning_msg/local/lib/python3.10/dist-packages/ros2_learning_msg-0.1.0-py3.10.egg-info/top_level.txt
[0.430s] -- Installing: /home/smith/ros2_learning/install/ros2_learning_msg/local/lib/python3.10/dist-packages/ros2_learning_msg-0.1.0-py3.10.egg-info/SOURCES.txt
[0.430s] -- Up-to-date: /home/smith/ros2_learning/install/ros2_learning_msg/local/lib/python3.10/dist-packages/ros2_learning_msg
[0.430s] -- Up-to-date: /home/smith/ros2_learning/install/ros2_learning_msg/local/lib/python3.10/dist-packages/ros2_learning_msg/_ros2_learning_msg_s.ep.rosidl_typesupport_fastrtps_c.c
[0.430s] -- Up-to-date: /home/smith/ros2_learning/install/ros2_learning_msg/local/lib/python3.10/dist-packages/ros2_learning_msg/_ros2_learning_msg_s.ep.rosidl_typesupport_introspection_c.c
[0.430s] -- Up-to-date: /home/smith/ros2_learning/install/ros2_learning_msg/local/lib/python3.10/dist-packages/ros2_learning_msg/ros2_learning_msg_s__rosidl_typesupport_fastrtps_c.cpython-310-x86_64-linux-gnu.so
[0.430s] -- Up-to-date: /home/smith/ros2_learning/install/ros2_learning_msg/local/lib/python3.10/dist-packages/ros2_learning_msg/__init__.py
[0.430s] -- Up-to-date: /home/smith/ros2_learning/install/ros2_learning_msg/local/lib/python3.10/dist-packages/ros2_learning_msg/libros2_learning_msg__rosidl_generator_py.so
[0.430s] -- Up-to-date: /home/smith/ros2_learning/install/ros2_learning_msg/local/lib/python3.10/dist-packages/ros2_learning_msg/ros2_learning_msg_s__rosidl_typesupport_introspection_c.cpython-310-x86_64-linux-gnu.so
[0.430s] -- Up-to-date: /home/smith/ros2_learning/install/ros2_learning_msg/local/lib/python3.10/dist-packages/ros2_learning_msg/_ros2_learning_msg_s.ep.rosidl_typesupport_c.c
[0.430s] -- Up-to-date: /home/smith/ros2_learning/install/ros2_learning_msg/local/lib/python3.10/dist-packages/ros2_learning_msg/srv
[0.430s] -- Up-to-date: /home/smith/ros2_learning/install/ros2_learning_msg/local/lib/python3.10/dist-packages/ros2_learning_msg/srv/_get_status.py
[0.430s] -- Up-to-date: /home/smith/ros2_learning/install/ros2_learning_msg/local/lib/python3.10/dist-packages/ros2_learning_msg/srv/_set_command.py
[0.430s] -- Up-to-date: /home/smith/ros2_learning/install/ros2_learning_msg/local/lib/python3.10/dist-packages/ros2_learning_msg/srv/__init__.py
[0.430s] -- Up-to-date: /home/smith/ros2_learning/install/ros2_learning_msg/local/lib/python3.10/dist-packages/ros2_learning_msg/srv/_get_status_s.c
[0.430s] -- Up-to-date: /home/smith/ros2_learning/install/ros2_learning_msg/local/lib/python3.10/dist-packages/ros2_learning_msg/srv/_set_command_s.c
[0.430s] -- Up-to-date: /home/smith/ros2_learning/install/ros2_learning_msg/local/lib/python3.10/dist-packages/ros2_learning_msg/ros2_learning_msg_s__rosidl_typesupport_c.cpython-310-x86_64-linux-gnu.so
[0.430s] -- Up-to-date: /home/smith/ros2_learning/install/ros2_learning_msg/local/lib/python3.10/dist-packages/ros2_learning_msg/msg
[0.430s] -- Up-to-date: /home/smith/ros2_learning/install/ros2_learning_msg/local/lib/python3.10/dist-packages/ros2_learning_msg/msg/__init__.py
[0.430s] -- Up-to-date: /home/smith/ros2_learning/install/ros2_learning_msg/local/lib/python3.10/dist-packages/ros2_learning_msg/msg/_robot_status_s.c
[0.430s] -- Up-to-date: /home/smith/ros2_learning/install/ros2_learning_msg/local/lib/python3.10/dist-packages/ros2_learning_msg/msg/_robot_status.py
[0.430s] -- Up-to-date: /home/smith/ros2_learning/install/ros2_learning_msg/local/lib/python3.10/dist-packages/ros2_learning_msg/msg/_sensor_data.py
[0.430s] -- Up-to-date: /home/smith/ros2_learning/install/ros2_learning_msg/local/lib/python3.10/dist-packages/ros2_learning_msg/msg/_sensor_data_s.c
[0.455s] Listing '/home/smith/ros2_learning/install/ros2_learning_msg/local/lib/python3.10/dist-packages/ros2_learning_msg'...
[0.455s] Listing '/home/smith/ros2_learning/install/ros2_learning_msg/local/lib/python3.10/dist-packages/ros2_learning_msg/msg'...
[0.455s] Listing '/home/smith/ros2_learning/install/ros2_learning_msg/local/lib/python3.10/dist-packages/ros2_learning_msg/srv'...
[0.458s] -- Up-to-date: /home/smith/ros2_learning/install/ros2_learning_msg/local/lib/python3.10/dist-packages/ros2_learning_msg/ros2_learning_msg_s__rosidl_typesupport_fastrtps_c.cpython-310-x86_64-linux-gnu.so
[0.458s] -- Up-to-date: /home/smith/ros2_learning/install/ros2_learning_msg/local/lib/python3.10/dist-packages/ros2_learning_msg/ros2_learning_msg_s__rosidl_typesupport_introspection_c.cpython-310-x86_64-linux-gnu.so
[0.458s] -- Up-to-date: /home/smith/ros2_learning/install/ros2_learning_msg/local/lib/python3.10/dist-packages/ros2_learning_msg/ros2_learning_msg_s__rosidl_typesupport_c.cpython-310-x86_64-linux-gnu.so
[0.458s] -- Up-to-date: /home/smith/ros2_learning/install/ros2_learning_msg/lib/libros2_learning_msg__rosidl_generator_py.so
[0.459s] -- Up-to-date: /home/smith/ros2_learning/install/ros2_learning_msg/share/ros2_learning_msg/msg/RobotStatus.idl
[0.459s] -- Up-to-date: /home/smith/ros2_learning/install/ros2_learning_msg/share/ros2_learning_msg/msg/SensorData.idl
[0.459s] -- Up-to-date: /home/smith/ros2_learning/install/ros2_learning_msg/share/ros2_learning_msg/srv/GetStatus.idl
[0.459s] -- Up-to-date: /home/smith/ros2_learning/install/ros2_learning_msg/share/ros2_learning_msg/srv/SetCommand.idl
[0.459s] -- Up-to-date: /home/smith/ros2_learning/install/ros2_learning_msg/share/ros2_learning_msg/msg/RobotStatus.msg
[0.459s] -- Up-to-date: /home/smith/ros2_learning/install/ros2_learning_msg/share/ros2_learning_msg/msg/SensorData.msg
[0.459s] -- Up-to-date: /home/smith/ros2_learning/install/ros2_learning_msg/share/ros2_learning_msg/srv/GetStatus.srv
[0.459s] -- Up-to-date: /home/smith/ros2_learning/install/ros2_learning_msg/share/ros2_learning_msg/srv/GetStatus_Request.msg
[0.459s] -- Up-to-date: /home/smith/ros2_learning/install/ros2_learning_msg/share/ros2_learning_msg/srv/GetStatus_Response.msg
[0.459s] -- Up-to-date: /home/smith/ros2_learning/install/ros2_learning_msg/share/ros2_learning_msg/srv/SetCommand.srv
[0.459s] -- Up-to-date: /home/smith/ros2_learning/install/ros2_learning_msg/share/ros2_learning_msg/srv/SetCommand_Request.msg
[0.459s] -- Up-to-date: /home/smith/ros2_learning/install/ros2_learning_msg/share/ros2_learning_msg/srv/SetCommand_Response.msg
[0.459s] -- Up-to-date: /home/smith/ros2_learning/install/ros2_learning_msg/lib/ros2_learning_msg/publisher_example.py
[0.459s] -- Up-to-date: /home/smith/ros2_learning/install/ros2_learning_msg/lib/ros2_learning_msg/subscriber_example.py
[0.459s] -- Up-to-date: /home/smith/ros2_learning/install/ros2_learning_msg/lib/ros2_learning_msg/service_server.py
[0.459s] -- Up-to-date: /home/smith/ros2_learning/install/ros2_learning_msg/lib/ros2_learning_msg/service_client.py
[0.459s] -- Up-to-date: /home/smith/ros2_learning/install/ros2_learning_msg/share/ament_index/resource_index/package_run_dependencies/ros2_learning_msg
[0.459s] -- Up-to-date: /home/smith/ros2_learning/install/ros2_learning_msg/share/ament_index/resource_index/parent_prefix_path/ros2_learning_msg
[0.460s] -- Up-to-date: /home/smith/ros2_learning/install/ros2_learning_msg/share/ros2_learning_msg/environment/ament_prefix_path.sh
[0.460s] -- Up-to-date: /home/smith/ros2_learning/install/ros2_learning_msg/share/ros2_learning_msg/environment/ament_prefix_path.dsv
[0.460s] -- Up-to-date: /home/smith/ros2_learning/install/ros2_learning_msg/share/ros2_learning_msg/environment/path.sh
[0.460s] -- Up-to-date: /home/smith/ros2_learning/install/ros2_learning_msg/share/ros2_learning_msg/environment/path.dsv
[0.460s] -- Up-to-date: /home/smith/ros2_learning/install/ros2_learning_msg/share/ros2_learning_msg/local_setup.bash
[0.460s] -- Up-to-date: /home/smith/ros2_learning/install/ros2_learning_msg/share/ros2_learning_msg/local_setup.sh
[0.460s] -- Up-to-date: /home/smith/ros2_learning/install/ros2_learning_msg/share/ros2_learning_msg/local_setup.zsh
[0.460s] -- Up-to-date: /home/smith/ros2_learning/install/ros2_learning_msg/share/ros2_learning_msg/local_setup.dsv
[0.460s] -- Installing: /home/smith/ros2_learning/install/ros2_learning_msg/share/ros2_learning_msg/package.dsv
[0.460s] -- Up-to-date: /home/smith/ros2_learning/install/ros2_learning_msg/share/ament_index/resource_index/packages/ros2_learning_msg
[0.460s] -- Up-to-date: /home/smith/ros2_learning/install/ros2_learning_msg/share/ros2_learning_msg/cmake/export_ros2_learning_msg__rosidl_generator_cExport.cmake
[0.460s] -- Up-to-date: /home/smith/ros2_learning/install/ros2_learning_msg/share/ros2_learning_msg/cmake/export_ros2_learning_msg__rosidl_generator_cExport-noconfig.cmake
[0.460s] -- Up-to-date: /home/smith/ros2_learning/install/ros2_learning_msg/share/ros2_learning_msg/cmake/export_ros2_learning_msg__rosidl_typesupport_fastrtps_cExport.cmake
[0.460s] -- Up-to-date: /home/smith/ros2_learning/install/ros2_learning_msg/share/ros2_learning_msg/cmake/export_ros2_learning_msg__rosidl_typesupport_fastrtps_cExport-noconfig.cmake
[0.460s] -- Up-to-date: /home/smith/ros2_learning/install/ros2_learning_msg/share/ros2_learning_msg/cmake/export_ros2_learning_msg__rosidl_generator_cppExport.cmake
[0.460s] -- Up-to-date: /home/smith/ros2_learning/install/ros2_learning_msg/share/ros2_learning_msg/cmake/export_ros2_learning_msg__rosidl_typesupport_fastrtps_cppExport.cmake
[0.460s] -- Up-to-date: /home/smith/ros2_learning/install/ros2_learning_msg/share/ros2_learning_msg/cmake/export_ros2_learning_msg__rosidl_typesupport_fastrtps_cppExport-noconfig.cmake
[0.460s] -- Up-to-date: /home/smith/ros2_learning/install/ros2_learning_msg/share/ros2_learning_msg/cmake/ros2_learning_msg__rosidl_typesupport_introspection_cExport.cmake
[0.460s] -- Up-to-date: /home/smith/ros2_learning/install/ros2_learning_msg/share/ros2_learning_msg/cmake/ros2_learning_msg__rosidl_typesupport_introspection_cExport-noconfig.cmake
[0.461s] -- Up-to-date: /home/smith/ros2_learning/install/ros2_learning_msg/share/ros2_learning_msg/cmake/ros2_learning_msg__rosidl_typesupport_cExport.cmake
[0.461s] -- Up-to-date: /home/smith/ros2_learning/install/ros2_learning_msg/share/ros2_learning_msg/cmake/ros2_learning_msg__rosidl_typesupport_cExport-noconfig.cmake
[0.461s] -- Up-to-date: /home/smith/ros2_learning/install/ros2_learning_msg/share/ros2_learning_msg/cmake/ros2_learning_msg__rosidl_typesupport_introspection_cppExport.cmake
[0.461s] -- Up-to-date: /home/smith/ros2_learning/install/ros2_learning_msg/share/ros2_learning_msg/cmake/ros2_learning_msg__rosidl_typesupport_introspection_cppExport-noconfig.cmake
[0.461s] -- Up-to-date: /home/smith/ros2_learning/install/ros2_learning_msg/share/ros2_learning_msg/cmake/ros2_learning_msg__rosidl_typesupport_cppExport.cmake
[0.461s] -- Up-to-date: /home/smith/ros2_learning/install/ros2_learning_msg/share/ros2_learning_msg/cmake/ros2_learning_msg__rosidl_typesupport_cppExport-noconfig.cmake
[0.461s] -- Up-to-date: /home/smith/ros2_learning/install/ros2_learning_msg/share/ros2_learning_msg/cmake/export_ros2_learning_msg__rosidl_generator_pyExport.cmake
[0.461s] -- Up-to-date: /home/smith/ros2_learning/install/ros2_learning_msg/share/ros2_learning_msg/cmake/export_ros2_learning_msg__rosidl_generator_pyExport-noconfig.cmake
[0.461s] -- Up-to-date: /home/smith/ros2_learning/install/ros2_learning_msg/share/ros2_learning_msg/cmake/rosidl_cmake-extras.cmake
[0.461s] -- Up-to-date: /home/smith/ros2_learning/install/ros2_learning_msg/share/ros2_learning_msg/cmake/ament_cmake_export_dependencies-extras.cmake
[0.461s] -- Up-to-date: /home/smith/ros2_learning/install/ros2_learning_msg/share/ros2_learning_msg/cmake/ament_cmake_export_include_directories-extras.cmake
[0.461s] -- Up-to-date: /home/smith/ros2_learning/install/ros2_learning_msg/share/ros2_learning_msg/cmake/ament_cmake_export_libraries-extras.cmake
[0.461s] -- Up-to-date: /home/smith/ros2_learning/install/ros2_learning_msg/share/ros2_learning_msg/cmake/ament_cmake_export_targets-extras.cmake
[0.461s] -- Up-to-date: /home/smith/ros2_learning/install/ros2_learning_msg/share/ros2_learning_msg/cmake/rosidl_cmake_export_typesupport_targets-extras.cmake
[0.461s] -- Up-to-date: /home/smith/ros2_learning/install/ros2_learning_msg/share/ros2_learning_msg/cmake/rosidl_cmake_export_typesupport_libraries-extras.cmake
[0.461s] -- Up-to-date: /home/smith/ros2_learning/install/ros2_learning_msg/share/ros2_learning_msg/cmake/ros2_learning_msgConfig.cmake
[0.461s] -- Up-to-date: /home/smith/ros2_learning/install/ros2_learning_msg/share/ros2_learning_msg/cmake/ros2_learning_msgConfig-version.cmake
[0.461s] -- Up-to-date: /home/smith/ros2_learning/install/ros2_learning_msg/share/ros2_learning_msg/package.xml
[0.465s] Invoked command in '/home/smith/ros2_learning/build/ros2_learning_msg' returned '0': CMAKE_PREFIX_PATH=${CMAKE_PREFIX_PATH}:/opt/ros/humble /home/smith/.local/bin/cmake --install /home/smith/ros2_learning/build/ros2_learning_msg
