-- Install configuration: ""
-- Up-to-date: /home/smith/ros2_learning/install/ros2_learning_gazebo/lib/ros2_learning_gazebo/gazebo_bridge_node.py
-- Up-to-date: /home/smith/ros2_learning/install/ros2_learning_gazebo/lib/ros2_learning_gazebo/model_spawner.py
-- Up-to-date: /home/smith/ros2_learning/install/ros2_learning_gazebo/lib/ros2_learning_gazebo/pose_publisher.py
-- Up-to-date: /home/smith/ros2_learning/install/ros2_learning_gazebo/lib/ros2_learning_gazebo/velocity_controller.py
-- Up-to-date: /home/smith/ros2_learning/install/ros2_learning_gazebo/lib/ros2_learning_gazebo/sensor_reader.py
-- Up-to-date: /home/smith/ros2_learning/install/ros2_learning_gazebo/share/ros2_learning_gazebo/launch
-- Up-to-date: /home/smith/ros2_learning/install/ros2_learning_gazebo/share/ros2_learning_gazebo/launch/gazebo_sim.launch.py
-- Up-to-date: /home/smith/ros2_learning/install/ros2_learning_gazebo/share/ros2_learning_gazebo/config
-- Up-to-date: /home/smith/ros2_learning/install/ros2_learning_gazebo/share/ros2_learning_gazebo/config/worlds
-- Up-to-date: /home/smith/ros2_learning/install/ros2_learning_gazebo/share/ros2_learning_gazebo/config/worlds/underwater.sdf
-- Up-to-date: /home/smith/ros2_learning/install/ros2_learning_gazebo/share/ros2_learning_gazebo/config/bridge_config.yaml
-- Up-to-date: /home/smith/ros2_learning/install/ros2_learning_gazebo/share/ament_index/resource_index/package_run_dependencies/ros2_learning_gazebo
-- Up-to-date: /home/smith/ros2_learning/install/ros2_learning_gazebo/share/ament_index/resource_index/parent_prefix_path/ros2_learning_gazebo
-- Up-to-date: /home/smith/ros2_learning/install/ros2_learning_gazebo/share/ros2_learning_gazebo/environment/ament_prefix_path.sh
-- Up-to-date: /home/smith/ros2_learning/install/ros2_learning_gazebo/share/ros2_learning_gazebo/environment/ament_prefix_path.dsv
-- Up-to-date: /home/smith/ros2_learning/install/ros2_learning_gazebo/share/ros2_learning_gazebo/environment/path.sh
-- Up-to-date: /home/smith/ros2_learning/install/ros2_learning_gazebo/share/ros2_learning_gazebo/environment/path.dsv
-- Up-to-date: /home/smith/ros2_learning/install/ros2_learning_gazebo/share/ros2_learning_gazebo/local_setup.bash
-- Up-to-date: /home/smith/ros2_learning/install/ros2_learning_gazebo/share/ros2_learning_gazebo/local_setup.sh
-- Up-to-date: /home/smith/ros2_learning/install/ros2_learning_gazebo/share/ros2_learning_gazebo/local_setup.zsh
-- Up-to-date: /home/smith/ros2_learning/install/ros2_learning_gazebo/share/ros2_learning_gazebo/local_setup.dsv
-- Up-to-date: /home/smith/ros2_learning/install/ros2_learning_gazebo/share/ros2_learning_gazebo/package.dsv
-- Up-to-date: /home/smith/ros2_learning/install/ros2_learning_gazebo/share/ament_index/resource_index/packages/ros2_learning_gazebo
-- Up-to-date: /home/smith/ros2_learning/install/ros2_learning_gazebo/share/ros2_learning_gazebo/cmake/ros2_learning_gazeboConfig.cmake
-- Up-to-date: /home/smith/ros2_learning/install/ros2_learning_gazebo/share/ros2_learning_gazebo/cmake/ros2_learning_gazeboConfig-version.cmake
-- Up-to-date: /home/smith/ros2_learning/install/ros2_learning_gazebo/share/ros2_learning_gazebo/package.xml
