[0.009s] Invoking command in '/home/smith/ros2_learning/build/ros2_learning_gazebo': CMAKE_PREFIX_PATH=/home/smith/ros2_learning/install/ros2_learning_msg:/home/smith/ros2_learning/install/ros2_learning_gazebo:/home/smith/ros2_learning/install/ros2_learning_ardusub:/home/smith/colcon_ws/install/orca_nav2:/home/smith/colcon_ws/install/orca_base:/home/smith/colcon_ws/install/orca_shared:/home/smith/colcon_ws/install/ros2_shared:/home/smith/colcon_ws/install/orca_msgs:/home/smith/colcon_ws/install/orca_description:/home/smith/colcon_ws/install/orca_bringup:/home/smith/colcon_ws/install/orb_slam2_ros:/home/smith/colcon_ws/install/bluerov2_gz:/opt/ros/humble /home/smith/.local/bin/cmake --build /home/smith/ros2_learning/build/ros2_learning_gazebo -- -j8 -l8
[0.049s] Invoked command in '/home/smith/ros2_learning/build/ros2_learning_gazebo' returned '0': CMAKE_PREFIX_PATH=/home/smith/ros2_learning/install/ros2_learning_msg:/home/smith/ros2_learning/install/ros2_learning_gazebo:/home/smith/ros2_learning/install/ros2_learning_ardusub:/home/smith/colcon_ws/install/orca_nav2:/home/smith/colcon_ws/install/orca_base:/home/smith/colcon_ws/install/orca_shared:/home/smith/colcon_ws/install/ros2_shared:/home/smith/colcon_ws/install/orca_msgs:/home/smith/colcon_ws/install/orca_description:/home/smith/colcon_ws/install/orca_bringup:/home/smith/colcon_ws/install/orb_slam2_ros:/home/smith/colcon_ws/install/bluerov2_gz:/opt/ros/humble /home/smith/.local/bin/cmake --build /home/smith/ros2_learning/build/ros2_learning_gazebo -- -j8 -l8
[0.050s] Invoking command in '/home/smith/ros2_learning/build/ros2_learning_gazebo': CMAKE_PREFIX_PATH=/home/smith/ros2_learning/install/ros2_learning_msg:/home/smith/ros2_learning/install/ros2_learning_gazebo:/home/smith/ros2_learning/install/ros2_learning_ardusub:/home/smith/colcon_ws/install/orca_nav2:/home/smith/colcon_ws/install/orca_base:/home/smith/colcon_ws/install/orca_shared:/home/smith/colcon_ws/install/ros2_shared:/home/smith/colcon_ws/install/orca_msgs:/home/smith/colcon_ws/install/orca_description:/home/smith/colcon_ws/install/orca_bringup:/home/smith/colcon_ws/install/orb_slam2_ros:/home/smith/colcon_ws/install/bluerov2_gz:/opt/ros/humble /home/smith/.local/bin/cmake --install /home/smith/ros2_learning/build/ros2_learning_gazebo
[0.074s] -- Install configuration: ""
[0.074s] -- Up-to-date: /home/smith/ros2_learning/install/ros2_learning_gazebo/lib/ros2_learning_gazebo/gazebo_bridge_node.py
[0.074s] -- Up-to-date: /home/smith/ros2_learning/install/ros2_learning_gazebo/lib/ros2_learning_gazebo/model_spawner.py
[0.074s] -- Up-to-date: /home/smith/ros2_learning/install/ros2_learning_gazebo/lib/ros2_learning_gazebo/pose_publisher.py
[0.074s] -- Up-to-date: /home/smith/ros2_learning/install/ros2_learning_gazebo/lib/ros2_learning_gazebo/velocity_controller.py
[0.074s] -- Up-to-date: /home/smith/ros2_learning/install/ros2_learning_gazebo/lib/ros2_learning_gazebo/sensor_reader.py
[0.074s] -- Up-to-date: /home/smith/ros2_learning/install/ros2_learning_gazebo/share/ros2_learning_gazebo/launch
[0.074s] -- Up-to-date: /home/smith/ros2_learning/install/ros2_learning_gazebo/share/ros2_learning_gazebo/launch/gazebo_sim.launch.py
[0.074s] -- Up-to-date: /home/smith/ros2_learning/install/ros2_learning_gazebo/share/ros2_learning_gazebo/config
[0.074s] -- Up-to-date: /home/smith/ros2_learning/install/ros2_learning_gazebo/share/ros2_learning_gazebo/config/worlds
[0.074s] -- Up-to-date: /home/smith/ros2_learning/install/ros2_learning_gazebo/share/ros2_learning_gazebo/config/worlds/underwater.sdf
[0.074s] -- Up-to-date: /home/smith/ros2_learning/install/ros2_learning_gazebo/share/ros2_learning_gazebo/config/bridge_config.yaml
[0.075s] -- Up-to-date: /home/smith/ros2_learning/install/ros2_learning_gazebo/share/ament_index/resource_index/package_run_dependencies/ros2_learning_gazebo
[0.075s] -- Up-to-date: /home/smith/ros2_learning/install/ros2_learning_gazebo/share/ament_index/resource_index/parent_prefix_path/ros2_learning_gazebo
[0.075s] -- Up-to-date: /home/smith/ros2_learning/install/ros2_learning_gazebo/share/ros2_learning_gazebo/environment/ament_prefix_path.sh
[0.075s] -- Up-to-date: /home/smith/ros2_learning/install/ros2_learning_gazebo/share/ros2_learning_gazebo/environment/ament_prefix_path.dsv
[0.075s] -- Up-to-date: /home/smith/ros2_learning/install/ros2_learning_gazebo/share/ros2_learning_gazebo/environment/path.sh
[0.075s] -- Up-to-date: /home/smith/ros2_learning/install/ros2_learning_gazebo/share/ros2_learning_gazebo/environment/path.dsv
[0.075s] -- Up-to-date: /home/smith/ros2_learning/install/ros2_learning_gazebo/share/ros2_learning_gazebo/local_setup.bash
[0.075s] -- Up-to-date: /home/smith/ros2_learning/install/ros2_learning_gazebo/share/ros2_learning_gazebo/local_setup.sh
[0.075s] -- Up-to-date: /home/smith/ros2_learning/install/ros2_learning_gazebo/share/ros2_learning_gazebo/local_setup.zsh
[0.075s] -- Up-to-date: /home/smith/ros2_learning/install/ros2_learning_gazebo/share/ros2_learning_gazebo/local_setup.dsv
[0.075s] -- Up-to-date: /home/smith/ros2_learning/install/ros2_learning_gazebo/share/ros2_learning_gazebo/package.dsv
[0.075s] -- Up-to-date: /home/smith/ros2_learning/install/ros2_learning_gazebo/share/ament_index/resource_index/packages/ros2_learning_gazebo
[0.075s] -- Up-to-date: /home/smith/ros2_learning/install/ros2_learning_gazebo/share/ros2_learning_gazebo/cmake/ros2_learning_gazeboConfig.cmake
[0.075s] -- Up-to-date: /home/smith/ros2_learning/install/ros2_learning_gazebo/share/ros2_learning_gazebo/cmake/ros2_learning_gazeboConfig-version.cmake
[0.075s] -- Up-to-date: /home/smith/ros2_learning/install/ros2_learning_gazebo/share/ros2_learning_gazebo/package.xml
[0.087s] Invoked command in '/home/smith/ros2_learning/build/ros2_learning_gazebo' returned '0': CMAKE_PREFIX_PATH=/home/smith/ros2_learning/install/ros2_learning_msg:/home/smith/ros2_learning/install/ros2_learning_gazebo:/home/smith/ros2_learning/install/ros2_learning_ardusub:/home/smith/colcon_ws/install/orca_nav2:/home/smith/colcon_ws/install/orca_base:/home/smith/colcon_ws/install/orca_shared:/home/smith/colcon_ws/install/ros2_shared:/home/smith/colcon_ws/install/orca_msgs:/home/smith/colcon_ws/install/orca_description:/home/smith/colcon_ws/install/orca_bringup:/home/smith/colcon_ws/install/orb_slam2_ros:/home/smith/colcon_ws/install/bluerov2_gz:/opt/ros/humble /home/smith/.local/bin/cmake --install /home/smith/ros2_learning/build/ros2_learning_gazebo
