[0.119s] [34mcolcon[0m [1;30mDEBUG[0m [32mCommand line arguments: ['/home/smith/.local/bin/colcon', 'build'][0m
[0.119s] [34mcolcon[0m [1;30mDEBUG[0m [32mParsed command line arguments: Namespace(log_base=None, log_level=None, verb_name='build', build_base='build', install_base='install', merge_install=False, symlink_install=False, test_result_base=None, continue_on_error=False, executor='parallel', parallel_workers=8, event_handlers=None, ignore_user_meta=False, metas=['./colcon.meta'], base_paths=['.'], packages_ignore=None, packages_ignore_regex=None, paths=None, packages_up_to=None, packages_up_to_regex=None, packages_above=None, packages_above_and_dependencies=None, packages_above_depth=None, packages_select_by_dep=None, packages_skip_by_dep=None, packages_skip_up_to=None, packages_select_build_failed=False, packages_skip_build_finished=False, packages_select_test_failures=False, packages_skip_test_passed=False, packages_select=None, packages_skip=None, packages_select_regex=None, packages_skip_regex=None, packages_start=None, packages_end=None, allow_overriding=[], cmake_args=None, cmake_target=None, cmake_target_skip_unavailable=False, cmake_clean_cache=False, cmake_clean_first=False, cmake_force_configure=False, ament_cmake_args=None, catkin_cmake_args=None, catkin_skip_building_tests=False, mixin_files=None, mixin=None, verb_parser=<colcon_mixin.mixin.mixin_argument.MixinArgumentDecorator object at 0x71dc70128ee0>, verb_extension=<colcon_core.verb.build.BuildVerb object at 0x71dc70128490>, main=<bound method BuildVerb.main of <colcon_core.verb.build.BuildVerb object at 0x71dc70128490>>, mixin_verb=('build',))[0m
[0.149s] [34mcolcon.colcon_core.package_discovery[0m [1;30mLevel 1[0m discover_packages(colcon_meta) check parameters
[0.149s] [34mcolcon.colcon_core.package_discovery[0m [1;30mLevel 1[0m discover_packages(recursive) check parameters
[0.149s] [34mcolcon.colcon_core.package_discovery[0m [1;30mLevel 1[0m discover_packages(ignore) check parameters
[0.149s] [34mcolcon.colcon_core.package_discovery[0m [1;30mLevel 1[0m discover_packages(path) check parameters
[0.149s] [34mcolcon.colcon_core.package_discovery[0m [1;30mLevel 1[0m discover_packages(colcon_meta) discover
[0.149s] [34mcolcon.colcon_core.package_discovery[0m [1;30mLevel 1[0m discover_packages(recursive) discover
[0.149s] [34mcolcon.colcon_core.package_discovery[0m [1;30mINFO[0m Crawling recursively for packages in '/home/smith/ros2_learning'
[0.149s] [34mcolcon.colcon_core.package_identification[0m [1;30mLevel 1[0m _identify(.) by extensions ['ignore', 'ignore_ament_install']
[0.150s] [34mcolcon.colcon_core.package_identification[0m [1;30mLevel 1[0m _identify(.) by extension 'ignore'
[0.150s] [34mcolcon.colcon_core.package_identification[0m [1;30mLevel 1[0m _identify(.) by extension 'ignore_ament_install'
[0.150s] [34mcolcon.colcon_core.package_identification[0m [1;30mLevel 1[0m _identify(.) by extensions ['colcon_pkg']
[0.150s] [34mcolcon.colcon_core.package_identification[0m [1;30mLevel 1[0m _identify(.) by extension 'colcon_pkg'
[0.150s] [34mcolcon.colcon_core.package_identification[0m [1;30mLevel 1[0m _identify(.) by extensions ['colcon_meta']
[0.150s] [34mcolcon.colcon_core.package_identification[0m [1;30mLevel 1[0m _identify(.) by extension 'colcon_meta'
[0.150s] [34mcolcon.colcon_core.package_identification[0m [1;30mLevel 1[0m _identify(.) by extensions ['ros']
[0.150s] [34mcolcon.colcon_core.package_identification[0m [1;30mLevel 1[0m _identify(.) by extension 'ros'
[0.167s] [34mcolcon.colcon_core.package_identification[0m [1;30mLevel 1[0m _identify(.) by extensions ['cmake', 'python']
[0.167s] [34mcolcon.colcon_core.package_identification[0m [1;30mLevel 1[0m _identify(.) by extension 'cmake'
[0.167s] [34mcolcon.colcon_core.package_identification[0m [1;30mLevel 1[0m _identify(.) by extension 'python'
[0.167s] [34mcolcon.colcon_core.package_identification[0m [1;30mLevel 1[0m _identify(.) by extensions ['python_setup_py']
[0.167s] [34mcolcon.colcon_core.package_identification[0m [1;30mLevel 1[0m _identify(.) by extension 'python_setup_py'
[0.168s] [34mcolcon.colcon_core.package_identification[0m [1;30mLevel 1[0m _identify(build) by extensions ['ignore', 'ignore_ament_install']
[0.168s] [34mcolcon.colcon_core.package_identification[0m [1;30mLevel 1[0m _identify(build) by extension 'ignore'
[0.168s] [34mcolcon.colcon_core.package_identification[0m [1;30mLevel 1[0m _identify(build) ignored
[0.168s] [34mcolcon.colcon_core.package_identification[0m [1;30mLevel 1[0m _identify(install) by extensions ['ignore', 'ignore_ament_install']
[0.168s] [34mcolcon.colcon_core.package_identification[0m [1;30mLevel 1[0m _identify(install) by extension 'ignore'
[0.168s] [34mcolcon.colcon_core.package_identification[0m [1;30mLevel 1[0m _identify(install) ignored
[0.168s] [34mcolcon.colcon_core.package_identification[0m [1;30mLevel 1[0m _identify(log) by extensions ['ignore', 'ignore_ament_install']
[0.168s] [34mcolcon.colcon_core.package_identification[0m [1;30mLevel 1[0m _identify(log) by extension 'ignore'
[0.168s] [34mcolcon.colcon_core.package_identification[0m [1;30mLevel 1[0m _identify(log) ignored
[0.168s] [34mcolcon.colcon_core.package_identification[0m [1;30mLevel 1[0m _identify(ros2_learning_ardusub) by extensions ['ignore', 'ignore_ament_install']
[0.168s] [34mcolcon.colcon_core.package_identification[0m [1;30mLevel 1[0m _identify(ros2_learning_ardusub) by extension 'ignore'
[0.168s] [34mcolcon.colcon_core.package_identification[0m [1;30mLevel 1[0m _identify(ros2_learning_ardusub) by extension 'ignore_ament_install'
[0.168s] [34mcolcon.colcon_core.package_identification[0m [1;30mLevel 1[0m _identify(ros2_learning_ardusub) by extensions ['colcon_pkg']
[0.168s] [34mcolcon.colcon_core.package_identification[0m [1;30mLevel 1[0m _identify(ros2_learning_ardusub) by extension 'colcon_pkg'
[0.168s] [34mcolcon.colcon_core.package_identification[0m [1;30mLevel 1[0m _identify(ros2_learning_ardusub) by extensions ['colcon_meta']
[0.168s] [34mcolcon.colcon_core.package_identification[0m [1;30mLevel 1[0m _identify(ros2_learning_ardusub) by extension 'colcon_meta'
[0.168s] [34mcolcon.colcon_core.package_identification[0m [1;30mLevel 1[0m _identify(ros2_learning_ardusub) by extensions ['ros']
[0.168s] [34mcolcon.colcon_core.package_identification[0m [1;30mLevel 1[0m _identify(ros2_learning_ardusub) by extension 'ros'
[0.170s] [34mcolcon.colcon_core.package_identification[0m [1;30mDEBUG[0m [32mPackage 'ros2_learning_ardusub' with type 'ros.ament_cmake' and name 'ros2_learning_ardusub'[0m
[0.171s] [34mcolcon.colcon_core.package_identification[0m [1;30mLevel 1[0m _identify(ros2_learning_gazebo) by extensions ['ignore', 'ignore_ament_install']
[0.171s] [34mcolcon.colcon_core.package_identification[0m [1;30mLevel 1[0m _identify(ros2_learning_gazebo) by extension 'ignore'
[0.171s] [34mcolcon.colcon_core.package_identification[0m [1;30mLevel 1[0m _identify(ros2_learning_gazebo) by extension 'ignore_ament_install'
[0.171s] [34mcolcon.colcon_core.package_identification[0m [1;30mLevel 1[0m _identify(ros2_learning_gazebo) by extensions ['colcon_pkg']
[0.171s] [34mcolcon.colcon_core.package_identification[0m [1;30mLevel 1[0m _identify(ros2_learning_gazebo) by extension 'colcon_pkg'
[0.171s] [34mcolcon.colcon_core.package_identification[0m [1;30mLevel 1[0m _identify(ros2_learning_gazebo) by extensions ['colcon_meta']
[0.171s] [34mcolcon.colcon_core.package_identification[0m [1;30mLevel 1[0m _identify(ros2_learning_gazebo) by extension 'colcon_meta'
[0.171s] [34mcolcon.colcon_core.package_identification[0m [1;30mLevel 1[0m _identify(ros2_learning_gazebo) by extensions ['ros']
[0.171s] [34mcolcon.colcon_core.package_identification[0m [1;30mLevel 1[0m _identify(ros2_learning_gazebo) by extension 'ros'
[0.172s] [34mcolcon.colcon_core.package_identification[0m [1;30mDEBUG[0m [32mPackage 'ros2_learning_gazebo' with type 'ros.ament_cmake' and name 'ros2_learning_gazebo'[0m
[0.172s] [34mcolcon.colcon_core.package_identification[0m [1;30mLevel 1[0m _identify(ros2_learning_msg) by extensions ['ignore', 'ignore_ament_install']
[0.172s] [34mcolcon.colcon_core.package_identification[0m [1;30mLevel 1[0m _identify(ros2_learning_msg) by extension 'ignore'
[0.172s] [34mcolcon.colcon_core.package_identification[0m [1;30mLevel 1[0m _identify(ros2_learning_msg) by extension 'ignore_ament_install'
[0.172s] [34mcolcon.colcon_core.package_identification[0m [1;30mLevel 1[0m _identify(ros2_learning_msg) by extensions ['colcon_pkg']
[0.172s] [34mcolcon.colcon_core.package_identification[0m [1;30mLevel 1[0m _identify(ros2_learning_msg) by extension 'colcon_pkg'
[0.172s] [34mcolcon.colcon_core.package_identification[0m [1;30mLevel 1[0m _identify(ros2_learning_msg) by extensions ['colcon_meta']
[0.172s] [34mcolcon.colcon_core.package_identification[0m [1;30mLevel 1[0m _identify(ros2_learning_msg) by extension 'colcon_meta'
[0.172s] [34mcolcon.colcon_core.package_identification[0m [1;30mLevel 1[0m _identify(ros2_learning_msg) by extensions ['ros']
[0.172s] [34mcolcon.colcon_core.package_identification[0m [1;30mLevel 1[0m _identify(ros2_learning_msg) by extension 'ros'
[0.172s] [34mcolcon.colcon_core.package_identification[0m [1;30mDEBUG[0m [32mPackage 'ros2_learning_msg' with type 'ros.ament_cmake' and name 'ros2_learning_msg'[0m
[0.172s] [34mcolcon.colcon_core.package_discovery[0m [1;30mLevel 1[0m discover_packages(recursive) using defaults
[0.172s] [34mcolcon.colcon_core.package_discovery[0m [1;30mLevel 1[0m discover_packages(ignore) discover
[0.172s] [34mcolcon.colcon_core.package_discovery[0m [1;30mLevel 1[0m discover_packages(ignore) using defaults
[0.173s] [34mcolcon.colcon_core.package_discovery[0m [1;30mLevel 1[0m discover_packages(path) discover
[0.173s] [34mcolcon.colcon_core.package_discovery[0m [1;30mLevel 1[0m discover_packages(path) using defaults
[0.185s] [34mcolcon.colcon_core.package_discovery[0m [1;30mLevel 1[0m discover_packages(prefix_path) check parameters
[0.185s] [34mcolcon.colcon_core.package_discovery[0m [1;30mLevel 1[0m discover_packages(prefix_path) discover
[0.186s] [34mcolcon.colcon_installed_package_information.package_discovery[0m [1;30mDEBUG[0m [32mFound 3 installed packages in /home/smith/ros2_learning/install[0m
[0.187s] [34mcolcon.colcon_installed_package_information.package_discovery[0m [1;30mDEBUG[0m [32mFound 9 installed packages in /home/smith/colcon_ws/install[0m
[0.188s] [34mcolcon.colcon_installed_package_information.package_discovery[0m [1;30mDEBUG[0m [32mFound 341 installed packages in /opt/ros/humble[0m
[0.189s] [34mcolcon.colcon_core.package_discovery[0m [1;30mLevel 1[0m discover_packages(prefix_path) using defaults
[0.227s] [34mcolcon.colcon_core.verb[0m [1;30mLevel 5[0m set package 'ros2_learning_msg' build argument 'cmake_args' from command line to 'None'
[0.228s] [34mcolcon.colcon_core.verb[0m [1;30mLevel 5[0m set package 'ros2_learning_msg' build argument 'cmake_target' from command line to 'None'
[0.228s] [34mcolcon.colcon_core.verb[0m [1;30mLevel 5[0m set package 'ros2_learning_msg' build argument 'cmake_target_skip_unavailable' from command line to 'False'
[0.228s] [34mcolcon.colcon_core.verb[0m [1;30mLevel 5[0m set package 'ros2_learning_msg' build argument 'cmake_clean_cache' from command line to 'False'
[0.228s] [34mcolcon.colcon_core.verb[0m [1;30mLevel 5[0m set package 'ros2_learning_msg' build argument 'cmake_clean_first' from command line to 'False'
[0.228s] [34mcolcon.colcon_core.verb[0m [1;30mLevel 5[0m set package 'ros2_learning_msg' build argument 'cmake_force_configure' from command line to 'False'
[0.228s] [34mcolcon.colcon_core.verb[0m [1;30mLevel 5[0m set package 'ros2_learning_msg' build argument 'ament_cmake_args' from command line to 'None'
[0.228s] [34mcolcon.colcon_core.verb[0m [1;30mLevel 5[0m set package 'ros2_learning_msg' build argument 'catkin_cmake_args' from command line to 'None'
[0.228s] [34mcolcon.colcon_core.verb[0m [1;30mLevel 5[0m set package 'ros2_learning_msg' build argument 'catkin_skip_building_tests' from command line to 'False'
[0.228s] [34mcolcon.colcon_core.verb[0m [1;30mDEBUG[0m [32mBuilding package 'ros2_learning_msg' with the following arguments: {'ament_cmake_args': None, 'build_base': '/home/smith/ros2_learning/build/ros2_learning_msg', 'catkin_cmake_args': None, 'catkin_skip_building_tests': False, 'cmake_args': None, 'cmake_clean_cache': False, 'cmake_clean_first': False, 'cmake_force_configure': False, 'cmake_target': None, 'cmake_target_skip_unavailable': False, 'install_base': '/home/smith/ros2_learning/install/ros2_learning_msg', 'merge_install': False, 'path': '/home/smith/ros2_learning/ros2_learning_msg', 'symlink_install': False, 'test_result_base': None}[0m
[0.228s] [34mcolcon.colcon_core.verb[0m [1;30mLevel 5[0m set package 'ros2_learning_ardusub' build argument 'cmake_args' from command line to 'None'
[0.228s] [34mcolcon.colcon_core.verb[0m [1;30mLevel 5[0m set package 'ros2_learning_ardusub' build argument 'cmake_target' from command line to 'None'
[0.228s] [34mcolcon.colcon_core.verb[0m [1;30mLevel 5[0m set package 'ros2_learning_ardusub' build argument 'cmake_target_skip_unavailable' from command line to 'False'
[0.228s] [34mcolcon.colcon_core.verb[0m [1;30mLevel 5[0m set package 'ros2_learning_ardusub' build argument 'cmake_clean_cache' from command line to 'False'
[0.228s] [34mcolcon.colcon_core.verb[0m [1;30mLevel 5[0m set package 'ros2_learning_ardusub' build argument 'cmake_clean_first' from command line to 'False'
[0.228s] [34mcolcon.colcon_core.verb[0m [1;30mLevel 5[0m set package 'ros2_learning_ardusub' build argument 'cmake_force_configure' from command line to 'False'
[0.228s] [34mcolcon.colcon_core.verb[0m [1;30mLevel 5[0m set package 'ros2_learning_ardusub' build argument 'ament_cmake_args' from command line to 'None'
[0.228s] [34mcolcon.colcon_core.verb[0m [1;30mLevel 5[0m set package 'ros2_learning_ardusub' build argument 'catkin_cmake_args' from command line to 'None'
[0.228s] [34mcolcon.colcon_core.verb[0m [1;30mLevel 5[0m set package 'ros2_learning_ardusub' build argument 'catkin_skip_building_tests' from command line to 'False'
[0.228s] [34mcolcon.colcon_core.verb[0m [1;30mDEBUG[0m [32mBuilding package 'ros2_learning_ardusub' with the following arguments: {'ament_cmake_args': None, 'build_base': '/home/smith/ros2_learning/build/ros2_learning_ardusub', 'catkin_cmake_args': None, 'catkin_skip_building_tests': False, 'cmake_args': None, 'cmake_clean_cache': False, 'cmake_clean_first': False, 'cmake_force_configure': False, 'cmake_target': None, 'cmake_target_skip_unavailable': False, 'install_base': '/home/smith/ros2_learning/install/ros2_learning_ardusub', 'merge_install': False, 'path': '/home/smith/ros2_learning/ros2_learning_ardusub', 'symlink_install': False, 'test_result_base': None}[0m
[0.228s] [34mcolcon.colcon_core.verb[0m [1;30mLevel 5[0m set package 'ros2_learning_gazebo' build argument 'cmake_args' from command line to 'None'
[0.228s] [34mcolcon.colcon_core.verb[0m [1;30mLevel 5[0m set package 'ros2_learning_gazebo' build argument 'cmake_target' from command line to 'None'
[0.228s] [34mcolcon.colcon_core.verb[0m [1;30mLevel 5[0m set package 'ros2_learning_gazebo' build argument 'cmake_target_skip_unavailable' from command line to 'False'
[0.228s] [34mcolcon.colcon_core.verb[0m [1;30mLevel 5[0m set package 'ros2_learning_gazebo' build argument 'cmake_clean_cache' from command line to 'False'
[0.228s] [34mcolcon.colcon_core.verb[0m [1;30mLevel 5[0m set package 'ros2_learning_gazebo' build argument 'cmake_clean_first' from command line to 'False'
[0.228s] [34mcolcon.colcon_core.verb[0m [1;30mLevel 5[0m set package 'ros2_learning_gazebo' build argument 'cmake_force_configure' from command line to 'False'
[0.228s] [34mcolcon.colcon_core.verb[0m [1;30mLevel 5[0m set package 'ros2_learning_gazebo' build argument 'ament_cmake_args' from command line to 'None'
[0.228s] [34mcolcon.colcon_core.verb[0m [1;30mLevel 5[0m set package 'ros2_learning_gazebo' build argument 'catkin_cmake_args' from command line to 'None'
[0.228s] [34mcolcon.colcon_core.verb[0m [1;30mLevel 5[0m set package 'ros2_learning_gazebo' build argument 'catkin_skip_building_tests' from command line to 'False'
[0.228s] [34mcolcon.colcon_core.verb[0m [1;30mDEBUG[0m [32mBuilding package 'ros2_learning_gazebo' with the following arguments: {'ament_cmake_args': None, 'build_base': '/home/smith/ros2_learning/build/ros2_learning_gazebo', 'catkin_cmake_args': None, 'catkin_skip_building_tests': False, 'cmake_args': None, 'cmake_clean_cache': False, 'cmake_clean_first': False, 'cmake_force_configure': False, 'cmake_target': None, 'cmake_target_skip_unavailable': False, 'install_base': '/home/smith/ros2_learning/install/ros2_learning_gazebo', 'merge_install': False, 'path': '/home/smith/ros2_learning/ros2_learning_gazebo', 'symlink_install': False, 'test_result_base': None}[0m
[0.229s] [34mcolcon.colcon_core.executor[0m [1;30mINFO[0m Executing jobs using 'parallel' executor
[0.229s] [34mcolcon.colcon_parallel_executor.executor.parallel[0m [1;30mDEBUG[0m [32mrun_until_complete[0m
[0.230s] [34mcolcon.colcon_ros.task.ament_cmake.build[0m [1;30mINFO[0m Building ROS package in '/home/smith/ros2_learning/ros2_learning_msg' with build type 'ament_cmake'
[0.230s] [34mcolcon.colcon_cmake.task.cmake.build[0m [1;30mINFO[0m Building CMake package in '/home/smith/ros2_learning/ros2_learning_msg'
[0.231s] [34mcolcon.colcon_core.plugin_system[0m [1;30mINFO[0m Skipping extension 'colcon_core.shell.bat': Not used on non-Windows systems
[0.232s] [34mcolcon.colcon_core.shell[0m [1;30mINFO[0m Skip shell extension 'powershell' for command environment: Not usable outside of PowerShell
[0.232s] [34mcolcon.colcon_core.shell[0m [1;30mDEBUG[0m [32mSkip shell extension 'dsv' for command environment[0m
[0.240s] [34mcolcon.colcon_core.event_handler.log_command[0m [1;30mDEBUG[0m [32mInvoking command in '/home/smith/ros2_learning/build/ros2_learning_msg': CMAKE_PREFIX_PATH=${CMAKE_PREFIX_PATH}:/opt/ros/humble /home/smith/.local/bin/cmake --build /home/smith/ros2_learning/build/ros2_learning_msg -- -j8 -l8[0m
[0.602s] [34mcolcon.colcon_core.event_handler.log_command[0m [1;30mDEBUG[0m [32mInvoked command in '/home/smith/ros2_learning/build/ros2_learning_msg' returned '0': CMAKE_PREFIX_PATH=${CMAKE_PREFIX_PATH}:/opt/ros/humble /home/smith/.local/bin/cmake --build /home/smith/ros2_learning/build/ros2_learning_msg -- -j8 -l8[0m
[0.630s] [34mcolcon.colcon_core.event_handler.log_command[0m [1;30mDEBUG[0m [32mInvoking command in '/home/smith/ros2_learning/build/ros2_learning_msg': CMAKE_PREFIX_PATH=${CMAKE_PREFIX_PATH}:/opt/ros/humble /home/smith/.local/bin/cmake --install /home/smith/ros2_learning/build/ros2_learning_msg[0m
[0.694s] [34mcolcon.colcon_core.environment[0m [1;30mLevel 1[0m create_environment_scripts_only(ros2_learning_msg)
[0.695s] [34mcolcon.colcon_core.event_handler.log_command[0m [1;30mDEBUG[0m [32mInvoked command in '/home/smith/ros2_learning/build/ros2_learning_msg' returned '0': CMAKE_PREFIX_PATH=${CMAKE_PREFIX_PATH}:/opt/ros/humble /home/smith/.local/bin/cmake --install /home/smith/ros2_learning/build/ros2_learning_msg[0m
[0.696s] [34mcolcon.colcon_core.environment[0m [1;30mLevel 1[0m checking '/home/smith/ros2_learning/install/ros2_learning_msg' for CMake module files
[0.696s] [34mcolcon.colcon_core.environment[0m [1;30mLevel 1[0m checking '/home/smith/ros2_learning/install/ros2_learning_msg' for CMake config files
[0.697s] [34mcolcon.colcon_core.shell[0m [1;30mLevel 1[0m create_environment_hook('ros2_learning_msg', 'cmake_prefix_path')
[0.697s] [34mcolcon.colcon_core.shell[0m [1;30mINFO[0m Creating environment hook '/home/smith/ros2_learning/install/ros2_learning_msg/share/ros2_learning_msg/hook/cmake_prefix_path.ps1'
[0.698s] [34mcolcon.colcon_core.shell[0m [1;30mINFO[0m Creating environment descriptor '/home/smith/ros2_learning/install/ros2_learning_msg/share/ros2_learning_msg/hook/cmake_prefix_path.dsv'
[0.698s] [34mcolcon.colcon_core.shell[0m [1;30mINFO[0m Creating environment hook '/home/smith/ros2_learning/install/ros2_learning_msg/share/ros2_learning_msg/hook/cmake_prefix_path.sh'
[0.699s] [34mcolcon.colcon_core.environment[0m [1;30mLevel 1[0m checking '/home/smith/ros2_learning/install/ros2_learning_msg/lib'
[0.699s] [34mcolcon.colcon_core.shell[0m [1;30mLevel 1[0m create_environment_hook('ros2_learning_msg', 'ld_library_path_lib')
[0.699s] [34mcolcon.colcon_core.shell[0m [1;30mINFO[0m Creating environment hook '/home/smith/ros2_learning/install/ros2_learning_msg/share/ros2_learning_msg/hook/ld_library_path_lib.ps1'
[0.699s] [34mcolcon.colcon_core.shell[0m [1;30mINFO[0m Creating environment descriptor '/home/smith/ros2_learning/install/ros2_learning_msg/share/ros2_learning_msg/hook/ld_library_path_lib.dsv'
[0.700s] [34mcolcon.colcon_core.shell[0m [1;30mINFO[0m Creating environment hook '/home/smith/ros2_learning/install/ros2_learning_msg/share/ros2_learning_msg/hook/ld_library_path_lib.sh'
[0.700s] [34mcolcon.colcon_core.environment[0m [1;30mLevel 1[0m checking '/home/smith/ros2_learning/install/ros2_learning_msg/bin'
[0.700s] [34mcolcon.colcon_core.environment[0m [1;30mLevel 1[0m checking '/home/smith/ros2_learning/install/ros2_learning_msg/lib/pkgconfig/ros2_learning_msg.pc'
[0.700s] [34mcolcon.colcon_core.environment[0m [1;30mLevel 1[0m checking '/home/smith/ros2_learning/install/ros2_learning_msg/lib/python3.10/site-packages'
[0.700s] [34mcolcon.colcon_core.environment[0m [1;30mLevel 1[0m checking '/home/smith/ros2_learning/install/ros2_learning_msg/bin'
[0.701s] [34mcolcon.colcon_core.shell[0m [1;30mINFO[0m Creating package script '/home/smith/ros2_learning/install/ros2_learning_msg/share/ros2_learning_msg/package.ps1'
[0.701s] [34mcolcon.colcon_core.shell[0m [1;30mINFO[0m Creating package descriptor '/home/smith/ros2_learning/install/ros2_learning_msg/share/ros2_learning_msg/package.dsv'
[0.702s] [34mcolcon.colcon_core.shell[0m [1;30mINFO[0m Creating package script '/home/smith/ros2_learning/install/ros2_learning_msg/share/ros2_learning_msg/package.sh'
[0.702s] [34mcolcon.colcon_core.shell[0m [1;30mINFO[0m Creating package script '/home/smith/ros2_learning/install/ros2_learning_msg/share/ros2_learning_msg/package.bash'
[0.703s] [34mcolcon.colcon_core.shell[0m [1;30mINFO[0m Creating package script '/home/smith/ros2_learning/install/ros2_learning_msg/share/ros2_learning_msg/package.zsh'
[0.703s] [34mcolcon.colcon_core.environment[0m [1;30mLevel 1[0m create_file_with_runtime_dependencies(/home/smith/ros2_learning/install/ros2_learning_msg/share/colcon-core/packages/ros2_learning_msg)
[0.703s] [34mcolcon.colcon_core.environment[0m [1;30mLevel 1[0m create_environment_scripts_only(ros2_learning_msg)
[0.704s] [34mcolcon.colcon_core.environment[0m [1;30mLevel 1[0m checking '/home/smith/ros2_learning/install/ros2_learning_msg' for CMake module files
[0.704s] [34mcolcon.colcon_core.environment[0m [1;30mLevel 1[0m checking '/home/smith/ros2_learning/install/ros2_learning_msg' for CMake config files
[0.705s] [34mcolcon.colcon_core.shell[0m [1;30mLevel 1[0m create_environment_hook('ros2_learning_msg', 'cmake_prefix_path')
[0.705s] [34mcolcon.colcon_core.shell[0m [1;30mINFO[0m Creating environment hook '/home/smith/ros2_learning/install/ros2_learning_msg/share/ros2_learning_msg/hook/cmake_prefix_path.ps1'
[0.705s] [34mcolcon.colcon_core.shell[0m [1;30mINFO[0m Creating environment descriptor '/home/smith/ros2_learning/install/ros2_learning_msg/share/ros2_learning_msg/hook/cmake_prefix_path.dsv'
[0.705s] [34mcolcon.colcon_core.shell[0m [1;30mINFO[0m Creating environment hook '/home/smith/ros2_learning/install/ros2_learning_msg/share/ros2_learning_msg/hook/cmake_prefix_path.sh'
[0.706s] [34mcolcon.colcon_core.environment[0m [1;30mLevel 1[0m checking '/home/smith/ros2_learning/install/ros2_learning_msg/lib'
[0.706s] [34mcolcon.colcon_core.shell[0m [1;30mLevel 1[0m create_environment_hook('ros2_learning_msg', 'ld_library_path_lib')
[0.706s] [34mcolcon.colcon_core.shell[0m [1;30mINFO[0m Creating environment hook '/home/smith/ros2_learning/install/ros2_learning_msg/share/ros2_learning_msg/hook/ld_library_path_lib.ps1'
[0.706s] [34mcolcon.colcon_core.shell[0m [1;30mINFO[0m Creating environment descriptor '/home/smith/ros2_learning/install/ros2_learning_msg/share/ros2_learning_msg/hook/ld_library_path_lib.dsv'
[0.706s] [34mcolcon.colcon_core.shell[0m [1;30mINFO[0m Creating environment hook '/home/smith/ros2_learning/install/ros2_learning_msg/share/ros2_learning_msg/hook/ld_library_path_lib.sh'
[0.706s] [34mcolcon.colcon_core.environment[0m [1;30mLevel 1[0m checking '/home/smith/ros2_learning/install/ros2_learning_msg/bin'
[0.706s] [34mcolcon.colcon_core.environment[0m [1;30mLevel 1[0m checking '/home/smith/ros2_learning/install/ros2_learning_msg/lib/pkgconfig/ros2_learning_msg.pc'
[0.707s] [34mcolcon.colcon_core.environment[0m [1;30mLevel 1[0m checking '/home/smith/ros2_learning/install/ros2_learning_msg/lib/python3.10/site-packages'
[0.707s] [34mcolcon.colcon_core.environment[0m [1;30mLevel 1[0m checking '/home/smith/ros2_learning/install/ros2_learning_msg/bin'
[0.707s] [34mcolcon.colcon_core.shell[0m [1;30mINFO[0m Creating package script '/home/smith/ros2_learning/install/ros2_learning_msg/share/ros2_learning_msg/package.ps1'
[0.707s] [34mcolcon.colcon_core.shell[0m [1;30mINFO[0m Creating package descriptor '/home/smith/ros2_learning/install/ros2_learning_msg/share/ros2_learning_msg/package.dsv'
[0.708s] [34mcolcon.colcon_core.shell[0m [1;30mINFO[0m Creating package script '/home/smith/ros2_learning/install/ros2_learning_msg/share/ros2_learning_msg/package.sh'
[0.708s] [34mcolcon.colcon_core.shell[0m [1;30mINFO[0m Creating package script '/home/smith/ros2_learning/install/ros2_learning_msg/share/ros2_learning_msg/package.bash'
[0.708s] [34mcolcon.colcon_core.shell[0m [1;30mINFO[0m Creating package script '/home/smith/ros2_learning/install/ros2_learning_msg/share/ros2_learning_msg/package.zsh'
[0.708s] [34mcolcon.colcon_core.environment[0m [1;30mLevel 1[0m create_file_with_runtime_dependencies(/home/smith/ros2_learning/install/ros2_learning_msg/share/colcon-core/packages/ros2_learning_msg)
[0.709s] [34mcolcon.colcon_ros.task.ament_cmake.build[0m [1;30mINFO[0m Building ROS package in '/home/smith/ros2_learning/ros2_learning_ardusub' with build type 'ament_cmake'
[0.709s] [34mcolcon.colcon_cmake.task.cmake.build[0m [1;30mINFO[0m Building CMake package in '/home/smith/ros2_learning/ros2_learning_ardusub'
[0.709s] [34mcolcon.colcon_core.shell[0m [1;30mINFO[0m Skip shell extension 'powershell' for command environment: Not usable outside of PowerShell
[0.709s] [34mcolcon.colcon_core.shell[0m [1;30mDEBUG[0m [32mSkip shell extension 'dsv' for command environment[0m
[0.712s] [34mcolcon.colcon_ros.task.ament_cmake.build[0m [1;30mINFO[0m Building ROS package in '/home/smith/ros2_learning/ros2_learning_gazebo' with build type 'ament_cmake'
[0.713s] [34mcolcon.colcon_cmake.task.cmake.build[0m [1;30mINFO[0m Building CMake package in '/home/smith/ros2_learning/ros2_learning_gazebo'
[0.713s] [34mcolcon.colcon_core.shell[0m [1;30mINFO[0m Skip shell extension 'powershell' for command environment: Not usable outside of PowerShell
[0.713s] [34mcolcon.colcon_core.shell[0m [1;30mDEBUG[0m [32mSkip shell extension 'dsv' for command environment[0m
[0.719s] [34mcolcon.colcon_core.event_handler.log_command[0m [1;30mDEBUG[0m [32mInvoking command in '/home/smith/ros2_learning/build/ros2_learning_ardusub': CMAKE_PREFIX_PATH=/home/smith/ros2_learning/install/ros2_learning_msg:/home/smith/ros2_learning/install/ros2_learning_gazebo:/home/smith/ros2_learning/install/ros2_learning_ardusub:/home/smith/colcon_ws/install/orca_nav2:/home/smith/colcon_ws/install/orca_base:/home/smith/colcon_ws/install/orca_shared:/home/smith/colcon_ws/install/ros2_shared:/home/smith/colcon_ws/install/orca_msgs:/home/smith/colcon_ws/install/orca_description:/home/smith/colcon_ws/install/orca_bringup:/home/smith/colcon_ws/install/orb_slam2_ros:/home/smith/colcon_ws/install/bluerov2_gz:/opt/ros/humble /home/smith/.local/bin/cmake --build /home/smith/ros2_learning/build/ros2_learning_ardusub -- -j8 -l8[0m
[0.722s] [34mcolcon.colcon_core.event_handler.log_command[0m [1;30mDEBUG[0m [32mInvoking command in '/home/smith/ros2_learning/build/ros2_learning_gazebo': CMAKE_PREFIX_PATH=/home/smith/ros2_learning/install/ros2_learning_msg:/home/smith/ros2_learning/install/ros2_learning_gazebo:/home/smith/ros2_learning/install/ros2_learning_ardusub:/home/smith/colcon_ws/install/orca_nav2:/home/smith/colcon_ws/install/orca_base:/home/smith/colcon_ws/install/orca_shared:/home/smith/colcon_ws/install/ros2_shared:/home/smith/colcon_ws/install/orca_msgs:/home/smith/colcon_ws/install/orca_description:/home/smith/colcon_ws/install/orca_bringup:/home/smith/colcon_ws/install/orb_slam2_ros:/home/smith/colcon_ws/install/bluerov2_gz:/opt/ros/humble /home/smith/.local/bin/cmake --build /home/smith/ros2_learning/build/ros2_learning_gazebo -- -j8 -l8[0m
[0.760s] [34mcolcon.colcon_core.event_handler.log_command[0m [1;30mDEBUG[0m [32mInvoked command in '/home/smith/ros2_learning/build/ros2_learning_ardusub' returned '0': CMAKE_PREFIX_PATH=/home/smith/ros2_learning/install/ros2_learning_msg:/home/smith/ros2_learning/install/ros2_learning_gazebo:/home/smith/ros2_learning/install/ros2_learning_ardusub:/home/smith/colcon_ws/install/orca_nav2:/home/smith/colcon_ws/install/orca_base:/home/smith/colcon_ws/install/orca_shared:/home/smith/colcon_ws/install/ros2_shared:/home/smith/colcon_ws/install/orca_msgs:/home/smith/colcon_ws/install/orca_description:/home/smith/colcon_ws/install/orca_bringup:/home/smith/colcon_ws/install/orb_slam2_ros:/home/smith/colcon_ws/install/bluerov2_gz:/opt/ros/humble /home/smith/.local/bin/cmake --build /home/smith/ros2_learning/build/ros2_learning_ardusub -- -j8 -l8[0m
[0.761s] [34mcolcon.colcon_core.event_handler.log_command[0m [1;30mDEBUG[0m [32mInvoking command in '/home/smith/ros2_learning/build/ros2_learning_ardusub': CMAKE_PREFIX_PATH=/home/smith/ros2_learning/install/ros2_learning_msg:/home/smith/ros2_learning/install/ros2_learning_gazebo:/home/smith/ros2_learning/install/ros2_learning_ardusub:/home/smith/colcon_ws/install/orca_nav2:/home/smith/colcon_ws/install/orca_base:/home/smith/colcon_ws/install/orca_shared:/home/smith/colcon_ws/install/ros2_shared:/home/smith/colcon_ws/install/orca_msgs:/home/smith/colcon_ws/install/orca_description:/home/smith/colcon_ws/install/orca_bringup:/home/smith/colcon_ws/install/orb_slam2_ros:/home/smith/colcon_ws/install/bluerov2_gz:/opt/ros/humble /home/smith/.local/bin/cmake --install /home/smith/ros2_learning/build/ros2_learning_ardusub[0m
[0.762s] [34mcolcon.colcon_core.event_handler.log_command[0m [1;30mDEBUG[0m [32mInvoked command in '/home/smith/ros2_learning/build/ros2_learning_gazebo' returned '0': CMAKE_PREFIX_PATH=/home/smith/ros2_learning/install/ros2_learning_msg:/home/smith/ros2_learning/install/ros2_learning_gazebo:/home/smith/ros2_learning/install/ros2_learning_ardusub:/home/smith/colcon_ws/install/orca_nav2:/home/smith/colcon_ws/install/orca_base:/home/smith/colcon_ws/install/orca_shared:/home/smith/colcon_ws/install/ros2_shared:/home/smith/colcon_ws/install/orca_msgs:/home/smith/colcon_ws/install/orca_description:/home/smith/colcon_ws/install/orca_bringup:/home/smith/colcon_ws/install/orb_slam2_ros:/home/smith/colcon_ws/install/bluerov2_gz:/opt/ros/humble /home/smith/.local/bin/cmake --build /home/smith/ros2_learning/build/ros2_learning_gazebo -- -j8 -l8[0m
[0.763s] [34mcolcon.colcon_core.event_handler.log_command[0m [1;30mDEBUG[0m [32mInvoking command in '/home/smith/ros2_learning/build/ros2_learning_gazebo': CMAKE_PREFIX_PATH=/home/smith/ros2_learning/install/ros2_learning_msg:/home/smith/ros2_learning/install/ros2_learning_gazebo:/home/smith/ros2_learning/install/ros2_learning_ardusub:/home/smith/colcon_ws/install/orca_nav2:/home/smith/colcon_ws/install/orca_base:/home/smith/colcon_ws/install/orca_shared:/home/smith/colcon_ws/install/ros2_shared:/home/smith/colcon_ws/install/orca_msgs:/home/smith/colcon_ws/install/orca_description:/home/smith/colcon_ws/install/orca_bringup:/home/smith/colcon_ws/install/orb_slam2_ros:/home/smith/colcon_ws/install/bluerov2_gz:/opt/ros/humble /home/smith/.local/bin/cmake --install /home/smith/ros2_learning/build/ros2_learning_gazebo[0m
[0.790s] [34mcolcon.colcon_core.environment[0m [1;30mLevel 1[0m create_environment_scripts_only(ros2_learning_ardusub)
[0.790s] [34mcolcon.colcon_core.environment[0m [1;30mLevel 1[0m checking '/home/smith/ros2_learning/install/ros2_learning_ardusub' for CMake module files
[0.790s] [34mcolcon.colcon_core.event_handler.log_command[0m [1;30mDEBUG[0m [32mInvoked command in '/home/smith/ros2_learning/build/ros2_learning_ardusub' returned '0': CMAKE_PREFIX_PATH=/home/smith/ros2_learning/install/ros2_learning_msg:/home/smith/ros2_learning/install/ros2_learning_gazebo:/home/smith/ros2_learning/install/ros2_learning_ardusub:/home/smith/colcon_ws/install/orca_nav2:/home/smith/colcon_ws/install/orca_base:/home/smith/colcon_ws/install/orca_shared:/home/smith/colcon_ws/install/ros2_shared:/home/smith/colcon_ws/install/orca_msgs:/home/smith/colcon_ws/install/orca_description:/home/smith/colcon_ws/install/orca_bringup:/home/smith/colcon_ws/install/orb_slam2_ros:/home/smith/colcon_ws/install/bluerov2_gz:/opt/ros/humble /home/smith/.local/bin/cmake --install /home/smith/ros2_learning/build/ros2_learning_ardusub[0m
[0.791s] [34mcolcon.colcon_core.environment[0m [1;30mLevel 1[0m checking '/home/smith/ros2_learning/install/ros2_learning_ardusub' for CMake config files
[0.791s] [34mcolcon.colcon_core.shell[0m [1;30mLevel 1[0m create_environment_hook('ros2_learning_ardusub', 'cmake_prefix_path')
[0.791s] [34mcolcon.colcon_core.shell[0m [1;30mINFO[0m Creating environment hook '/home/smith/ros2_learning/install/ros2_learning_ardusub/share/ros2_learning_ardusub/hook/cmake_prefix_path.ps1'
[0.791s] [34mcolcon.colcon_core.shell[0m [1;30mINFO[0m Creating environment descriptor '/home/smith/ros2_learning/install/ros2_learning_ardusub/share/ros2_learning_ardusub/hook/cmake_prefix_path.dsv'
[0.792s] [34mcolcon.colcon_core.shell[0m [1;30mINFO[0m Creating environment hook '/home/smith/ros2_learning/install/ros2_learning_ardusub/share/ros2_learning_ardusub/hook/cmake_prefix_path.sh'
[0.792s] [34mcolcon.colcon_core.environment[0m [1;30mLevel 1[0m checking '/home/smith/ros2_learning/install/ros2_learning_ardusub/lib'
[0.792s] [34mcolcon.colcon_core.environment[0m [1;30mLevel 1[0m checking '/home/smith/ros2_learning/install/ros2_learning_ardusub/bin'
[0.792s] [34mcolcon.colcon_core.environment[0m [1;30mLevel 1[0m checking '/home/smith/ros2_learning/install/ros2_learning_ardusub/lib/pkgconfig/ros2_learning_ardusub.pc'
[0.792s] [34mcolcon.colcon_core.environment[0m [1;30mLevel 1[0m checking '/home/smith/ros2_learning/install/ros2_learning_ardusub/lib/python3.10/site-packages'
[0.792s] [34mcolcon.colcon_core.environment[0m [1;30mLevel 1[0m checking '/home/smith/ros2_learning/install/ros2_learning_ardusub/bin'
[0.793s] [34mcolcon.colcon_core.shell[0m [1;30mINFO[0m Creating package script '/home/smith/ros2_learning/install/ros2_learning_ardusub/share/ros2_learning_ardusub/package.ps1'
[0.793s] [34mcolcon.colcon_core.shell[0m [1;30mINFO[0m Creating package descriptor '/home/smith/ros2_learning/install/ros2_learning_ardusub/share/ros2_learning_ardusub/package.dsv'
[0.793s] [34mcolcon.colcon_core.shell[0m [1;30mINFO[0m Creating package script '/home/smith/ros2_learning/install/ros2_learning_ardusub/share/ros2_learning_ardusub/package.sh'
[0.793s] [34mcolcon.colcon_core.shell[0m [1;30mINFO[0m Creating package script '/home/smith/ros2_learning/install/ros2_learning_ardusub/share/ros2_learning_ardusub/package.bash'
[0.794s] [34mcolcon.colcon_core.shell[0m [1;30mINFO[0m Creating package script '/home/smith/ros2_learning/install/ros2_learning_ardusub/share/ros2_learning_ardusub/package.zsh'
[0.794s] [34mcolcon.colcon_core.environment[0m [1;30mLevel 1[0m create_file_with_runtime_dependencies(/home/smith/ros2_learning/install/ros2_learning_ardusub/share/colcon-core/packages/ros2_learning_ardusub)
[0.794s] [34mcolcon.colcon_core.environment[0m [1;30mLevel 1[0m create_environment_scripts_only(ros2_learning_ardusub)
[0.794s] [34mcolcon.colcon_core.environment[0m [1;30mLevel 1[0m checking '/home/smith/ros2_learning/install/ros2_learning_ardusub' for CMake module files
[0.795s] [34mcolcon.colcon_core.environment[0m [1;30mLevel 1[0m checking '/home/smith/ros2_learning/install/ros2_learning_ardusub' for CMake config files
[0.795s] [34mcolcon.colcon_core.shell[0m [1;30mLevel 1[0m create_environment_hook('ros2_learning_ardusub', 'cmake_prefix_path')
[0.795s] [34mcolcon.colcon_core.shell[0m [1;30mINFO[0m Creating environment hook '/home/smith/ros2_learning/install/ros2_learning_ardusub/share/ros2_learning_ardusub/hook/cmake_prefix_path.ps1'
[0.795s] [34mcolcon.colcon_core.shell[0m [1;30mINFO[0m Creating environment descriptor '/home/smith/ros2_learning/install/ros2_learning_ardusub/share/ros2_learning_ardusub/hook/cmake_prefix_path.dsv'
[0.795s] [34mcolcon.colcon_core.shell[0m [1;30mINFO[0m Creating environment hook '/home/smith/ros2_learning/install/ros2_learning_ardusub/share/ros2_learning_ardusub/hook/cmake_prefix_path.sh'
[0.796s] [34mcolcon.colcon_core.environment[0m [1;30mLevel 1[0m checking '/home/smith/ros2_learning/install/ros2_learning_ardusub/lib'
[0.796s] [34mcolcon.colcon_core.environment[0m [1;30mLevel 1[0m checking '/home/smith/ros2_learning/install/ros2_learning_ardusub/bin'
[0.796s] [34mcolcon.colcon_core.environment[0m [1;30mLevel 1[0m checking '/home/smith/ros2_learning/install/ros2_learning_ardusub/lib/pkgconfig/ros2_learning_ardusub.pc'
[0.796s] [34mcolcon.colcon_core.environment[0m [1;30mLevel 1[0m checking '/home/smith/ros2_learning/install/ros2_learning_ardusub/lib/python3.10/site-packages'
[0.796s] [34mcolcon.colcon_core.environment[0m [1;30mLevel 1[0m checking '/home/smith/ros2_learning/install/ros2_learning_ardusub/bin'
[0.796s] [34mcolcon.colcon_core.shell[0m [1;30mINFO[0m Creating package script '/home/smith/ros2_learning/install/ros2_learning_ardusub/share/ros2_learning_ardusub/package.ps1'
[0.797s] [34mcolcon.colcon_core.shell[0m [1;30mINFO[0m Creating package descriptor '/home/smith/ros2_learning/install/ros2_learning_ardusub/share/ros2_learning_ardusub/package.dsv'
[0.797s] [34mcolcon.colcon_core.shell[0m [1;30mINFO[0m Creating package script '/home/smith/ros2_learning/install/ros2_learning_ardusub/share/ros2_learning_ardusub/package.sh'
[0.797s] [34mcolcon.colcon_core.shell[0m [1;30mINFO[0m Creating package script '/home/smith/ros2_learning/install/ros2_learning_ardusub/share/ros2_learning_ardusub/package.bash'
[0.798s] [34mcolcon.colcon_core.shell[0m [1;30mINFO[0m Creating package script '/home/smith/ros2_learning/install/ros2_learning_ardusub/share/ros2_learning_ardusub/package.zsh'
[0.798s] [34mcolcon.colcon_core.environment[0m [1;30mLevel 1[0m create_file_with_runtime_dependencies(/home/smith/ros2_learning/install/ros2_learning_ardusub/share/colcon-core/packages/ros2_learning_ardusub)
[0.798s] [34mcolcon.colcon_core.environment[0m [1;30mLevel 1[0m create_environment_scripts_only(ros2_learning_gazebo)
[0.798s] [34mcolcon.colcon_core.environment[0m [1;30mLevel 1[0m checking '/home/smith/ros2_learning/install/ros2_learning_gazebo' for CMake module files
[0.800s] [34mcolcon.colcon_core.event_handler.log_command[0m [1;30mDEBUG[0m [32mInvoked command in '/home/smith/ros2_learning/build/ros2_learning_gazebo' returned '0': CMAKE_PREFIX_PATH=/home/smith/ros2_learning/install/ros2_learning_msg:/home/smith/ros2_learning/install/ros2_learning_gazebo:/home/smith/ros2_learning/install/ros2_learning_ardusub:/home/smith/colcon_ws/install/orca_nav2:/home/smith/colcon_ws/install/orca_base:/home/smith/colcon_ws/install/orca_shared:/home/smith/colcon_ws/install/ros2_shared:/home/smith/colcon_ws/install/orca_msgs:/home/smith/colcon_ws/install/orca_description:/home/smith/colcon_ws/install/orca_bringup:/home/smith/colcon_ws/install/orb_slam2_ros:/home/smith/colcon_ws/install/bluerov2_gz:/opt/ros/humble /home/smith/.local/bin/cmake --install /home/smith/ros2_learning/build/ros2_learning_gazebo[0m
[0.800s] [34mcolcon.colcon_core.environment[0m [1;30mLevel 1[0m checking '/home/smith/ros2_learning/install/ros2_learning_gazebo' for CMake config files
[0.800s] [34mcolcon.colcon_core.shell[0m [1;30mLevel 1[0m create_environment_hook('ros2_learning_gazebo', 'cmake_prefix_path')
[0.801s] [34mcolcon.colcon_core.shell[0m [1;30mINFO[0m Creating environment hook '/home/smith/ros2_learning/install/ros2_learning_gazebo/share/ros2_learning_gazebo/hook/cmake_prefix_path.ps1'
[0.801s] [34mcolcon.colcon_core.shell[0m [1;30mINFO[0m Creating environment descriptor '/home/smith/ros2_learning/install/ros2_learning_gazebo/share/ros2_learning_gazebo/hook/cmake_prefix_path.dsv'
[0.801s] [34mcolcon.colcon_core.shell[0m [1;30mINFO[0m Creating environment hook '/home/smith/ros2_learning/install/ros2_learning_gazebo/share/ros2_learning_gazebo/hook/cmake_prefix_path.sh'
[0.802s] [34mcolcon.colcon_core.environment[0m [1;30mLevel 1[0m checking '/home/smith/ros2_learning/install/ros2_learning_gazebo/lib'
[0.802s] [34mcolcon.colcon_core.environment[0m [1;30mLevel 1[0m checking '/home/smith/ros2_learning/install/ros2_learning_gazebo/bin'
[0.802s] [34mcolcon.colcon_core.environment[0m [1;30mLevel 1[0m checking '/home/smith/ros2_learning/install/ros2_learning_gazebo/lib/pkgconfig/ros2_learning_gazebo.pc'
[0.802s] [34mcolcon.colcon_core.environment[0m [1;30mLevel 1[0m checking '/home/smith/ros2_learning/install/ros2_learning_gazebo/lib/python3.10/site-packages'
[0.802s] [34mcolcon.colcon_core.environment[0m [1;30mLevel 1[0m checking '/home/smith/ros2_learning/install/ros2_learning_gazebo/bin'
[0.802s] [34mcolcon.colcon_core.shell[0m [1;30mINFO[0m Creating package script '/home/smith/ros2_learning/install/ros2_learning_gazebo/share/ros2_learning_gazebo/package.ps1'
[0.803s] [34mcolcon.colcon_core.shell[0m [1;30mINFO[0m Creating package descriptor '/home/smith/ros2_learning/install/ros2_learning_gazebo/share/ros2_learning_gazebo/package.dsv'
[0.803s] [34mcolcon.colcon_core.shell[0m [1;30mINFO[0m Creating package script '/home/smith/ros2_learning/install/ros2_learning_gazebo/share/ros2_learning_gazebo/package.sh'
[0.803s] [34mcolcon.colcon_core.shell[0m [1;30mINFO[0m Creating package script '/home/smith/ros2_learning/install/ros2_learning_gazebo/share/ros2_learning_gazebo/package.bash'
[0.803s] [34mcolcon.colcon_core.shell[0m [1;30mINFO[0m Creating package script '/home/smith/ros2_learning/install/ros2_learning_gazebo/share/ros2_learning_gazebo/package.zsh'
[0.804s] [34mcolcon.colcon_core.environment[0m [1;30mLevel 1[0m create_file_with_runtime_dependencies(/home/smith/ros2_learning/install/ros2_learning_gazebo/share/colcon-core/packages/ros2_learning_gazebo)
[0.804s] [34mcolcon.colcon_core.environment[0m [1;30mLevel 1[0m create_environment_scripts_only(ros2_learning_gazebo)
[0.804s] [34mcolcon.colcon_core.environment[0m [1;30mLevel 1[0m checking '/home/smith/ros2_learning/install/ros2_learning_gazebo' for CMake module files
[0.804s] [34mcolcon.colcon_core.environment[0m [1;30mLevel 1[0m checking '/home/smith/ros2_learning/install/ros2_learning_gazebo' for CMake config files
[0.805s] [34mcolcon.colcon_core.shell[0m [1;30mLevel 1[0m create_environment_hook('ros2_learning_gazebo', 'cmake_prefix_path')
[0.805s] [34mcolcon.colcon_core.shell[0m [1;30mINFO[0m Creating environment hook '/home/smith/ros2_learning/install/ros2_learning_gazebo/share/ros2_learning_gazebo/hook/cmake_prefix_path.ps1'
[0.805s] [34mcolcon.colcon_core.shell[0m [1;30mINFO[0m Creating environment descriptor '/home/smith/ros2_learning/install/ros2_learning_gazebo/share/ros2_learning_gazebo/hook/cmake_prefix_path.dsv'
[0.805s] [34mcolcon.colcon_core.shell[0m [1;30mINFO[0m Creating environment hook '/home/smith/ros2_learning/install/ros2_learning_gazebo/share/ros2_learning_gazebo/hook/cmake_prefix_path.sh'
[0.806s] [34mcolcon.colcon_core.environment[0m [1;30mLevel 1[0m checking '/home/smith/ros2_learning/install/ros2_learning_gazebo/lib'
[0.806s] [34mcolcon.colcon_core.environment[0m [1;30mLevel 1[0m checking '/home/smith/ros2_learning/install/ros2_learning_gazebo/bin'
[0.806s] [34mcolcon.colcon_core.environment[0m [1;30mLevel 1[0m checking '/home/smith/ros2_learning/install/ros2_learning_gazebo/lib/pkgconfig/ros2_learning_gazebo.pc'
[0.806s] [34mcolcon.colcon_core.environment[0m [1;30mLevel 1[0m checking '/home/smith/ros2_learning/install/ros2_learning_gazebo/lib/python3.10/site-packages'
[0.806s] [34mcolcon.colcon_core.environment[0m [1;30mLevel 1[0m checking '/home/smith/ros2_learning/install/ros2_learning_gazebo/bin'
[0.806s] [34mcolcon.colcon_core.shell[0m [1;30mINFO[0m Creating package script '/home/smith/ros2_learning/install/ros2_learning_gazebo/share/ros2_learning_gazebo/package.ps1'
[0.807s] [34mcolcon.colcon_core.shell[0m [1;30mINFO[0m Creating package descriptor '/home/smith/ros2_learning/install/ros2_learning_gazebo/share/ros2_learning_gazebo/package.dsv'
[0.807s] [34mcolcon.colcon_core.shell[0m [1;30mINFO[0m Creating package script '/home/smith/ros2_learning/install/ros2_learning_gazebo/share/ros2_learning_gazebo/package.sh'
[0.807s] [34mcolcon.colcon_core.shell[0m [1;30mINFO[0m Creating package script '/home/smith/ros2_learning/install/ros2_learning_gazebo/share/ros2_learning_gazebo/package.bash'
[0.807s] [34mcolcon.colcon_core.shell[0m [1;30mINFO[0m Creating package script '/home/smith/ros2_learning/install/ros2_learning_gazebo/share/ros2_learning_gazebo/package.zsh'
[0.808s] [34mcolcon.colcon_core.environment[0m [1;30mLevel 1[0m create_file_with_runtime_dependencies(/home/smith/ros2_learning/install/ros2_learning_gazebo/share/colcon-core/packages/ros2_learning_gazebo)
[0.808s] [34mcolcon.colcon_parallel_executor.executor.parallel[0m [1;30mDEBUG[0m [32mclosing loop[0m
[0.808s] [34mcolcon.colcon_parallel_executor.executor.parallel[0m [1;30mDEBUG[0m [32mloop closed[0m
[0.808s] [34mcolcon.colcon_parallel_executor.executor.parallel[0m [1;30mDEBUG[0m [32mrun_until_complete finished with '0'[0m
[0.808s] [34mcolcon.colcon_core.event_reactor[0m [1;30mDEBUG[0m [32mjoining thread[0m
[0.812s] [34mcolcon.colcon_core.plugin_system[0m [1;30mINFO[0m Skipping extension 'colcon_notification.desktop_notification.terminal_notifier': Not used on non-Darwin systems
[0.812s] [34mcolcon.colcon_core.plugin_system[0m [1;30mINFO[0m Skipping extension 'colcon_notification.desktop_notification.win32': Not used on non-Windows systems
[0.812s] [34mcolcon.colcon_notification.desktop_notification[0m [1;30mINFO[0m Sending desktop notification using 'notify2'
[0.820s] [34mcolcon.colcon_core.event_reactor[0m [1;30mDEBUG[0m [32mjoined thread[0m
[0.821s] [34mcolcon.colcon_core.shell[0m [1;30mINFO[0m Creating prefix script '/home/smith/ros2_learning/install/local_setup.ps1'
[0.821s] [34mcolcon.colcon_core.shell[0m [1;30mINFO[0m Creating prefix util module '/home/smith/ros2_learning/install/_local_setup_util_ps1.py'
[0.823s] [34mcolcon.colcon_core.shell[0m [1;30mINFO[0m Creating prefix chain script '/home/smith/ros2_learning/install/setup.ps1'
[0.824s] [34mcolcon.colcon_core.shell[0m [1;30mINFO[0m Creating prefix script '/home/smith/ros2_learning/install/local_setup.sh'
[0.824s] [34mcolcon.colcon_core.shell[0m [1;30mINFO[0m Creating prefix util module '/home/smith/ros2_learning/install/_local_setup_util_sh.py'
[0.825s] [34mcolcon.colcon_core.shell[0m [1;30mINFO[0m Creating prefix chain script '/home/smith/ros2_learning/install/setup.sh'
[0.826s] [34mcolcon.colcon_core.shell[0m [1;30mINFO[0m Creating prefix script '/home/smith/ros2_learning/install/local_setup.bash'
[0.826s] [34mcolcon.colcon_core.shell[0m [1;30mINFO[0m Creating prefix chain script '/home/smith/ros2_learning/install/setup.bash'
[0.827s] [34mcolcon.colcon_core.shell[0m [1;30mINFO[0m Creating prefix script '/home/smith/ros2_learning/install/local_setup.zsh'
[0.828s] [34mcolcon.colcon_core.shell[0m [1;30mINFO[0m Creating prefix chain script '/home/smith/ros2_learning/install/setup.zsh'
