[0.007s] Invoking command in '/home/smith/ros2_learning/build/ros2_learning_gazebo': AMENT_PREFIX_PATH=/home/smith/ros2_learning/install/ros2_learning_msg:${AMENT_PREFIX_PATH} CMAKE_PREFIX_PATH=/home/smith/ros2_learning/install/ros2_learning_msg:/home/smith/colcon_ws/install/orca_nav2:/home/smith/colcon_ws/install/orca_base:/home/smith/colcon_ws/install/orca_shared:/home/smith/colcon_ws/install/ros2_shared:/home/smith/colcon_ws/install/orca_msgs:/home/smith/colcon_ws/install/orca_description:/home/smith/colcon_ws/install/orca_bringup:/home/smith/colcon_ws/install/orb_slam2_ros:/home/smith/colcon_ws/install/bluerov2_gz:/opt/ros/humble LD_LIBRARY_PATH=/home/smith/ros2_learning/install/ros2_learning_msg/lib:${LD_LIBRARY_PATH} PYTHONPATH=/home/smith/ros2_learning/install/ros2_learning_msg/local/lib/python3.10/dist-packages:${PYTHONPATH} /home/smith/.local/bin/cmake /home/smith/ros2_learning/ros2_learning_gazebo -DCMAKE_INSTALL_PREFIX=/home/smith/ros2_learning/install/ros2_learning_gazebo
[0.066s] -- The C compiler identification is GNU 11.4.0
[0.111s] -- The CXX compiler identification is GNU 11.4.0
[0.120s] -- Detecting C compiler ABI info
[0.155s] -- Detecting C compiler ABI info - done
[0.163s] -- Check for working C compiler: /usr/lib/ccache/cc - skipped
[0.163s] -- Detecting C compile features
[0.164s] -- Detecting C compile features - done
[0.166s] -- Detecting CXX compiler ABI info
[0.208s] -- Detecting CXX compiler ABI info - done
[0.217s] -- Check for working CXX compiler: /usr/lib/ccache/c++ - skipped
[0.217s] -- Detecting CXX compile features
[0.218s] -- Detecting CXX compile features - done
[0.220s] -- Found ament_cmake: 1.3.12 (/opt/ros/humble/share/ament_cmake/cmake)
[0.501s] -- Found Python3: /usr/bin/python3 (found version "3.10.12") found components: Interpreter 
[0.584s] -- Found rclpy: 3.3.19 (/opt/ros/humble/share/rclpy/cmake)
[0.585s] -- Found std_msgs: 4.9.0 (/opt/ros/humble/share/std_msgs/cmake)
[0.620s] -- Found rosidl_generator_c: 3.1.7 (/opt/ros/humble/share/rosidl_generator_c/cmake)
[0.625s] -- Found rosidl_adapter: 3.1.7 (/opt/ros/humble/share/rosidl_adapter/cmake)
[0.634s] -- Found rosidl_generator_cpp: 3.1.7 (/opt/ros/humble/share/rosidl_generator_cpp/cmake)
[0.646s] -- Using all available rosidl_typesupport_c: rosidl_typesupport_fastrtps_c;rosidl_typesupport_introspection_c
[0.661s] -- Using all available rosidl_typesupport_cpp: rosidl_typesupport_fastrtps_cpp;rosidl_typesupport_introspection_cpp
[0.686s] -- Found geometry_msgs: 4.9.0 (/opt/ros/humble/share/geometry_msgs/cmake)
[0.700s] -- Found sensor_msgs: 4.9.0 (/opt/ros/humble/share/sensor_msgs/cmake)
[0.725s] -- Found nav_msgs: 4.9.0 (/opt/ros/humble/share/nav_msgs/cmake)
[0.811s] -- Configuring done (0.8s)
[0.813s] -- Generating done (0.0s)
[0.815s] -- Build files have been written to: /home/smith/ros2_learning/build/ros2_learning_gazebo
[0.823s] Invoked command in '/home/smith/ros2_learning/build/ros2_learning_gazebo' returned '0': AMENT_PREFIX_PATH=/home/smith/ros2_learning/install/ros2_learning_msg:${AMENT_PREFIX_PATH} CMAKE_PREFIX_PATH=/home/smith/ros2_learning/install/ros2_learning_msg:/home/smith/colcon_ws/install/orca_nav2:/home/smith/colcon_ws/install/orca_base:/home/smith/colcon_ws/install/orca_shared:/home/smith/colcon_ws/install/ros2_shared:/home/smith/colcon_ws/install/orca_msgs:/home/smith/colcon_ws/install/orca_description:/home/smith/colcon_ws/install/orca_bringup:/home/smith/colcon_ws/install/orb_slam2_ros:/home/smith/colcon_ws/install/bluerov2_gz:/opt/ros/humble LD_LIBRARY_PATH=/home/smith/ros2_learning/install/ros2_learning_msg/lib:${LD_LIBRARY_PATH} PYTHONPATH=/home/smith/ros2_learning/install/ros2_learning_msg/local/lib/python3.10/dist-packages:${PYTHONPATH} /home/smith/.local/bin/cmake /home/smith/ros2_learning/ros2_learning_gazebo -DCMAKE_INSTALL_PREFIX=/home/smith/ros2_learning/install/ros2_learning_gazebo
[0.824s] Invoking command in '/home/smith/ros2_learning/build/ros2_learning_gazebo': AMENT_PREFIX_PATH=/home/smith/ros2_learning/install/ros2_learning_msg:${AMENT_PREFIX_PATH} CMAKE_PREFIX_PATH=/home/smith/ros2_learning/install/ros2_learning_msg:/home/smith/colcon_ws/install/orca_nav2:/home/smith/colcon_ws/install/orca_base:/home/smith/colcon_ws/install/orca_shared:/home/smith/colcon_ws/install/ros2_shared:/home/smith/colcon_ws/install/orca_msgs:/home/smith/colcon_ws/install/orca_description:/home/smith/colcon_ws/install/orca_bringup:/home/smith/colcon_ws/install/orb_slam2_ros:/home/smith/colcon_ws/install/bluerov2_gz:/opt/ros/humble LD_LIBRARY_PATH=/home/smith/ros2_learning/install/ros2_learning_msg/lib:${LD_LIBRARY_PATH} PYTHONPATH=/home/smith/ros2_learning/install/ros2_learning_msg/local/lib/python3.10/dist-packages:${PYTHONPATH} /home/smith/.local/bin/cmake --build /home/smith/ros2_learning/build/ros2_learning_gazebo -- -j8 -l8
[0.859s] Invoked command in '/home/smith/ros2_learning/build/ros2_learning_gazebo' returned '0': AMENT_PREFIX_PATH=/home/smith/ros2_learning/install/ros2_learning_msg:${AMENT_PREFIX_PATH} CMAKE_PREFIX_PATH=/home/smith/ros2_learning/install/ros2_learning_msg:/home/smith/colcon_ws/install/orca_nav2:/home/smith/colcon_ws/install/orca_base:/home/smith/colcon_ws/install/orca_shared:/home/smith/colcon_ws/install/ros2_shared:/home/smith/colcon_ws/install/orca_msgs:/home/smith/colcon_ws/install/orca_description:/home/smith/colcon_ws/install/orca_bringup:/home/smith/colcon_ws/install/orb_slam2_ros:/home/smith/colcon_ws/install/bluerov2_gz:/opt/ros/humble LD_LIBRARY_PATH=/home/smith/ros2_learning/install/ros2_learning_msg/lib:${LD_LIBRARY_PATH} PYTHONPATH=/home/smith/ros2_learning/install/ros2_learning_msg/local/lib/python3.10/dist-packages:${PYTHONPATH} /home/smith/.local/bin/cmake --build /home/smith/ros2_learning/build/ros2_learning_gazebo -- -j8 -l8
[0.861s] Invoking command in '/home/smith/ros2_learning/build/ros2_learning_gazebo': AMENT_PREFIX_PATH=/home/smith/ros2_learning/install/ros2_learning_msg:${AMENT_PREFIX_PATH} CMAKE_PREFIX_PATH=/home/smith/ros2_learning/install/ros2_learning_msg:/home/smith/colcon_ws/install/orca_nav2:/home/smith/colcon_ws/install/orca_base:/home/smith/colcon_ws/install/orca_shared:/home/smith/colcon_ws/install/ros2_shared:/home/smith/colcon_ws/install/orca_msgs:/home/smith/colcon_ws/install/orca_description:/home/smith/colcon_ws/install/orca_bringup:/home/smith/colcon_ws/install/orb_slam2_ros:/home/smith/colcon_ws/install/bluerov2_gz:/opt/ros/humble LD_LIBRARY_PATH=/home/smith/ros2_learning/install/ros2_learning_msg/lib:${LD_LIBRARY_PATH} PYTHONPATH=/home/smith/ros2_learning/install/ros2_learning_msg/local/lib/python3.10/dist-packages:${PYTHONPATH} /home/smith/.local/bin/cmake --install /home/smith/ros2_learning/build/ros2_learning_gazebo
[0.882s] -- Install configuration: ""
[0.882s] -- Installing: /home/smith/ros2_learning/install/ros2_learning_gazebo/lib/ros2_learning_gazebo/gazebo_bridge_node.py
[0.882s] -- Installing: /home/smith/ros2_learning/install/ros2_learning_gazebo/lib/ros2_learning_gazebo/model_spawner.py
[0.883s] -- Installing: /home/smith/ros2_learning/install/ros2_learning_gazebo/lib/ros2_learning_gazebo/pose_publisher.py
[0.883s] -- Installing: /home/smith/ros2_learning/install/ros2_learning_gazebo/lib/ros2_learning_gazebo/velocity_controller.py
[0.883s] -- Installing: /home/smith/ros2_learning/install/ros2_learning_gazebo/lib/ros2_learning_gazebo/sensor_reader.py
[0.883s] -- Installing: /home/smith/ros2_learning/install/ros2_learning_gazebo/share/ros2_learning_gazebo/launch
[0.883s] -- Installing: /home/smith/ros2_learning/install/ros2_learning_gazebo/share/ros2_learning_gazebo/launch/gazebo_sim.launch.py
[0.883s] -- Installing: /home/smith/ros2_learning/install/ros2_learning_gazebo/share/ros2_learning_gazebo/config
[0.883s] -- Installing: /home/smith/ros2_learning/install/ros2_learning_gazebo/share/ros2_learning_gazebo/config/worlds
[0.883s] -- Installing: /home/smith/ros2_learning/install/ros2_learning_gazebo/share/ros2_learning_gazebo/config/worlds/underwater.sdf
[0.883s] -- Installing: /home/smith/ros2_learning/install/ros2_learning_gazebo/share/ros2_learning_gazebo/config/bridge_config.yaml
[0.883s] -- Installing: /home/smith/ros2_learning/install/ros2_learning_gazebo/share/ament_index/resource_index/package_run_dependencies/ros2_learning_gazebo
[0.883s] -- Installing: /home/smith/ros2_learning/install/ros2_learning_gazebo/share/ament_index/resource_index/parent_prefix_path/ros2_learning_gazebo
[0.883s] -- Installing: /home/smith/ros2_learning/install/ros2_learning_gazebo/share/ros2_learning_gazebo/environment/ament_prefix_path.sh
[0.883s] -- Installing: /home/smith/ros2_learning/install/ros2_learning_gazebo/share/ros2_learning_gazebo/environment/ament_prefix_path.dsv
[0.883s] -- Installing: /home/smith/ros2_learning/install/ros2_learning_gazebo/share/ros2_learning_gazebo/environment/path.sh
[0.883s] -- Installing: /home/smith/ros2_learning/install/ros2_learning_gazebo/share/ros2_learning_gazebo/environment/path.dsv
[0.884s] -- Installing: /home/smith/ros2_learning/install/ros2_learning_gazebo/share/ros2_learning_gazebo/local_setup.bash
[0.884s] -- Installing: /home/smith/ros2_learning/install/ros2_learning_gazebo/share/ros2_learning_gazebo/local_setup.sh
[0.884s] -- Installing: /home/smith/ros2_learning/install/ros2_learning_gazebo/share/ros2_learning_gazebo/local_setup.zsh
[0.884s] -- Installing: /home/smith/ros2_learning/install/ros2_learning_gazebo/share/ros2_learning_gazebo/local_setup.dsv
[0.884s] -- Installing: /home/smith/ros2_learning/install/ros2_learning_gazebo/share/ros2_learning_gazebo/package.dsv
[0.884s] -- Installing: /home/smith/ros2_learning/install/ros2_learning_gazebo/share/ament_index/resource_index/packages/ros2_learning_gazebo
[0.884s] -- Installing: /home/smith/ros2_learning/install/ros2_learning_gazebo/share/ros2_learning_gazebo/cmake/ros2_learning_gazeboConfig.cmake
[0.884s] -- Installing: /home/smith/ros2_learning/install/ros2_learning_gazebo/share/ros2_learning_gazebo/cmake/ros2_learning_gazeboConfig-version.cmake
[0.884s] -- Installing: /home/smith/ros2_learning/install/ros2_learning_gazebo/share/ros2_learning_gazebo/package.xml
[0.889s] Invoked command in '/home/smith/ros2_learning/build/ros2_learning_gazebo' returned '0': AMENT_PREFIX_PATH=/home/smith/ros2_learning/install/ros2_learning_msg:${AMENT_PREFIX_PATH} CMAKE_PREFIX_PATH=/home/smith/ros2_learning/install/ros2_learning_msg:/home/smith/colcon_ws/install/orca_nav2:/home/smith/colcon_ws/install/orca_base:/home/smith/colcon_ws/install/orca_shared:/home/smith/colcon_ws/install/ros2_shared:/home/smith/colcon_ws/install/orca_msgs:/home/smith/colcon_ws/install/orca_description:/home/smith/colcon_ws/install/orca_bringup:/home/smith/colcon_ws/install/orb_slam2_ros:/home/smith/colcon_ws/install/bluerov2_gz:/opt/ros/humble LD_LIBRARY_PATH=/home/smith/ros2_learning/install/ros2_learning_msg/lib:${LD_LIBRARY_PATH} PYTHONPATH=/home/smith/ros2_learning/install/ros2_learning_msg/local/lib/python3.10/dist-packages:${PYTHONPATH} /home/smith/.local/bin/cmake --install /home/smith/ros2_learning/build/ros2_learning_gazebo
