-- The C compiler identification is GNU 11.4.0
-- The CXX compiler identification is GNU 11.4.0
-- Detecting C compiler ABI info
-- Detecting C compiler ABI info - done
-- Check for working C compiler: /usr/lib/ccache/cc - skipped
-- Detecting C compile features
-- Detecting C compile features - done
-- Detecting CXX compiler ABI info
-- Detecting CXX compiler ABI info - done
-- Check for working CXX compiler: /usr/lib/ccache/c++ - skipped
-- Detecting CXX compile features
-- Detecting CXX compile features - done
-- Found ament_cmake: 1.3.12 (/opt/ros/humble/share/ament_cmake/cmake)
-- Found Python3: /usr/bin/python3 (found version "3.10.12") found components: Interpreter 
-- Found rclpy: 3.3.19 (/opt/ros/humble/share/rclpy/cmake)
-- Found std_msgs: 4.9.0 (/opt/ros/humble/share/std_msgs/cmake)
-- Found rosidl_generator_c: 3.1.7 (/opt/ros/humble/share/rosidl_generator_c/cmake)
-- Found rosidl_adapter: 3.1.7 (/opt/ros/humble/share/rosidl_adapter/cmake)
-- Found rosidl_generator_cpp: 3.1.7 (/opt/ros/humble/share/rosidl_generator_cpp/cmake)
-- Using all available rosidl_typesupport_c: rosidl_typesupport_fastrtps_c;rosidl_typesupport_introspection_c
-- Using all available rosidl_typesupport_cpp: rosidl_typesupport_fastrtps_cpp;rosidl_typesupport_introspection_cpp
-- Found geometry_msgs: 4.9.0 (/opt/ros/humble/share/geometry_msgs/cmake)
-- Found sensor_msgs: 4.9.0 (/opt/ros/humble/share/sensor_msgs/cmake)
-- Found rosidl_default_generators: 1.2.0 (/opt/ros/humble/share/rosidl_default_generators/cmake)
-- Found ament_cmake_ros: 0.10.0 (/opt/ros/humble/share/ament_cmake_ros/cmake)
-- Using all available rosidl_typesupport_c: rosidl_typesupport_fastrtps_c;rosidl_typesupport_introspection_c
-- Using all available rosidl_typesupport_cpp: rosidl_typesupport_fastrtps_cpp;rosidl_typesupport_introspection_cpp
-- Found PythonInterp: /usr/bin/python3 (found suitable version "3.10.12", minimum required is "3.6") 
-- Found python_cmake_module: 0.10.0 (/opt/ros/humble/share/python_cmake_module/cmake)
-- Found PythonLibs: /usr/lib/x86_64-linux-gnu/libpython3.10.so (found suitable version "3.10.12", minimum required is "3.5") 
-- Using PYTHON_EXECUTABLE: /usr/bin/python3
-- Using PYTHON_INCLUDE_DIRS: /usr/include/python3.10
-- Using PYTHON_LIBRARIES: /usr/lib/x86_64-linux-gnu/libpython3.10.so
-- Found PythonExtra: .so  
-- Configuring done (1.8s)
-- Generating done (0.0s)
-- Build files have been written to: /home/smith/ros2_learning/build/ros2_learning_msg
[  1%] [34m[1mGenerating C code for ROS interfaces[0m
[  3%] [34m[1mGenerating C++ code for ROS interfaces[0m
[  3%] Built target ament_cmake_python_copy_ros2_learning_msg
running egg_info
creating ros2_learning_msg.egg-info
writing ros2_learning_msg.egg-info/PKG-INFO
writing dependency_links to ros2_learning_msg.egg-info/dependency_links.txt
writing top-level names to ros2_learning_msg.egg-info/top_level.txt
writing manifest file 'ros2_learning_msg.egg-info/SOURCES.txt'
reading manifest file 'ros2_learning_msg.egg-info/SOURCES.txt'
writing manifest file 'ros2_learning_msg.egg-info/SOURCES.txt'
[  3%] Built target ament_cmake_python_build_ros2_learning_msg_egg
[  3%] Built target ros2_learning_msg__cpp
[  5%] [34m[1mGenerating C++ introspection for ROS interfaces[0m
[  7%] [34m[1mGenerating C++ type support dispatch for ROS interfaces[0m
[  9%] [34m[1mGenerating C++ type support for eProsima Fast-RTPS[0m
[ 10%] [32mBuilding C object CMakeFiles/ros2_learning_msg__rosidl_generator_c.dir/rosidl_generator_c/ros2_learning_msg/msg/detail/robot_status__functions.c.o[0m
[ 12%] [32mBuilding C object CMakeFiles/ros2_learning_msg__rosidl_generator_c.dir/rosidl_generator_c/ros2_learning_msg/msg/detail/sensor_data__functions.c.o[0m
[ 14%] [32mBuilding C object CMakeFiles/ros2_learning_msg__rosidl_generator_c.dir/rosidl_generator_c/ros2_learning_msg/srv/detail/get_status__functions.c.o[0m
[ 16%] [32mBuilding C object CMakeFiles/ros2_learning_msg__rosidl_generator_c.dir/rosidl_generator_c/ros2_learning_msg/srv/detail/set_command__functions.c.o[0m
[ 18%] [32m[1mLinking C shared library libros2_learning_msg__rosidl_generator_c.so[0m
[ 18%] Built target ros2_learning_msg__rosidl_generator_c
[ 20%] [34m[1mGenerating C type support dispatch for ROS interfaces[0m
[ 23%] [34m[1mGenerating C type support for eProsima Fast-RTPS[0m
[ 23%] [34m[1mGenerating C introspection for ROS interfaces[0m
[ 25%] [32mBuilding CXX object CMakeFiles/ros2_learning_msg__rosidl_typesupport_cpp.dir/rosidl_typesupport_cpp/ros2_learning_msg/msg/robot_status__type_support.cpp.o[0m
[ 29%] [32mBuilding CXX object CMakeFiles/ros2_learning_msg__rosidl_typesupport_cpp.dir/rosidl_typesupport_cpp/ros2_learning_msg/msg/sensor_data__type_support.cpp.o[0m
[ 27%] [32mBuilding CXX object CMakeFiles/ros2_learning_msg__rosidl_typesupport_cpp.dir/rosidl_typesupport_cpp/ros2_learning_msg/srv/get_status__type_support.cpp.o[0m
[ 30%] [32mBuilding CXX object CMakeFiles/ros2_learning_msg__rosidl_typesupport_introspection_cpp.dir/rosidl_typesupport_introspection_cpp/ros2_learning_msg/msg/detail/robot_status__type_support.cpp.o[0m
[ 32%] [32mBuilding CXX object CMakeFiles/ros2_learning_msg__rosidl_typesupport_cpp.dir/rosidl_typesupport_cpp/ros2_learning_msg/srv/set_command__type_support.cpp.o[0m
[ 34%] [32mBuilding CXX object CMakeFiles/ros2_learning_msg__rosidl_typesupport_introspection_cpp.dir/rosidl_typesupport_introspection_cpp/ros2_learning_msg/msg/detail/sensor_data__type_support.cpp.o[0m
[ 36%] [32mBuilding CXX object CMakeFiles/ros2_learning_msg__rosidl_typesupport_fastrtps_cpp.dir/rosidl_typesupport_fastrtps_cpp/ros2_learning_msg/msg/detail/dds_fastrtps/robot_status__type_support.cpp.o[0m
[ 38%] [32mBuilding CXX object CMakeFiles/ros2_learning_msg__rosidl_typesupport_fastrtps_cpp.dir/rosidl_typesupport_fastrtps_cpp/ros2_learning_msg/msg/detail/dds_fastrtps/sensor_data__type_support.cpp.o[0m
[ 40%] [32mBuilding CXX object CMakeFiles/ros2_learning_msg__rosidl_typesupport_c.dir/rosidl_typesupport_c/ros2_learning_msg/msg/robot_status__type_support.cpp.o[0m
[ 41%] [32mBuilding CXX object CMakeFiles/ros2_learning_msg__rosidl_typesupport_c.dir/rosidl_typesupport_c/ros2_learning_msg/msg/sensor_data__type_support.cpp.o[0m
[ 43%] [32mBuilding CXX object CMakeFiles/ros2_learning_msg__rosidl_typesupport_c.dir/rosidl_typesupport_c/ros2_learning_msg/srv/get_status__type_support.cpp.o[0m
[ 45%] [32mBuilding C object CMakeFiles/ros2_learning_msg__rosidl_typesupport_introspection_c.dir/rosidl_typesupport_introspection_c/ros2_learning_msg/msg/detail/robot_status__type_support.c.o[0m
[ 47%] [32mBuilding CXX object CMakeFiles/ros2_learning_msg__rosidl_typesupport_fastrtps_c.dir/rosidl_typesupport_fastrtps_c/ros2_learning_msg/msg/detail/robot_status__type_support_c.cpp.o[0m
[ 49%] [32mBuilding CXX object CMakeFiles/ros2_learning_msg__rosidl_typesupport_c.dir/rosidl_typesupport_c/ros2_learning_msg/srv/set_command__type_support.cpp.o[0m
[ 50%] [32mBuilding CXX object CMakeFiles/ros2_learning_msg__rosidl_typesupport_fastrtps_cpp.dir/rosidl_typesupport_fastrtps_cpp/ros2_learning_msg/srv/detail/dds_fastrtps/get_status__type_support.cpp.o[0m
[ 52%] [32mBuilding C object CMakeFiles/ros2_learning_msg__rosidl_typesupport_introspection_c.dir/rosidl_typesupport_introspection_c/ros2_learning_msg/msg/detail/sensor_data__type_support.c.o[0m
[ 54%] [32m[1mLinking CXX shared library libros2_learning_msg__rosidl_typesupport_c.so[0m
[ 56%] [32mBuilding C object CMakeFiles/ros2_learning_msg__rosidl_typesupport_introspection_c.dir/rosidl_typesupport_introspection_c/ros2_learning_msg/srv/detail/get_status__type_support.c.o[0m
[ 56%] Built target ros2_learning_msg__rosidl_typesupport_c
[ 58%] [32mBuilding C object CMakeFiles/ros2_learning_msg__rosidl_typesupport_introspection_c.dir/rosidl_typesupport_introspection_c/ros2_learning_msg/srv/detail/set_command__type_support.c.o[0m
[ 60%] [32mBuilding CXX object CMakeFiles/ros2_learning_msg__rosidl_typesupport_fastrtps_c.dir/rosidl_typesupport_fastrtps_c/ros2_learning_msg/msg/detail/sensor_data__type_support_c.cpp.o[0m
[ 61%] [32m[1mLinking C shared library libros2_learning_msg__rosidl_typesupport_introspection_c.so[0m
[ 63%] [32m[1mLinking CXX shared library libros2_learning_msg__rosidl_typesupport_cpp.so[0m
[ 63%] Built target ros2_learning_msg__rosidl_typesupport_introspection_c
[ 65%] [32mBuilding CXX object CMakeFiles/ros2_learning_msg__rosidl_typesupport_fastrtps_cpp.dir/rosidl_typesupport_fastrtps_cpp/ros2_learning_msg/srv/detail/dds_fastrtps/set_command__type_support.cpp.o[0m
[ 65%] Built target ros2_learning_msg__rosidl_typesupport_cpp
[ 67%] [32mBuilding CXX object CMakeFiles/ros2_learning_msg__rosidl_typesupport_introspection_cpp.dir/rosidl_typesupport_introspection_cpp/ros2_learning_msg/srv/detail/get_status__type_support.cpp.o[0m
[ 69%] [32mBuilding CXX object CMakeFiles/ros2_learning_msg__rosidl_typesupport_fastrtps_c.dir/rosidl_typesupport_fastrtps_c/ros2_learning_msg/srv/detail/get_status__type_support_c.cpp.o[0m
[ 70%] [32mBuilding CXX object CMakeFiles/ros2_learning_msg__rosidl_typesupport_fastrtps_c.dir/rosidl_typesupport_fastrtps_c/ros2_learning_msg/srv/detail/set_command__type_support_c.cpp.o[0m
[ 72%] [32mBuilding CXX object CMakeFiles/ros2_learning_msg__rosidl_typesupport_introspection_cpp.dir/rosidl_typesupport_introspection_cpp/ros2_learning_msg/srv/detail/set_command__type_support.cpp.o[0m
[ 74%] [32m[1mLinking CXX shared library libros2_learning_msg__rosidl_typesupport_fastrtps_cpp.so[0m
[ 76%] [32m[1mLinking CXX shared library libros2_learning_msg__rosidl_typesupport_fastrtps_c.so[0m
[ 76%] Built target ros2_learning_msg__rosidl_typesupport_fastrtps_cpp
[ 76%] Built target ros2_learning_msg__rosidl_typesupport_fastrtps_c
[ 78%] [32m[1mLinking CXX shared library libros2_learning_msg__rosidl_typesupport_introspection_cpp.so[0m
[ 78%] Built target ros2_learning_msg__rosidl_typesupport_introspection_cpp
[ 78%] Built target ros2_learning_msg
[ 80%] [34m[1mGenerating Python code for ROS interfaces[0m
[ 80%] Built target ros2_learning_msg__py
[ 81%] [32mBuilding C object CMakeFiles/ros2_learning_msg__rosidl_generator_py.dir/rosidl_generator_py/ros2_learning_msg/msg/_robot_status_s.c.o[0m
[ 83%] [32mBuilding C object CMakeFiles/ros2_learning_msg__rosidl_generator_py.dir/rosidl_generator_py/ros2_learning_msg/msg/_sensor_data_s.c.o[0m
[ 85%] [32mBuilding C object CMakeFiles/ros2_learning_msg__rosidl_generator_py.dir/rosidl_generator_py/ros2_learning_msg/srv/_get_status_s.c.o[0m
[ 87%] [32mBuilding C object CMakeFiles/ros2_learning_msg__rosidl_generator_py.dir/rosidl_generator_py/ros2_learning_msg/srv/_set_command_s.c.o[0m
[ 89%] [32m[1mLinking C shared library rosidl_generator_py/ros2_learning_msg/libros2_learning_msg__rosidl_generator_py.so[0m
[ 89%] Built target ros2_learning_msg__rosidl_generator_py
[ 90%] [32mBuilding C object CMakeFiles/ros2_learning_msg__rosidl_typesupport_introspection_c__pyext.dir/rosidl_generator_py/ros2_learning_msg/_ros2_learning_msg_s.ep.rosidl_typesupport_introspection_c.c.o[0m
[ 92%] [32mBuilding C object CMakeFiles/ros2_learning_msg__rosidl_typesupport_fastrtps_c__pyext.dir/rosidl_generator_py/ros2_learning_msg/_ros2_learning_msg_s.ep.rosidl_typesupport_fastrtps_c.c.o[0m
[ 94%] [32mBuilding C object CMakeFiles/ros2_learning_msg__rosidl_typesupport_c__pyext.dir/rosidl_generator_py/ros2_learning_msg/_ros2_learning_msg_s.ep.rosidl_typesupport_c.c.o[0m
[ 98%] [32m[1mLinking C shared library rosidl_generator_py/ros2_learning_msg/ros2_learning_msg_s__rosidl_typesupport_introspection_c.cpython-310-x86_64-linux-gnu.so[0m
[ 98%] [32m[1mLinking C shared library rosidl_generator_py/ros2_learning_msg/ros2_learning_msg_s__rosidl_typesupport_c.cpython-310-x86_64-linux-gnu.so[0m
[100%] [32m[1mLinking C shared library rosidl_generator_py/ros2_learning_msg/ros2_learning_msg_s__rosidl_typesupport_fastrtps_c.cpython-310-x86_64-linux-gnu.so[0m
[100%] Built target ros2_learning_msg__rosidl_typesupport_c__pyext
[100%] Built target ros2_learning_msg__rosidl_typesupport_introspection_c__pyext
[100%] Built target ros2_learning_msg__rosidl_typesupport_fastrtps_c__pyext
-- Install configuration: ""
-- Installing: /home/smith/ros2_learning/install/ros2_learning_msg/share/ament_index/resource_index/rosidl_interfaces/ros2_learning_msg
-- Installing: /home/smith/ros2_learning/install/ros2_learning_msg/include/ros2_learning_msg/ros2_learning_msg
-- Installing: /home/smith/ros2_learning/install/ros2_learning_msg/include/ros2_learning_msg/ros2_learning_msg/srv
-- Installing: /home/smith/ros2_learning/install/ros2_learning_msg/include/ros2_learning_msg/ros2_learning_msg/srv/set_command.h
-- Installing: /home/smith/ros2_learning/install/ros2_learning_msg/include/ros2_learning_msg/ros2_learning_msg/srv/get_status.h
-- Installing: /home/smith/ros2_learning/install/ros2_learning_msg/include/ros2_learning_msg/ros2_learning_msg/srv/detail
-- Installing: /home/smith/ros2_learning/install/ros2_learning_msg/include/ros2_learning_msg/ros2_learning_msg/srv/detail/set_command__type_support.h
-- Installing: /home/smith/ros2_learning/install/ros2_learning_msg/include/ros2_learning_msg/ros2_learning_msg/srv/detail/get_status__type_support.h
-- Installing: /home/smith/ros2_learning/install/ros2_learning_msg/include/ros2_learning_msg/ros2_learning_msg/srv/detail/get_status__struct.h
-- Installing: /home/smith/ros2_learning/install/ros2_learning_msg/include/ros2_learning_msg/ros2_learning_msg/srv/detail/set_command__functions.h
-- Installing: /home/smith/ros2_learning/install/ros2_learning_msg/include/ros2_learning_msg/ros2_learning_msg/srv/detail/set_command__struct.h
-- Installing: /home/smith/ros2_learning/install/ros2_learning_msg/include/ros2_learning_msg/ros2_learning_msg/srv/detail/set_command__functions.c
-- Installing: /home/smith/ros2_learning/install/ros2_learning_msg/include/ros2_learning_msg/ros2_learning_msg/srv/detail/get_status__functions.h
-- Installing: /home/smith/ros2_learning/install/ros2_learning_msg/include/ros2_learning_msg/ros2_learning_msg/srv/detail/get_status__functions.c
-- Installing: /home/smith/ros2_learning/install/ros2_learning_msg/include/ros2_learning_msg/ros2_learning_msg/msg
-- Installing: /home/smith/ros2_learning/install/ros2_learning_msg/include/ros2_learning_msg/ros2_learning_msg/msg/rosidl_generator_c__visibility_control.h
-- Installing: /home/smith/ros2_learning/install/ros2_learning_msg/include/ros2_learning_msg/ros2_learning_msg/msg/robot_status.h
-- Installing: /home/smith/ros2_learning/install/ros2_learning_msg/include/ros2_learning_msg/ros2_learning_msg/msg/sensor_data.h
-- Installing: /home/smith/ros2_learning/install/ros2_learning_msg/include/ros2_learning_msg/ros2_learning_msg/msg/detail
-- Installing: /home/smith/ros2_learning/install/ros2_learning_msg/include/ros2_learning_msg/ros2_learning_msg/msg/detail/sensor_data__functions.h
-- Installing: /home/smith/ros2_learning/install/ros2_learning_msg/include/ros2_learning_msg/ros2_learning_msg/msg/detail/sensor_data__struct.h
-- Installing: /home/smith/ros2_learning/install/ros2_learning_msg/include/ros2_learning_msg/ros2_learning_msg/msg/detail/robot_status__type_support.h
-- Installing: /home/smith/ros2_learning/install/ros2_learning_msg/include/ros2_learning_msg/ros2_learning_msg/msg/detail/sensor_data__functions.c
-- Installing: /home/smith/ros2_learning/install/ros2_learning_msg/include/ros2_learning_msg/ros2_learning_msg/msg/detail/robot_status__functions.h
-- Installing: /home/smith/ros2_learning/install/ros2_learning_msg/include/ros2_learning_msg/ros2_learning_msg/msg/detail/robot_status__struct.h
-- Installing: /home/smith/ros2_learning/install/ros2_learning_msg/include/ros2_learning_msg/ros2_learning_msg/msg/detail/robot_status__functions.c
-- Installing: /home/smith/ros2_learning/install/ros2_learning_msg/include/ros2_learning_msg/ros2_learning_msg/msg/detail/sensor_data__type_support.h
-- Installing: /home/smith/ros2_learning/install/ros2_learning_msg/share/ros2_learning_msg/environment/library_path.sh
-- Installing: /home/smith/ros2_learning/install/ros2_learning_msg/share/ros2_learning_msg/environment/library_path.dsv
-- Installing: /home/smith/ros2_learning/install/ros2_learning_msg/lib/libros2_learning_msg__rosidl_generator_c.so
-- Set runtime path of "/home/smith/ros2_learning/install/ros2_learning_msg/lib/libros2_learning_msg__rosidl_generator_c.so" to ""
-- Up-to-date: /home/smith/ros2_learning/install/ros2_learning_msg/include/ros2_learning_msg/ros2_learning_msg
-- Up-to-date: /home/smith/ros2_learning/install/ros2_learning_msg/include/ros2_learning_msg/ros2_learning_msg/srv
-- Up-to-date: /home/smith/ros2_learning/install/ros2_learning_msg/include/ros2_learning_msg/ros2_learning_msg/srv/detail
-- Installing: /home/smith/ros2_learning/install/ros2_learning_msg/include/ros2_learning_msg/ros2_learning_msg/srv/detail/set_command__rosidl_typesupport_fastrtps_c.h
-- Installing: /home/smith/ros2_learning/install/ros2_learning_msg/include/ros2_learning_msg/ros2_learning_msg/srv/detail/get_status__rosidl_typesupport_fastrtps_c.h
-- Up-to-date: /home/smith/ros2_learning/install/ros2_learning_msg/include/ros2_learning_msg/ros2_learning_msg/msg
-- Up-to-date: /home/smith/ros2_learning/install/ros2_learning_msg/include/ros2_learning_msg/ros2_learning_msg/msg/detail
-- Installing: /home/smith/ros2_learning/install/ros2_learning_msg/include/ros2_learning_msg/ros2_learning_msg/msg/detail/sensor_data__rosidl_typesupport_fastrtps_c.h
-- Installing: /home/smith/ros2_learning/install/ros2_learning_msg/include/ros2_learning_msg/ros2_learning_msg/msg/detail/robot_status__rosidl_typesupport_fastrtps_c.h
-- Installing: /home/smith/ros2_learning/install/ros2_learning_msg/include/ros2_learning_msg/ros2_learning_msg/msg/rosidl_typesupport_fastrtps_c__visibility_control.h
-- Installing: /home/smith/ros2_learning/install/ros2_learning_msg/lib/libros2_learning_msg__rosidl_typesupport_fastrtps_c.so
-- Set runtime path of "/home/smith/ros2_learning/install/ros2_learning_msg/lib/libros2_learning_msg__rosidl_typesupport_fastrtps_c.so" to ""
-- Up-to-date: /home/smith/ros2_learning/install/ros2_learning_msg/include/ros2_learning_msg/ros2_learning_msg
-- Up-to-date: /home/smith/ros2_learning/install/ros2_learning_msg/include/ros2_learning_msg/ros2_learning_msg/srv
-- Installing: /home/smith/ros2_learning/install/ros2_learning_msg/include/ros2_learning_msg/ros2_learning_msg/srv/set_command.hpp
-- Installing: /home/smith/ros2_learning/install/ros2_learning_msg/include/ros2_learning_msg/ros2_learning_msg/srv/get_status.hpp
-- Up-to-date: /home/smith/ros2_learning/install/ros2_learning_msg/include/ros2_learning_msg/ros2_learning_msg/srv/detail
-- Installing: /home/smith/ros2_learning/install/ros2_learning_msg/include/ros2_learning_msg/ros2_learning_msg/srv/detail/get_status__builder.hpp
-- Installing: /home/smith/ros2_learning/install/ros2_learning_msg/include/ros2_learning_msg/ros2_learning_msg/srv/detail/get_status__traits.hpp
-- Installing: /home/smith/ros2_learning/install/ros2_learning_msg/include/ros2_learning_msg/ros2_learning_msg/srv/detail/get_status__type_support.hpp
-- Installing: /home/smith/ros2_learning/install/ros2_learning_msg/include/ros2_learning_msg/ros2_learning_msg/srv/detail/set_command__traits.hpp
-- Installing: /home/smith/ros2_learning/install/ros2_learning_msg/include/ros2_learning_msg/ros2_learning_msg/srv/detail/set_command__builder.hpp
-- Installing: /home/smith/ros2_learning/install/ros2_learning_msg/include/ros2_learning_msg/ros2_learning_msg/srv/detail/set_command__type_support.hpp
-- Installing: /home/smith/ros2_learning/install/ros2_learning_msg/include/ros2_learning_msg/ros2_learning_msg/srv/detail/set_command__struct.hpp
-- Installing: /home/smith/ros2_learning/install/ros2_learning_msg/include/ros2_learning_msg/ros2_learning_msg/srv/detail/get_status__struct.hpp
-- Up-to-date: /home/smith/ros2_learning/install/ros2_learning_msg/include/ros2_learning_msg/ros2_learning_msg/msg
-- Installing: /home/smith/ros2_learning/install/ros2_learning_msg/include/ros2_learning_msg/ros2_learning_msg/msg/rosidl_generator_cpp__visibility_control.hpp
-- Installing: /home/smith/ros2_learning/install/ros2_learning_msg/include/ros2_learning_msg/ros2_learning_msg/msg/sensor_data.hpp
-- Up-to-date: /home/smith/ros2_learning/install/ros2_learning_msg/include/ros2_learning_msg/ros2_learning_msg/msg/detail
-- Installing: /home/smith/ros2_learning/install/ros2_learning_msg/include/ros2_learning_msg/ros2_learning_msg/msg/detail/robot_status__struct.hpp
-- Installing: /home/smith/ros2_learning/install/ros2_learning_msg/include/ros2_learning_msg/ros2_learning_msg/msg/detail/sensor_data__struct.hpp
-- Installing: /home/smith/ros2_learning/install/ros2_learning_msg/include/ros2_learning_msg/ros2_learning_msg/msg/detail/robot_status__builder.hpp
-- Installing: /home/smith/ros2_learning/install/ros2_learning_msg/include/ros2_learning_msg/ros2_learning_msg/msg/detail/sensor_data__traits.hpp
-- Installing: /home/smith/ros2_learning/install/ros2_learning_msg/include/ros2_learning_msg/ros2_learning_msg/msg/detail/robot_status__traits.hpp
-- Installing: /home/smith/ros2_learning/install/ros2_learning_msg/include/ros2_learning_msg/ros2_learning_msg/msg/detail/sensor_data__type_support.hpp
-- Installing: /home/smith/ros2_learning/install/ros2_learning_msg/include/ros2_learning_msg/ros2_learning_msg/msg/detail/robot_status__type_support.hpp
-- Installing: /home/smith/ros2_learning/install/ros2_learning_msg/include/ros2_learning_msg/ros2_learning_msg/msg/detail/sensor_data__builder.hpp
-- Installing: /home/smith/ros2_learning/install/ros2_learning_msg/include/ros2_learning_msg/ros2_learning_msg/msg/robot_status.hpp
-- Up-to-date: /home/smith/ros2_learning/install/ros2_learning_msg/include/ros2_learning_msg/ros2_learning_msg
-- Up-to-date: /home/smith/ros2_learning/install/ros2_learning_msg/include/ros2_learning_msg/ros2_learning_msg/srv
-- Up-to-date: /home/smith/ros2_learning/install/ros2_learning_msg/include/ros2_learning_msg/ros2_learning_msg/srv/detail
-- Installing: /home/smith/ros2_learning/install/ros2_learning_msg/include/ros2_learning_msg/ros2_learning_msg/srv/detail/set_command__rosidl_typesupport_fastrtps_cpp.hpp
-- Installing: /home/smith/ros2_learning/install/ros2_learning_msg/include/ros2_learning_msg/ros2_learning_msg/srv/detail/dds_fastrtps
-- Installing: /home/smith/ros2_learning/install/ros2_learning_msg/include/ros2_learning_msg/ros2_learning_msg/srv/detail/get_status__rosidl_typesupport_fastrtps_cpp.hpp
-- Up-to-date: /home/smith/ros2_learning/install/ros2_learning_msg/include/ros2_learning_msg/ros2_learning_msg/msg
-- Installing: /home/smith/ros2_learning/install/ros2_learning_msg/include/ros2_learning_msg/ros2_learning_msg/msg/rosidl_typesupport_fastrtps_cpp__visibility_control.h
-- Up-to-date: /home/smith/ros2_learning/install/ros2_learning_msg/include/ros2_learning_msg/ros2_learning_msg/msg/detail
-- Installing: /home/smith/ros2_learning/install/ros2_learning_msg/include/ros2_learning_msg/ros2_learning_msg/msg/detail/dds_fastrtps
-- Installing: /home/smith/ros2_learning/install/ros2_learning_msg/include/ros2_learning_msg/ros2_learning_msg/msg/detail/robot_status__rosidl_typesupport_fastrtps_cpp.hpp
-- Installing: /home/smith/ros2_learning/install/ros2_learning_msg/include/ros2_learning_msg/ros2_learning_msg/msg/detail/sensor_data__rosidl_typesupport_fastrtps_cpp.hpp
-- Installing: /home/smith/ros2_learning/install/ros2_learning_msg/lib/libros2_learning_msg__rosidl_typesupport_fastrtps_cpp.so
-- Set runtime path of "/home/smith/ros2_learning/install/ros2_learning_msg/lib/libros2_learning_msg__rosidl_typesupport_fastrtps_cpp.so" to ""
-- Up-to-date: /home/smith/ros2_learning/install/ros2_learning_msg/include/ros2_learning_msg/ros2_learning_msg
-- Up-to-date: /home/smith/ros2_learning/install/ros2_learning_msg/include/ros2_learning_msg/ros2_learning_msg/srv
-- Up-to-date: /home/smith/ros2_learning/install/ros2_learning_msg/include/ros2_learning_msg/ros2_learning_msg/srv/detail
-- Installing: /home/smith/ros2_learning/install/ros2_learning_msg/include/ros2_learning_msg/ros2_learning_msg/srv/detail/set_command__type_support.c
-- Installing: /home/smith/ros2_learning/install/ros2_learning_msg/include/ros2_learning_msg/ros2_learning_msg/srv/detail/get_status__type_support.c
-- Installing: /home/smith/ros2_learning/install/ros2_learning_msg/include/ros2_learning_msg/ros2_learning_msg/srv/detail/get_status__rosidl_typesupport_introspection_c.h
-- Installing: /home/smith/ros2_learning/install/ros2_learning_msg/include/ros2_learning_msg/ros2_learning_msg/srv/detail/set_command__rosidl_typesupport_introspection_c.h
-- Up-to-date: /home/smith/ros2_learning/install/ros2_learning_msg/include/ros2_learning_msg/ros2_learning_msg/msg
-- Up-to-date: /home/smith/ros2_learning/install/ros2_learning_msg/include/ros2_learning_msg/ros2_learning_msg/msg/detail
-- Installing: /home/smith/ros2_learning/install/ros2_learning_msg/include/ros2_learning_msg/ros2_learning_msg/msg/detail/robot_status__rosidl_typesupport_introspection_c.h
-- Installing: /home/smith/ros2_learning/install/ros2_learning_msg/include/ros2_learning_msg/ros2_learning_msg/msg/detail/robot_status__type_support.c
-- Installing: /home/smith/ros2_learning/install/ros2_learning_msg/include/ros2_learning_msg/ros2_learning_msg/msg/detail/sensor_data__type_support.c
-- Installing: /home/smith/ros2_learning/install/ros2_learning_msg/include/ros2_learning_msg/ros2_learning_msg/msg/detail/sensor_data__rosidl_typesupport_introspection_c.h
-- Installing: /home/smith/ros2_learning/install/ros2_learning_msg/include/ros2_learning_msg/ros2_learning_msg/msg/rosidl_typesupport_introspection_c__visibility_control.h
-- Installing: /home/smith/ros2_learning/install/ros2_learning_msg/lib/libros2_learning_msg__rosidl_typesupport_introspection_c.so
-- Set runtime path of "/home/smith/ros2_learning/install/ros2_learning_msg/lib/libros2_learning_msg__rosidl_typesupport_introspection_c.so" to ""
-- Installing: /home/smith/ros2_learning/install/ros2_learning_msg/lib/libros2_learning_msg__rosidl_typesupport_c.so
-- Set runtime path of "/home/smith/ros2_learning/install/ros2_learning_msg/lib/libros2_learning_msg__rosidl_typesupport_c.so" to ""
-- Up-to-date: /home/smith/ros2_learning/install/ros2_learning_msg/include/ros2_learning_msg/ros2_learning_msg
-- Up-to-date: /home/smith/ros2_learning/install/ros2_learning_msg/include/ros2_learning_msg/ros2_learning_msg/srv
-- Up-to-date: /home/smith/ros2_learning/install/ros2_learning_msg/include/ros2_learning_msg/ros2_learning_msg/srv/detail
-- Installing: /home/smith/ros2_learning/install/ros2_learning_msg/include/ros2_learning_msg/ros2_learning_msg/srv/detail/set_command__rosidl_typesupport_introspection_cpp.hpp
-- Installing: /home/smith/ros2_learning/install/ros2_learning_msg/include/ros2_learning_msg/ros2_learning_msg/srv/detail/get_status__type_support.cpp
-- Installing: /home/smith/ros2_learning/install/ros2_learning_msg/include/ros2_learning_msg/ros2_learning_msg/srv/detail/get_status__rosidl_typesupport_introspection_cpp.hpp
-- Installing: /home/smith/ros2_learning/install/ros2_learning_msg/include/ros2_learning_msg/ros2_learning_msg/srv/detail/set_command__type_support.cpp
-- Up-to-date: /home/smith/ros2_learning/install/ros2_learning_msg/include/ros2_learning_msg/ros2_learning_msg/msg
-- Up-to-date: /home/smith/ros2_learning/install/ros2_learning_msg/include/ros2_learning_msg/ros2_learning_msg/msg/detail
-- Installing: /home/smith/ros2_learning/install/ros2_learning_msg/include/ros2_learning_msg/ros2_learning_msg/msg/detail/sensor_data__rosidl_typesupport_introspection_cpp.hpp
-- Installing: /home/smith/ros2_learning/install/ros2_learning_msg/include/ros2_learning_msg/ros2_learning_msg/msg/detail/sensor_data__type_support.cpp
-- Installing: /home/smith/ros2_learning/install/ros2_learning_msg/include/ros2_learning_msg/ros2_learning_msg/msg/detail/robot_status__rosidl_typesupport_introspection_cpp.hpp
-- Installing: /home/smith/ros2_learning/install/ros2_learning_msg/include/ros2_learning_msg/ros2_learning_msg/msg/detail/robot_status__type_support.cpp
-- Installing: /home/smith/ros2_learning/install/ros2_learning_msg/lib/libros2_learning_msg__rosidl_typesupport_introspection_cpp.so
-- Set runtime path of "/home/smith/ros2_learning/install/ros2_learning_msg/lib/libros2_learning_msg__rosidl_typesupport_introspection_cpp.so" to ""
-- Installing: /home/smith/ros2_learning/install/ros2_learning_msg/lib/libros2_learning_msg__rosidl_typesupport_cpp.so
-- Set runtime path of "/home/smith/ros2_learning/install/ros2_learning_msg/lib/libros2_learning_msg__rosidl_typesupport_cpp.so" to ""
-- Installing: /home/smith/ros2_learning/install/ros2_learning_msg/share/ros2_learning_msg/environment/pythonpath.sh
-- Installing: /home/smith/ros2_learning/install/ros2_learning_msg/share/ros2_learning_msg/environment/pythonpath.dsv
-- Installing: /home/smith/ros2_learning/install/ros2_learning_msg/local/lib/python3.10/dist-packages/ros2_learning_msg-0.1.0-py3.10.egg-info
-- Installing: /home/smith/ros2_learning/install/ros2_learning_msg/local/lib/python3.10/dist-packages/ros2_learning_msg-0.1.0-py3.10.egg-info/dependency_links.txt
-- Installing: /home/smith/ros2_learning/install/ros2_learning_msg/local/lib/python3.10/dist-packages/ros2_learning_msg-0.1.0-py3.10.egg-info/PKG-INFO
-- Installing: /home/smith/ros2_learning/install/ros2_learning_msg/local/lib/python3.10/dist-packages/ros2_learning_msg-0.1.0-py3.10.egg-info/top_level.txt
-- Installing: /home/smith/ros2_learning/install/ros2_learning_msg/local/lib/python3.10/dist-packages/ros2_learning_msg-0.1.0-py3.10.egg-info/SOURCES.txt
-- Installing: /home/smith/ros2_learning/install/ros2_learning_msg/local/lib/python3.10/dist-packages/ros2_learning_msg
-- Installing: /home/smith/ros2_learning/install/ros2_learning_msg/local/lib/python3.10/dist-packages/ros2_learning_msg/_ros2_learning_msg_s.ep.rosidl_typesupport_fastrtps_c.c
-- Installing: /home/smith/ros2_learning/install/ros2_learning_msg/local/lib/python3.10/dist-packages/ros2_learning_msg/_ros2_learning_msg_s.ep.rosidl_typesupport_introspection_c.c
-- Installing: /home/smith/ros2_learning/install/ros2_learning_msg/local/lib/python3.10/dist-packages/ros2_learning_msg/ros2_learning_msg_s__rosidl_typesupport_fastrtps_c.cpython-310-x86_64-linux-gnu.so
-- Installing: /home/smith/ros2_learning/install/ros2_learning_msg/local/lib/python3.10/dist-packages/ros2_learning_msg/__init__.py
-- Installing: /home/smith/ros2_learning/install/ros2_learning_msg/local/lib/python3.10/dist-packages/ros2_learning_msg/libros2_learning_msg__rosidl_generator_py.so
-- Installing: /home/smith/ros2_learning/install/ros2_learning_msg/local/lib/python3.10/dist-packages/ros2_learning_msg/ros2_learning_msg_s__rosidl_typesupport_introspection_c.cpython-310-x86_64-linux-gnu.so
-- Installing: /home/smith/ros2_learning/install/ros2_learning_msg/local/lib/python3.10/dist-packages/ros2_learning_msg/_ros2_learning_msg_s.ep.rosidl_typesupport_c.c
-- Installing: /home/smith/ros2_learning/install/ros2_learning_msg/local/lib/python3.10/dist-packages/ros2_learning_msg/srv
-- Installing: /home/smith/ros2_learning/install/ros2_learning_msg/local/lib/python3.10/dist-packages/ros2_learning_msg/srv/_get_status.py
-- Installing: /home/smith/ros2_learning/install/ros2_learning_msg/local/lib/python3.10/dist-packages/ros2_learning_msg/srv/_set_command.py
-- Installing: /home/smith/ros2_learning/install/ros2_learning_msg/local/lib/python3.10/dist-packages/ros2_learning_msg/srv/__init__.py
-- Installing: /home/smith/ros2_learning/install/ros2_learning_msg/local/lib/python3.10/dist-packages/ros2_learning_msg/srv/_get_status_s.c
-- Installing: /home/smith/ros2_learning/install/ros2_learning_msg/local/lib/python3.10/dist-packages/ros2_learning_msg/srv/_set_command_s.c
-- Installing: /home/smith/ros2_learning/install/ros2_learning_msg/local/lib/python3.10/dist-packages/ros2_learning_msg/ros2_learning_msg_s__rosidl_typesupport_c.cpython-310-x86_64-linux-gnu.so
-- Installing: /home/smith/ros2_learning/install/ros2_learning_msg/local/lib/python3.10/dist-packages/ros2_learning_msg/msg
-- Installing: /home/smith/ros2_learning/install/ros2_learning_msg/local/lib/python3.10/dist-packages/ros2_learning_msg/msg/__init__.py
-- Installing: /home/smith/ros2_learning/install/ros2_learning_msg/local/lib/python3.10/dist-packages/ros2_learning_msg/msg/_robot_status_s.c
-- Installing: /home/smith/ros2_learning/install/ros2_learning_msg/local/lib/python3.10/dist-packages/ros2_learning_msg/msg/_robot_status.py
-- Installing: /home/smith/ros2_learning/install/ros2_learning_msg/local/lib/python3.10/dist-packages/ros2_learning_msg/msg/_sensor_data.py
-- Installing: /home/smith/ros2_learning/install/ros2_learning_msg/local/lib/python3.10/dist-packages/ros2_learning_msg/msg/_sensor_data_s.c
Listing '/home/smith/ros2_learning/install/ros2_learning_msg/local/lib/python3.10/dist-packages/ros2_learning_msg'...
Compiling '/home/smith/ros2_learning/install/ros2_learning_msg/local/lib/python3.10/dist-packages/ros2_learning_msg/__init__.py'...
Listing '/home/smith/ros2_learning/install/ros2_learning_msg/local/lib/python3.10/dist-packages/ros2_learning_msg/msg'...
Compiling '/home/smith/ros2_learning/install/ros2_learning_msg/local/lib/python3.10/dist-packages/ros2_learning_msg/msg/__init__.py'...
Compiling '/home/smith/ros2_learning/install/ros2_learning_msg/local/lib/python3.10/dist-packages/ros2_learning_msg/msg/_robot_status.py'...
Compiling '/home/smith/ros2_learning/install/ros2_learning_msg/local/lib/python3.10/dist-packages/ros2_learning_msg/msg/_sensor_data.py'...
Listing '/home/smith/ros2_learning/install/ros2_learning_msg/local/lib/python3.10/dist-packages/ros2_learning_msg/srv'...
Compiling '/home/smith/ros2_learning/install/ros2_learning_msg/local/lib/python3.10/dist-packages/ros2_learning_msg/srv/__init__.py'...
Compiling '/home/smith/ros2_learning/install/ros2_learning_msg/local/lib/python3.10/dist-packages/ros2_learning_msg/srv/_get_status.py'...
Compiling '/home/smith/ros2_learning/install/ros2_learning_msg/local/lib/python3.10/dist-packages/ros2_learning_msg/srv/_set_command.py'...
-- Installing: /home/smith/ros2_learning/install/ros2_learning_msg/local/lib/python3.10/dist-packages/ros2_learning_msg/ros2_learning_msg_s__rosidl_typesupport_fastrtps_c.cpython-310-x86_64-linux-gnu.so
-- Set runtime path of "/home/smith/ros2_learning/install/ros2_learning_msg/local/lib/python3.10/dist-packages/ros2_learning_msg/ros2_learning_msg_s__rosidl_typesupport_fastrtps_c.cpython-310-x86_64-linux-gnu.so" to ""
-- Installing: /home/smith/ros2_learning/install/ros2_learning_msg/local/lib/python3.10/dist-packages/ros2_learning_msg/ros2_learning_msg_s__rosidl_typesupport_introspection_c.cpython-310-x86_64-linux-gnu.so
-- Set runtime path of "/home/smith/ros2_learning/install/ros2_learning_msg/local/lib/python3.10/dist-packages/ros2_learning_msg/ros2_learning_msg_s__rosidl_typesupport_introspection_c.cpython-310-x86_64-linux-gnu.so" to ""
-- Installing: /home/smith/ros2_learning/install/ros2_learning_msg/local/lib/python3.10/dist-packages/ros2_learning_msg/ros2_learning_msg_s__rosidl_typesupport_c.cpython-310-x86_64-linux-gnu.so
-- Set runtime path of "/home/smith/ros2_learning/install/ros2_learning_msg/local/lib/python3.10/dist-packages/ros2_learning_msg/ros2_learning_msg_s__rosidl_typesupport_c.cpython-310-x86_64-linux-gnu.so" to ""
-- Installing: /home/smith/ros2_learning/install/ros2_learning_msg/lib/libros2_learning_msg__rosidl_generator_py.so
-- Set runtime path of "/home/smith/ros2_learning/install/ros2_learning_msg/lib/libros2_learning_msg__rosidl_generator_py.so" to ""
-- Installing: /home/smith/ros2_learning/install/ros2_learning_msg/share/ros2_learning_msg/msg/RobotStatus.idl
-- Installing: /home/smith/ros2_learning/install/ros2_learning_msg/share/ros2_learning_msg/msg/SensorData.idl
-- Installing: /home/smith/ros2_learning/install/ros2_learning_msg/share/ros2_learning_msg/srv/GetStatus.idl
-- Installing: /home/smith/ros2_learning/install/ros2_learning_msg/share/ros2_learning_msg/srv/SetCommand.idl
-- Installing: /home/smith/ros2_learning/install/ros2_learning_msg/share/ros2_learning_msg/msg/RobotStatus.msg
-- Installing: /home/smith/ros2_learning/install/ros2_learning_msg/share/ros2_learning_msg/msg/SensorData.msg
-- Installing: /home/smith/ros2_learning/install/ros2_learning_msg/share/ros2_learning_msg/srv/GetStatus.srv
-- Installing: /home/smith/ros2_learning/install/ros2_learning_msg/share/ros2_learning_msg/srv/GetStatus_Request.msg
-- Installing: /home/smith/ros2_learning/install/ros2_learning_msg/share/ros2_learning_msg/srv/GetStatus_Response.msg
-- Installing: /home/smith/ros2_learning/install/ros2_learning_msg/share/ros2_learning_msg/srv/SetCommand.srv
-- Installing: /home/smith/ros2_learning/install/ros2_learning_msg/share/ros2_learning_msg/srv/SetCommand_Request.msg
-- Installing: /home/smith/ros2_learning/install/ros2_learning_msg/share/ros2_learning_msg/srv/SetCommand_Response.msg
-- Installing: /home/smith/ros2_learning/install/ros2_learning_msg/lib/ros2_learning_msg/publisher_example.py
-- Installing: /home/smith/ros2_learning/install/ros2_learning_msg/lib/ros2_learning_msg/subscriber_example.py
-- Installing: /home/smith/ros2_learning/install/ros2_learning_msg/lib/ros2_learning_msg/service_server.py
-- Installing: /home/smith/ros2_learning/install/ros2_learning_msg/lib/ros2_learning_msg/service_client.py
-- Installing: /home/smith/ros2_learning/install/ros2_learning_msg/share/ament_index/resource_index/package_run_dependencies/ros2_learning_msg
-- Installing: /home/smith/ros2_learning/install/ros2_learning_msg/share/ament_index/resource_index/parent_prefix_path/ros2_learning_msg
-- Installing: /home/smith/ros2_learning/install/ros2_learning_msg/share/ros2_learning_msg/environment/ament_prefix_path.sh
-- Installing: /home/smith/ros2_learning/install/ros2_learning_msg/share/ros2_learning_msg/environment/ament_prefix_path.dsv
-- Installing: /home/smith/ros2_learning/install/ros2_learning_msg/share/ros2_learning_msg/environment/path.sh
-- Installing: /home/smith/ros2_learning/install/ros2_learning_msg/share/ros2_learning_msg/environment/path.dsv
-- Installing: /home/smith/ros2_learning/install/ros2_learning_msg/share/ros2_learning_msg/local_setup.bash
-- Installing: /home/smith/ros2_learning/install/ros2_learning_msg/share/ros2_learning_msg/local_setup.sh
-- Installing: /home/smith/ros2_learning/install/ros2_learning_msg/share/ros2_learning_msg/local_setup.zsh
-- Installing: /home/smith/ros2_learning/install/ros2_learning_msg/share/ros2_learning_msg/local_setup.dsv
-- Installing: /home/smith/ros2_learning/install/ros2_learning_msg/share/ros2_learning_msg/package.dsv
-- Installing: /home/smith/ros2_learning/install/ros2_learning_msg/share/ament_index/resource_index/packages/ros2_learning_msg
-- Installing: /home/smith/ros2_learning/install/ros2_learning_msg/share/ros2_learning_msg/cmake/export_ros2_learning_msg__rosidl_generator_cExport.cmake
-- Installing: /home/smith/ros2_learning/install/ros2_learning_msg/share/ros2_learning_msg/cmake/export_ros2_learning_msg__rosidl_generator_cExport-noconfig.cmake
-- Installing: /home/smith/ros2_learning/install/ros2_learning_msg/share/ros2_learning_msg/cmake/export_ros2_learning_msg__rosidl_typesupport_fastrtps_cExport.cmake
-- Installing: /home/smith/ros2_learning/install/ros2_learning_msg/share/ros2_learning_msg/cmake/export_ros2_learning_msg__rosidl_typesupport_fastrtps_cExport-noconfig.cmake
-- Installing: /home/smith/ros2_learning/install/ros2_learning_msg/share/ros2_learning_msg/cmake/export_ros2_learning_msg__rosidl_generator_cppExport.cmake
-- Installing: /home/smith/ros2_learning/install/ros2_learning_msg/share/ros2_learning_msg/cmake/export_ros2_learning_msg__rosidl_typesupport_fastrtps_cppExport.cmake
-- Installing: /home/smith/ros2_learning/install/ros2_learning_msg/share/ros2_learning_msg/cmake/export_ros2_learning_msg__rosidl_typesupport_fastrtps_cppExport-noconfig.cmake
-- Installing: /home/smith/ros2_learning/install/ros2_learning_msg/share/ros2_learning_msg/cmake/ros2_learning_msg__rosidl_typesupport_introspection_cExport.cmake
-- Installing: /home/smith/ros2_learning/install/ros2_learning_msg/share/ros2_learning_msg/cmake/ros2_learning_msg__rosidl_typesupport_introspection_cExport-noconfig.cmake
-- Installing: /home/smith/ros2_learning/install/ros2_learning_msg/share/ros2_learning_msg/cmake/ros2_learning_msg__rosidl_typesupport_cExport.cmake
-- Installing: /home/smith/ros2_learning/install/ros2_learning_msg/share/ros2_learning_msg/cmake/ros2_learning_msg__rosidl_typesupport_cExport-noconfig.cmake
-- Installing: /home/smith/ros2_learning/install/ros2_learning_msg/share/ros2_learning_msg/cmake/ros2_learning_msg__rosidl_typesupport_introspection_cppExport.cmake
-- Installing: /home/smith/ros2_learning/install/ros2_learning_msg/share/ros2_learning_msg/cmake/ros2_learning_msg__rosidl_typesupport_introspection_cppExport-noconfig.cmake
-- Installing: /home/smith/ros2_learning/install/ros2_learning_msg/share/ros2_learning_msg/cmake/ros2_learning_msg__rosidl_typesupport_cppExport.cmake
-- Installing: /home/smith/ros2_learning/install/ros2_learning_msg/share/ros2_learning_msg/cmake/ros2_learning_msg__rosidl_typesupport_cppExport-noconfig.cmake
-- Installing: /home/smith/ros2_learning/install/ros2_learning_msg/share/ros2_learning_msg/cmake/export_ros2_learning_msg__rosidl_generator_pyExport.cmake
-- Installing: /home/smith/ros2_learning/install/ros2_learning_msg/share/ros2_learning_msg/cmake/export_ros2_learning_msg__rosidl_generator_pyExport-noconfig.cmake
-- Installing: /home/smith/ros2_learning/install/ros2_learning_msg/share/ros2_learning_msg/cmake/rosidl_cmake-extras.cmake
-- Installing: /home/smith/ros2_learning/install/ros2_learning_msg/share/ros2_learning_msg/cmake/ament_cmake_export_dependencies-extras.cmake
-- Installing: /home/smith/ros2_learning/install/ros2_learning_msg/share/ros2_learning_msg/cmake/ament_cmake_export_include_directories-extras.cmake
-- Installing: /home/smith/ros2_learning/install/ros2_learning_msg/share/ros2_learning_msg/cmake/ament_cmake_export_libraries-extras.cmake
-- Installing: /home/smith/ros2_learning/install/ros2_learning_msg/share/ros2_learning_msg/cmake/ament_cmake_export_targets-extras.cmake
-- Installing: /home/smith/ros2_learning/install/ros2_learning_msg/share/ros2_learning_msg/cmake/rosidl_cmake_export_typesupport_targets-extras.cmake
-- Installing: /home/smith/ros2_learning/install/ros2_learning_msg/share/ros2_learning_msg/cmake/rosidl_cmake_export_typesupport_libraries-extras.cmake
-- Installing: /home/smith/ros2_learning/install/ros2_learning_msg/share/ros2_learning_msg/cmake/ros2_learning_msgConfig.cmake
-- Installing: /home/smith/ros2_learning/install/ros2_learning_msg/share/ros2_learning_msg/cmake/ros2_learning_msgConfig-version.cmake
-- Installing: /home/smith/ros2_learning/install/ros2_learning_msg/share/ros2_learning_msg/package.xml
