-- Install configuration: ""
-- Up-to-date: /home/smith/ros2_learning/install/ros2_learning_ardusub/lib/ros2_learning_ardusub/ardusub_node.py
-- Up-to-date: /home/smith/ros2_learning/install/ros2_learning_ardusub/lib/ros2_learning_ardusub/mavlink_bridge.py
-- Up-to-date: /home/smith/ros2_learning/install/ros2_learning_ardusub/lib/ros2_learning_ardusub/thruster_controller.py
-- Up-to-date: /home/smith/ros2_learning/install/ros2_learning_ardusub/lib/ros2_learning_ardusub/depth_controller.py
-- Up-to-date: /home/smith/ros2_learning/install/ros2_learning_ardusub/lib/ros2_learning_ardusub/heading_controller.py
-- Up-to-date: /home/smith/ros2_learning/install/ros2_learning_ardusub/lib/ros2_learning_ardusub/telemetry_publisher.py
-- Up-to-date: /home/smith/ros2_learning/install/ros2_learning_ardusub/share/ros2_learning_ardusub/launch
-- Up-to-date: /home/smith/ros2_learning/install/ros2_learning_ardusub/share/ros2_learning_ardusub/launch/ardusub.launch.py
-- Up-to-date: /home/smith/ros2_learning/install/ros2_learning_ardusub/share/ros2_learning_ardusub/config
-- Up-to-date: /home/smith/ros2_learning/install/ros2_learning_ardusub/share/ros2_learning_ardusub/config/heading_controller.yaml
-- Up-to-date: /home/smith/ros2_learning/install/ros2_learning_ardusub/share/ros2_learning_ardusub/config/depth_controller.yaml
-- Up-to-date: /home/smith/ros2_learning/install/ros2_learning_ardusub/share/ros2_learning_ardusub/config/ardusub_params.yaml
-- Up-to-date: /home/smith/ros2_learning/install/ros2_learning_ardusub/share/ament_index/resource_index/package_run_dependencies/ros2_learning_ardusub
-- Up-to-date: /home/smith/ros2_learning/install/ros2_learning_ardusub/share/ament_index/resource_index/parent_prefix_path/ros2_learning_ardusub
-- Up-to-date: /home/smith/ros2_learning/install/ros2_learning_ardusub/share/ros2_learning_ardusub/environment/ament_prefix_path.sh
-- Up-to-date: /home/smith/ros2_learning/install/ros2_learning_ardusub/share/ros2_learning_ardusub/environment/ament_prefix_path.dsv
-- Up-to-date: /home/smith/ros2_learning/install/ros2_learning_ardusub/share/ros2_learning_ardusub/environment/path.sh
-- Up-to-date: /home/smith/ros2_learning/install/ros2_learning_ardusub/share/ros2_learning_ardusub/environment/path.dsv
-- Up-to-date: /home/smith/ros2_learning/install/ros2_learning_ardusub/share/ros2_learning_ardusub/local_setup.bash
-- Up-to-date: /home/smith/ros2_learning/install/ros2_learning_ardusub/share/ros2_learning_ardusub/local_setup.sh
-- Up-to-date: /home/smith/ros2_learning/install/ros2_learning_ardusub/share/ros2_learning_ardusub/local_setup.zsh
-- Up-to-date: /home/smith/ros2_learning/install/ros2_learning_ardusub/share/ros2_learning_ardusub/local_setup.dsv
-- Up-to-date: /home/smith/ros2_learning/install/ros2_learning_ardusub/share/ros2_learning_ardusub/package.dsv
-- Up-to-date: /home/smith/ros2_learning/install/ros2_learning_ardusub/share/ament_index/resource_index/packages/ros2_learning_ardusub
-- Up-to-date: /home/smith/ros2_learning/install/ros2_learning_ardusub/share/ros2_learning_ardusub/cmake/ros2_learning_ardusubConfig.cmake
-- Up-to-date: /home/smith/ros2_learning/install/ros2_learning_ardusub/share/ros2_learning_ardusub/cmake/ros2_learning_ardusubConfig-version.cmake
-- Up-to-date: /home/smith/ros2_learning/install/ros2_learning_ardusub/share/ros2_learning_ardusub/package.xml
