[0.009s] Invoking command in '/home/smith/ros2_learning/build/ros2_learning_ardusub': CMAKE_PREFIX_PATH=/home/smith/ros2_learning/install/ros2_learning_msg:/home/smith/ros2_learning/install/ros2_learning_gazebo:/home/smith/ros2_learning/install/ros2_learning_ardusub:/home/smith/colcon_ws/install/orca_nav2:/home/smith/colcon_ws/install/orca_base:/home/smith/colcon_ws/install/orca_shared:/home/smith/colcon_ws/install/ros2_shared:/home/smith/colcon_ws/install/orca_msgs:/home/smith/colcon_ws/install/orca_description:/home/smith/colcon_ws/install/orca_bringup:/home/smith/colcon_ws/install/orb_slam2_ros:/home/smith/colcon_ws/install/bluerov2_gz:/opt/ros/humble /home/smith/.local/bin/cmake --build /home/smith/ros2_learning/build/ros2_learning_ardusub -- -j8 -l8
[0.050s] Invoked command in '/home/smith/ros2_learning/build/ros2_learning_ardusub' returned '0': CMAKE_PREFIX_PATH=/home/smith/ros2_learning/install/ros2_learning_msg:/home/smith/ros2_learning/install/ros2_learning_gazebo:/home/smith/ros2_learning/install/ros2_learning_ardusub:/home/smith/colcon_ws/install/orca_nav2:/home/smith/colcon_ws/install/orca_base:/home/smith/colcon_ws/install/orca_shared:/home/smith/colcon_ws/install/ros2_shared:/home/smith/colcon_ws/install/orca_msgs:/home/smith/colcon_ws/install/orca_description:/home/smith/colcon_ws/install/orca_bringup:/home/smith/colcon_ws/install/orb_slam2_ros:/home/smith/colcon_ws/install/bluerov2_gz:/opt/ros/humble /home/smith/.local/bin/cmake --build /home/smith/ros2_learning/build/ros2_learning_ardusub -- -j8 -l8
[0.051s] Invoking command in '/home/smith/ros2_learning/build/ros2_learning_ardusub': CMAKE_PREFIX_PATH=/home/smith/ros2_learning/install/ros2_learning_msg:/home/smith/ros2_learning/install/ros2_learning_gazebo:/home/smith/ros2_learning/install/ros2_learning_ardusub:/home/smith/colcon_ws/install/orca_nav2:/home/smith/colcon_ws/install/orca_base:/home/smith/colcon_ws/install/orca_shared:/home/smith/colcon_ws/install/ros2_shared:/home/smith/colcon_ws/install/orca_msgs:/home/smith/colcon_ws/install/orca_description:/home/smith/colcon_ws/install/orca_bringup:/home/smith/colcon_ws/install/orb_slam2_ros:/home/smith/colcon_ws/install/bluerov2_gz:/opt/ros/humble /home/smith/.local/bin/cmake --install /home/smith/ros2_learning/build/ros2_learning_ardusub
[0.075s] -- Install configuration: ""
[0.075s] -- Up-to-date: /home/smith/ros2_learning/install/ros2_learning_ardusub/lib/ros2_learning_ardusub/ardusub_node.py
[0.075s] -- Up-to-date: /home/smith/ros2_learning/install/ros2_learning_ardusub/lib/ros2_learning_ardusub/mavlink_bridge.py
[0.075s] -- Up-to-date: /home/smith/ros2_learning/install/ros2_learning_ardusub/lib/ros2_learning_ardusub/thruster_controller.py
[0.075s] -- Up-to-date: /home/smith/ros2_learning/install/ros2_learning_ardusub/lib/ros2_learning_ardusub/depth_controller.py
[0.075s] -- Up-to-date: /home/smith/ros2_learning/install/ros2_learning_ardusub/lib/ros2_learning_ardusub/heading_controller.py
[0.075s] -- Up-to-date: /home/smith/ros2_learning/install/ros2_learning_ardusub/lib/ros2_learning_ardusub/telemetry_publisher.py
[0.075s] -- Up-to-date: /home/smith/ros2_learning/install/ros2_learning_ardusub/share/ros2_learning_ardusub/launch
[0.075s] -- Up-to-date: /home/smith/ros2_learning/install/ros2_learning_ardusub/share/ros2_learning_ardusub/launch/ardusub.launch.py
[0.075s] -- Up-to-date: /home/smith/ros2_learning/install/ros2_learning_ardusub/share/ros2_learning_ardusub/config
[0.075s] -- Up-to-date: /home/smith/ros2_learning/install/ros2_learning_ardusub/share/ros2_learning_ardusub/config/heading_controller.yaml
[0.075s] -- Up-to-date: /home/smith/ros2_learning/install/ros2_learning_ardusub/share/ros2_learning_ardusub/config/depth_controller.yaml
[0.075s] -- Up-to-date: /home/smith/ros2_learning/install/ros2_learning_ardusub/share/ros2_learning_ardusub/config/ardusub_params.yaml
[0.076s] -- Up-to-date: /home/smith/ros2_learning/install/ros2_learning_ardusub/share/ament_index/resource_index/package_run_dependencies/ros2_learning_ardusub
[0.076s] -- Up-to-date: /home/smith/ros2_learning/install/ros2_learning_ardusub/share/ament_index/resource_index/parent_prefix_path/ros2_learning_ardusub
[0.076s] -- Up-to-date: /home/smith/ros2_learning/install/ros2_learning_ardusub/share/ros2_learning_ardusub/environment/ament_prefix_path.sh
[0.076s] -- Up-to-date: /home/smith/ros2_learning/install/ros2_learning_ardusub/share/ros2_learning_ardusub/environment/ament_prefix_path.dsv
[0.076s] -- Up-to-date: /home/smith/ros2_learning/install/ros2_learning_ardusub/share/ros2_learning_ardusub/environment/path.sh
[0.076s] -- Up-to-date: /home/smith/ros2_learning/install/ros2_learning_ardusub/share/ros2_learning_ardusub/environment/path.dsv
[0.076s] -- Up-to-date: /home/smith/ros2_learning/install/ros2_learning_ardusub/share/ros2_learning_ardusub/local_setup.bash
[0.076s] -- Up-to-date: /home/smith/ros2_learning/install/ros2_learning_ardusub/share/ros2_learning_ardusub/local_setup.sh
[0.076s] -- Up-to-date: /home/smith/ros2_learning/install/ros2_learning_ardusub/share/ros2_learning_ardusub/local_setup.zsh
[0.076s] -- Up-to-date: /home/smith/ros2_learning/install/ros2_learning_ardusub/share/ros2_learning_ardusub/local_setup.dsv
[0.076s] -- Up-to-date: /home/smith/ros2_learning/install/ros2_learning_ardusub/share/ros2_learning_ardusub/package.dsv
[0.076s] -- Up-to-date: /home/smith/ros2_learning/install/ros2_learning_ardusub/share/ament_index/resource_index/packages/ros2_learning_ardusub
[0.076s] -- Up-to-date: /home/smith/ros2_learning/install/ros2_learning_ardusub/share/ros2_learning_ardusub/cmake/ros2_learning_ardusubConfig.cmake
[0.077s] -- Up-to-date: /home/smith/ros2_learning/install/ros2_learning_ardusub/share/ros2_learning_ardusub/cmake/ros2_learning_ardusubConfig-version.cmake
[0.077s] -- Up-to-date: /home/smith/ros2_learning/install/ros2_learning_ardusub/share/ros2_learning_ardusub/package.xml
[0.081s] Invoked command in '/home/smith/ros2_learning/build/ros2_learning_ardusub' returned '0': CMAKE_PREFIX_PATH=/home/smith/ros2_learning/install/ros2_learning_msg:/home/smith/ros2_learning/install/ros2_learning_gazebo:/home/smith/ros2_learning/install/ros2_learning_ardusub:/home/smith/colcon_ws/install/orca_nav2:/home/smith/colcon_ws/install/orca_base:/home/smith/colcon_ws/install/orca_shared:/home/smith/colcon_ws/install/ros2_shared:/home/smith/colcon_ws/install/orca_msgs:/home/smith/colcon_ws/install/orca_description:/home/smith/colcon_ws/install/orca_bringup:/home/smith/colcon_ws/install/orb_slam2_ros:/home/smith/colcon_ws/install/bluerov2_gz:/opt/ros/humble /home/smith/.local/bin/cmake --install /home/smith/ros2_learning/build/ros2_learning_ardusub
