[0.448s] [34mcolcon[0m [1;30mDEBUG[0m [32mCommand line arguments: ['/home/smith/.local/bin/colcon', 'build'][0m
[0.448s] [34mcolcon[0m [1;30mDEBUG[0m [32mParsed command line arguments: Namespace(log_base=None, log_level=None, verb_name='build', build_base='build', install_base='install', merge_install=False, symlink_install=False, test_result_base=None, continue_on_error=False, executor='parallel', parallel_workers=8, event_handlers=None, ignore_user_meta=False, metas=['./colcon.meta'], base_paths=['.'], packages_ignore=None, packages_ignore_regex=None, paths=None, packages_up_to=None, packages_up_to_regex=None, packages_above=None, packages_above_and_dependencies=None, packages_above_depth=None, packages_select_by_dep=None, packages_skip_by_dep=None, packages_skip_up_to=None, packages_select_build_failed=False, packages_skip_build_finished=False, packages_select_test_failures=False, packages_skip_test_passed=False, packages_select=None, packages_skip=None, packages_select_regex=None, packages_skip_regex=None, packages_start=None, packages_end=None, allow_overriding=[], cmake_args=None, cmake_target=None, cmake_target_skip_unavailable=False, cmake_clean_cache=False, cmake_clean_first=False, cmake_force_configure=False, ament_cmake_args=None, catkin_cmake_args=None, catkin_skip_building_tests=False, mixin_files=None, mixin=None, verb_parser=<colcon_mixin.mixin.mixin_argument.MixinArgumentDecorator object at 0x7a9bd9d80cd0>, verb_extension=<colcon_core.verb.build.BuildVerb object at 0x7a9bd9d80280>, main=<bound method BuildVerb.main of <colcon_core.verb.build.BuildVerb object at 0x7a9bd9d80280>>, mixin_verb=('build',))[0m
[0.485s] [34mcolcon.colcon_core.package_discovery[0m [1;30mLevel 1[0m discover_packages(colcon_meta) check parameters
[0.485s] [34mcolcon.colcon_core.package_discovery[0m [1;30mLevel 1[0m discover_packages(recursive) check parameters
[0.485s] [34mcolcon.colcon_core.package_discovery[0m [1;30mLevel 1[0m discover_packages(ignore) check parameters
[0.485s] [34mcolcon.colcon_core.package_discovery[0m [1;30mLevel 1[0m discover_packages(path) check parameters
[0.485s] [34mcolcon.colcon_core.package_discovery[0m [1;30mLevel 1[0m discover_packages(colcon_meta) discover
[0.485s] [34mcolcon.colcon_core.package_discovery[0m [1;30mLevel 1[0m discover_packages(recursive) discover
[0.485s] [34mcolcon.colcon_core.package_discovery[0m [1;30mINFO[0m Crawling recursively for packages in '/home/smith/ros2_learning'
[0.485s] [34mcolcon.colcon_core.package_identification[0m [1;30mLevel 1[0m _identify(.) by extensions ['ignore', 'ignore_ament_install']
[0.485s] [34mcolcon.colcon_core.package_identification[0m [1;30mLevel 1[0m _identify(.) by extension 'ignore'
[0.485s] [34mcolcon.colcon_core.package_identification[0m [1;30mLevel 1[0m _identify(.) by extension 'ignore_ament_install'
[0.485s] [34mcolcon.colcon_core.package_identification[0m [1;30mLevel 1[0m _identify(.) by extensions ['colcon_pkg']
[0.485s] [34mcolcon.colcon_core.package_identification[0m [1;30mLevel 1[0m _identify(.) by extension 'colcon_pkg'
[0.485s] [34mcolcon.colcon_core.package_identification[0m [1;30mLevel 1[0m _identify(.) by extensions ['colcon_meta']
[0.485s] [34mcolcon.colcon_core.package_identification[0m [1;30mLevel 1[0m _identify(.) by extension 'colcon_meta'
[0.485s] [34mcolcon.colcon_core.package_identification[0m [1;30mLevel 1[0m _identify(.) by extensions ['ros']
[0.485s] [34mcolcon.colcon_core.package_identification[0m [1;30mLevel 1[0m _identify(.) by extension 'ros'
[0.507s] [34mcolcon.colcon_core.package_identification[0m [1;30mLevel 1[0m _identify(.) by extensions ['cmake', 'python']
[0.507s] [34mcolcon.colcon_core.package_identification[0m [1;30mLevel 1[0m _identify(.) by extension 'cmake'
[0.507s] [34mcolcon.colcon_core.package_identification[0m [1;30mLevel 1[0m _identify(.) by extension 'python'
[0.507s] [34mcolcon.colcon_core.package_identification[0m [1;30mLevel 1[0m _identify(.) by extensions ['python_setup_py']
[0.507s] [34mcolcon.colcon_core.package_identification[0m [1;30mLevel 1[0m _identify(.) by extension 'python_setup_py'
[0.507s] [34mcolcon.colcon_core.package_identification[0m [1;30mLevel 1[0m _identify(build) by extensions ['ignore', 'ignore_ament_install']
[0.507s] [34mcolcon.colcon_core.package_identification[0m [1;30mLevel 1[0m _identify(build) by extension 'ignore'
[0.507s] [34mcolcon.colcon_core.package_identification[0m [1;30mLevel 1[0m _identify(build) ignored
[0.507s] [34mcolcon.colcon_core.package_identification[0m [1;30mLevel 1[0m _identify(install) by extensions ['ignore', 'ignore_ament_install']
[0.507s] [34mcolcon.colcon_core.package_identification[0m [1;30mLevel 1[0m _identify(install) by extension 'ignore'
[0.507s] [34mcolcon.colcon_core.package_identification[0m [1;30mLevel 1[0m _identify(install) ignored
[0.507s] [34mcolcon.colcon_core.package_identification[0m [1;30mLevel 1[0m _identify(log) by extensions ['ignore', 'ignore_ament_install']
[0.507s] [34mcolcon.colcon_core.package_identification[0m [1;30mLevel 1[0m _identify(log) by extension 'ignore'
[0.507s] [34mcolcon.colcon_core.package_identification[0m [1;30mLevel 1[0m _identify(log) ignored
[0.507s] [34mcolcon.colcon_core.package_identification[0m [1;30mLevel 1[0m _identify(ros2_learning_ardusub) by extensions ['ignore', 'ignore_ament_install']
[0.507s] [34mcolcon.colcon_core.package_identification[0m [1;30mLevel 1[0m _identify(ros2_learning_ardusub) by extension 'ignore'
[0.507s] [34mcolcon.colcon_core.package_identification[0m [1;30mLevel 1[0m _identify(ros2_learning_ardusub) by extension 'ignore_ament_install'
[0.507s] [34mcolcon.colcon_core.package_identification[0m [1;30mLevel 1[0m _identify(ros2_learning_ardusub) by extensions ['colcon_pkg']
[0.507s] [34mcolcon.colcon_core.package_identification[0m [1;30mLevel 1[0m _identify(ros2_learning_ardusub) by extension 'colcon_pkg'
[0.507s] [34mcolcon.colcon_core.package_identification[0m [1;30mLevel 1[0m _identify(ros2_learning_ardusub) by extensions ['colcon_meta']
[0.507s] [34mcolcon.colcon_core.package_identification[0m [1;30mLevel 1[0m _identify(ros2_learning_ardusub) by extension 'colcon_meta'
[0.507s] [34mcolcon.colcon_core.package_identification[0m [1;30mLevel 1[0m _identify(ros2_learning_ardusub) by extensions ['ros']
[0.507s] [34mcolcon.colcon_core.package_identification[0m [1;30mLevel 1[0m _identify(ros2_learning_ardusub) by extension 'ros'
[0.510s] [34mcolcon.colcon_core.package_identification[0m [1;30mDEBUG[0m [32mPackage 'ros2_learning_ardusub' with type 'ros.ament_cmake' and name 'ros2_learning_ardusub'[0m
[0.510s] [34mcolcon.colcon_core.package_identification[0m [1;30mLevel 1[0m _identify(ros2_learning_gazebo) by extensions ['ignore', 'ignore_ament_install']
[0.510s] [34mcolcon.colcon_core.package_identification[0m [1;30mLevel 1[0m _identify(ros2_learning_gazebo) by extension 'ignore'
[0.510s] [34mcolcon.colcon_core.package_identification[0m [1;30mLevel 1[0m _identify(ros2_learning_gazebo) by extension 'ignore_ament_install'
[0.510s] [34mcolcon.colcon_core.package_identification[0m [1;30mLevel 1[0m _identify(ros2_learning_gazebo) by extensions ['colcon_pkg']
[0.510s] [34mcolcon.colcon_core.package_identification[0m [1;30mLevel 1[0m _identify(ros2_learning_gazebo) by extension 'colcon_pkg'
[0.510s] [34mcolcon.colcon_core.package_identification[0m [1;30mLevel 1[0m _identify(ros2_learning_gazebo) by extensions ['colcon_meta']
[0.510s] [34mcolcon.colcon_core.package_identification[0m [1;30mLevel 1[0m _identify(ros2_learning_gazebo) by extension 'colcon_meta'
[0.510s] [34mcolcon.colcon_core.package_identification[0m [1;30mLevel 1[0m _identify(ros2_learning_gazebo) by extensions ['ros']
[0.510s] [34mcolcon.colcon_core.package_identification[0m [1;30mLevel 1[0m _identify(ros2_learning_gazebo) by extension 'ros'
[0.511s] [34mcolcon.colcon_core.package_identification[0m [1;30mDEBUG[0m [32mPackage 'ros2_learning_gazebo' with type 'ros.ament_cmake' and name 'ros2_learning_gazebo'[0m
[0.511s] [34mcolcon.colcon_core.package_identification[0m [1;30mLevel 1[0m _identify(ros2_learning_msg) by extensions ['ignore', 'ignore_ament_install']
[0.511s] [34mcolcon.colcon_core.package_identification[0m [1;30mLevel 1[0m _identify(ros2_learning_msg) by extension 'ignore'
[0.511s] [34mcolcon.colcon_core.package_identification[0m [1;30mLevel 1[0m _identify(ros2_learning_msg) by extension 'ignore_ament_install'
[0.511s] [34mcolcon.colcon_core.package_identification[0m [1;30mLevel 1[0m _identify(ros2_learning_msg) by extensions ['colcon_pkg']
[0.511s] [34mcolcon.colcon_core.package_identification[0m [1;30mLevel 1[0m _identify(ros2_learning_msg) by extension 'colcon_pkg'
[0.511s] [34mcolcon.colcon_core.package_identification[0m [1;30mLevel 1[0m _identify(ros2_learning_msg) by extensions ['colcon_meta']
[0.511s] [34mcolcon.colcon_core.package_identification[0m [1;30mLevel 1[0m _identify(ros2_learning_msg) by extension 'colcon_meta'
[0.511s] [34mcolcon.colcon_core.package_identification[0m [1;30mLevel 1[0m _identify(ros2_learning_msg) by extensions ['ros']
[0.511s] [34mcolcon.colcon_core.package_identification[0m [1;30mLevel 1[0m _identify(ros2_learning_msg) by extension 'ros'
[0.512s] [34mcolcon.colcon_core.package_identification[0m [1;30mDEBUG[0m [32mPackage 'ros2_learning_msg' with type 'ros.ament_cmake' and name 'ros2_learning_msg'[0m
[0.512s] [34mcolcon.colcon_core.package_discovery[0m [1;30mLevel 1[0m discover_packages(recursive) using defaults
[0.512s] [34mcolcon.colcon_core.package_discovery[0m [1;30mLevel 1[0m discover_packages(ignore) discover
[0.512s] [34mcolcon.colcon_core.package_discovery[0m [1;30mLevel 1[0m discover_packages(ignore) using defaults
[0.512s] [34mcolcon.colcon_core.package_discovery[0m [1;30mLevel 1[0m discover_packages(path) discover
[0.512s] [34mcolcon.colcon_core.package_discovery[0m [1;30mLevel 1[0m discover_packages(path) using defaults
[0.528s] [34mcolcon.colcon_core.package_discovery[0m [1;30mLevel 1[0m discover_packages(prefix_path) check parameters
[0.528s] [34mcolcon.colcon_core.package_discovery[0m [1;30mLevel 1[0m discover_packages(prefix_path) discover
[0.530s] [34mcolcon.colcon_installed_package_information.package_discovery[0m [1;30mDEBUG[0m [32mFound 9 installed packages in /home/smith/colcon_ws/install[0m
[0.531s] [34mcolcon.colcon_installed_package_information.package_discovery[0m [1;30mDEBUG[0m [32mFound 339 installed packages in /opt/ros/humble[0m
[0.532s] [34mcolcon.colcon_core.package_discovery[0m [1;30mLevel 1[0m discover_packages(prefix_path) using defaults
[0.569s] [34mcolcon.colcon_core.verb[0m [1;30mLevel 5[0m set package 'ros2_learning_msg' build argument 'cmake_args' from command line to 'None'
[0.569s] [34mcolcon.colcon_core.verb[0m [1;30mLevel 5[0m set package 'ros2_learning_msg' build argument 'cmake_target' from command line to 'None'
[0.569s] [34mcolcon.colcon_core.verb[0m [1;30mLevel 5[0m set package 'ros2_learning_msg' build argument 'cmake_target_skip_unavailable' from command line to 'False'
[0.569s] [34mcolcon.colcon_core.verb[0m [1;30mLevel 5[0m set package 'ros2_learning_msg' build argument 'cmake_clean_cache' from command line to 'False'
[0.569s] [34mcolcon.colcon_core.verb[0m [1;30mLevel 5[0m set package 'ros2_learning_msg' build argument 'cmake_clean_first' from command line to 'False'
[0.569s] [34mcolcon.colcon_core.verb[0m [1;30mLevel 5[0m set package 'ros2_learning_msg' build argument 'cmake_force_configure' from command line to 'False'
[0.569s] [34mcolcon.colcon_core.verb[0m [1;30mLevel 5[0m set package 'ros2_learning_msg' build argument 'ament_cmake_args' from command line to 'None'
[0.569s] [34mcolcon.colcon_core.verb[0m [1;30mLevel 5[0m set package 'ros2_learning_msg' build argument 'catkin_cmake_args' from command line to 'None'
[0.569s] [34mcolcon.colcon_core.verb[0m [1;30mLevel 5[0m set package 'ros2_learning_msg' build argument 'catkin_skip_building_tests' from command line to 'False'
[0.569s] [34mcolcon.colcon_core.verb[0m [1;30mDEBUG[0m [32mBuilding package 'ros2_learning_msg' with the following arguments: {'ament_cmake_args': None, 'build_base': '/home/smith/ros2_learning/build/ros2_learning_msg', 'catkin_cmake_args': None, 'catkin_skip_building_tests': False, 'cmake_args': None, 'cmake_clean_cache': False, 'cmake_clean_first': False, 'cmake_force_configure': False, 'cmake_target': None, 'cmake_target_skip_unavailable': False, 'install_base': '/home/smith/ros2_learning/install/ros2_learning_msg', 'merge_install': False, 'path': '/home/smith/ros2_learning/ros2_learning_msg', 'symlink_install': False, 'test_result_base': None}[0m
[0.569s] [34mcolcon.colcon_core.verb[0m [1;30mLevel 5[0m set package 'ros2_learning_ardusub' build argument 'cmake_args' from command line to 'None'
[0.569s] [34mcolcon.colcon_core.verb[0m [1;30mLevel 5[0m set package 'ros2_learning_ardusub' build argument 'cmake_target' from command line to 'None'
[0.569s] [34mcolcon.colcon_core.verb[0m [1;30mLevel 5[0m set package 'ros2_learning_ardusub' build argument 'cmake_target_skip_unavailable' from command line to 'False'
[0.569s] [34mcolcon.colcon_core.verb[0m [1;30mLevel 5[0m set package 'ros2_learning_ardusub' build argument 'cmake_clean_cache' from command line to 'False'
[0.569s] [34mcolcon.colcon_core.verb[0m [1;30mLevel 5[0m set package 'ros2_learning_ardusub' build argument 'cmake_clean_first' from command line to 'False'
[0.569s] [34mcolcon.colcon_core.verb[0m [1;30mLevel 5[0m set package 'ros2_learning_ardusub' build argument 'cmake_force_configure' from command line to 'False'
[0.569s] [34mcolcon.colcon_core.verb[0m [1;30mLevel 5[0m set package 'ros2_learning_ardusub' build argument 'ament_cmake_args' from command line to 'None'
[0.569s] [34mcolcon.colcon_core.verb[0m [1;30mLevel 5[0m set package 'ros2_learning_ardusub' build argument 'catkin_cmake_args' from command line to 'None'
[0.569s] [34mcolcon.colcon_core.verb[0m [1;30mLevel 5[0m set package 'ros2_learning_ardusub' build argument 'catkin_skip_building_tests' from command line to 'False'
[0.569s] [34mcolcon.colcon_core.verb[0m [1;30mDEBUG[0m [32mBuilding package 'ros2_learning_ardusub' with the following arguments: {'ament_cmake_args': None, 'build_base': '/home/smith/ros2_learning/build/ros2_learning_ardusub', 'catkin_cmake_args': None, 'catkin_skip_building_tests': False, 'cmake_args': None, 'cmake_clean_cache': False, 'cmake_clean_first': False, 'cmake_force_configure': False, 'cmake_target': None, 'cmake_target_skip_unavailable': False, 'install_base': '/home/smith/ros2_learning/install/ros2_learning_ardusub', 'merge_install': False, 'path': '/home/smith/ros2_learning/ros2_learning_ardusub', 'symlink_install': False, 'test_result_base': None}[0m
[0.570s] [34mcolcon.colcon_core.verb[0m [1;30mLevel 5[0m set package 'ros2_learning_gazebo' build argument 'cmake_args' from command line to 'None'
[0.570s] [34mcolcon.colcon_core.verb[0m [1;30mLevel 5[0m set package 'ros2_learning_gazebo' build argument 'cmake_target' from command line to 'None'
[0.570s] [34mcolcon.colcon_core.verb[0m [1;30mLevel 5[0m set package 'ros2_learning_gazebo' build argument 'cmake_target_skip_unavailable' from command line to 'False'
[0.570s] [34mcolcon.colcon_core.verb[0m [1;30mLevel 5[0m set package 'ros2_learning_gazebo' build argument 'cmake_clean_cache' from command line to 'False'
[0.570s] [34mcolcon.colcon_core.verb[0m [1;30mLevel 5[0m set package 'ros2_learning_gazebo' build argument 'cmake_clean_first' from command line to 'False'
[0.570s] [34mcolcon.colcon_core.verb[0m [1;30mLevel 5[0m set package 'ros2_learning_gazebo' build argument 'cmake_force_configure' from command line to 'False'
[0.570s] [34mcolcon.colcon_core.verb[0m [1;30mLevel 5[0m set package 'ros2_learning_gazebo' build argument 'ament_cmake_args' from command line to 'None'
[0.570s] [34mcolcon.colcon_core.verb[0m [1;30mLevel 5[0m set package 'ros2_learning_gazebo' build argument 'catkin_cmake_args' from command line to 'None'
[0.570s] [34mcolcon.colcon_core.verb[0m [1;30mLevel 5[0m set package 'ros2_learning_gazebo' build argument 'catkin_skip_building_tests' from command line to 'False'
[0.570s] [34mcolcon.colcon_core.verb[0m [1;30mDEBUG[0m [32mBuilding package 'ros2_learning_gazebo' with the following arguments: {'ament_cmake_args': None, 'build_base': '/home/smith/ros2_learning/build/ros2_learning_gazebo', 'catkin_cmake_args': None, 'catkin_skip_building_tests': False, 'cmake_args': None, 'cmake_clean_cache': False, 'cmake_clean_first': False, 'cmake_force_configure': False, 'cmake_target': None, 'cmake_target_skip_unavailable': False, 'install_base': '/home/smith/ros2_learning/install/ros2_learning_gazebo', 'merge_install': False, 'path': '/home/smith/ros2_learning/ros2_learning_gazebo', 'symlink_install': False, 'test_result_base': None}[0m
[0.570s] [34mcolcon.colcon_core.executor[0m [1;30mINFO[0m Executing jobs using 'parallel' executor
[0.571s] [34mcolcon.colcon_parallel_executor.executor.parallel[0m [1;30mDEBUG[0m [32mrun_until_complete[0m
[0.571s] [34mcolcon.colcon_ros.task.ament_cmake.build[0m [1;30mINFO[0m Building ROS package in '/home/smith/ros2_learning/ros2_learning_msg' with build type 'ament_cmake'
[0.571s] [34mcolcon.colcon_cmake.task.cmake.build[0m [1;30mINFO[0m Building CMake package in '/home/smith/ros2_learning/ros2_learning_msg'
[0.575s] [34mcolcon.colcon_core.plugin_system[0m [1;30mINFO[0m Skipping extension 'colcon_core.shell.bat': Not used on non-Windows systems
[0.575s] [34mcolcon.colcon_core.shell[0m [1;30mINFO[0m Skip shell extension 'powershell' for command environment: Not usable outside of PowerShell
[0.575s] [34mcolcon.colcon_core.shell[0m [1;30mDEBUG[0m [32mSkip shell extension 'dsv' for command environment[0m
[0.580s] [34mcolcon.colcon_core.event_handler.log_command[0m [1;30mDEBUG[0m [32mInvoking command in '/home/smith/ros2_learning/build/ros2_learning_msg': CMAKE_PREFIX_PATH=${CMAKE_PREFIX_PATH}:/opt/ros/humble /home/smith/.local/bin/cmake /home/smith/ros2_learning/ros2_learning_msg -DCMAKE_INSTALL_PREFIX=/home/smith/ros2_learning/install/ros2_learning_msg[0m
[2.473s] [34mcolcon.colcon_core.event_handler.log_command[0m [1;30mDEBUG[0m [32mInvoked command in '/home/smith/ros2_learning/build/ros2_learning_msg' returned '0': CMAKE_PREFIX_PATH=${CMAKE_PREFIX_PATH}:/opt/ros/humble /home/smith/.local/bin/cmake /home/smith/ros2_learning/ros2_learning_msg -DCMAKE_INSTALL_PREFIX=/home/smith/ros2_learning/install/ros2_learning_msg[0m
[2.475s] [34mcolcon.colcon_core.event_handler.log_command[0m [1;30mDEBUG[0m [32mInvoking command in '/home/smith/ros2_learning/build/ros2_learning_msg': CMAKE_PREFIX_PATH=${CMAKE_PREFIX_PATH}:/opt/ros/humble /home/smith/.local/bin/cmake --build /home/smith/ros2_learning/build/ros2_learning_msg -- -j8 -l8[0m
[6.461s] [34mcolcon.colcon_core.event_handler.log_command[0m [1;30mDEBUG[0m [32mInvoked command in '/home/smith/ros2_learning/build/ros2_learning_msg' returned '0': CMAKE_PREFIX_PATH=${CMAKE_PREFIX_PATH}:/opt/ros/humble /home/smith/.local/bin/cmake --build /home/smith/ros2_learning/build/ros2_learning_msg -- -j8 -l8[0m
[6.487s] [34mcolcon.colcon_core.event_handler.log_command[0m [1;30mDEBUG[0m [32mInvoking command in '/home/smith/ros2_learning/build/ros2_learning_msg': CMAKE_PREFIX_PATH=${CMAKE_PREFIX_PATH}:/opt/ros/humble /home/smith/.local/bin/cmake --install /home/smith/ros2_learning/build/ros2_learning_msg[0m
[6.561s] [34mcolcon.colcon_core.environment[0m [1;30mLevel 1[0m create_environment_scripts_only(ros2_learning_msg)
[6.561s] [34mcolcon.colcon_core.event_handler.log_command[0m [1;30mDEBUG[0m [32mInvoked command in '/home/smith/ros2_learning/build/ros2_learning_msg' returned '0': CMAKE_PREFIX_PATH=${CMAKE_PREFIX_PATH}:/opt/ros/humble /home/smith/.local/bin/cmake --install /home/smith/ros2_learning/build/ros2_learning_msg[0m
[6.566s] [34mcolcon.colcon_core.environment[0m [1;30mLevel 1[0m checking '/home/smith/ros2_learning/install/ros2_learning_msg' for CMake module files
[6.566s] [34mcolcon.colcon_core.environment[0m [1;30mLevel 1[0m checking '/home/smith/ros2_learning/install/ros2_learning_msg' for CMake config files
[6.566s] [34mcolcon.colcon_core.shell[0m [1;30mLevel 1[0m create_environment_hook('ros2_learning_msg', 'cmake_prefix_path')
[6.567s] [34mcolcon.colcon_core.shell[0m [1;30mINFO[0m Creating environment hook '/home/smith/ros2_learning/install/ros2_learning_msg/share/ros2_learning_msg/hook/cmake_prefix_path.ps1'
[6.567s] [34mcolcon.colcon_core.shell[0m [1;30mINFO[0m Creating environment descriptor '/home/smith/ros2_learning/install/ros2_learning_msg/share/ros2_learning_msg/hook/cmake_prefix_path.dsv'
[6.568s] [34mcolcon.colcon_core.shell[0m [1;30mINFO[0m Creating environment hook '/home/smith/ros2_learning/install/ros2_learning_msg/share/ros2_learning_msg/hook/cmake_prefix_path.sh'
[6.569s] [34mcolcon.colcon_core.environment[0m [1;30mLevel 1[0m checking '/home/smith/ros2_learning/install/ros2_learning_msg/lib'
[6.569s] [34mcolcon.colcon_core.shell[0m [1;30mLevel 1[0m create_environment_hook('ros2_learning_msg', 'ld_library_path_lib')
[6.569s] [34mcolcon.colcon_core.shell[0m [1;30mINFO[0m Creating environment hook '/home/smith/ros2_learning/install/ros2_learning_msg/share/ros2_learning_msg/hook/ld_library_path_lib.ps1'
[6.569s] [34mcolcon.colcon_core.shell[0m [1;30mINFO[0m Creating environment descriptor '/home/smith/ros2_learning/install/ros2_learning_msg/share/ros2_learning_msg/hook/ld_library_path_lib.dsv'
[6.570s] [34mcolcon.colcon_core.shell[0m [1;30mINFO[0m Creating environment hook '/home/smith/ros2_learning/install/ros2_learning_msg/share/ros2_learning_msg/hook/ld_library_path_lib.sh'
[6.570s] [34mcolcon.colcon_core.environment[0m [1;30mLevel 1[0m checking '/home/smith/ros2_learning/install/ros2_learning_msg/bin'
[6.570s] [34mcolcon.colcon_core.environment[0m [1;30mLevel 1[0m checking '/home/smith/ros2_learning/install/ros2_learning_msg/lib/pkgconfig/ros2_learning_msg.pc'
[6.570s] [34mcolcon.colcon_core.environment[0m [1;30mLevel 1[0m checking '/home/smith/ros2_learning/install/ros2_learning_msg/lib/python3.10/site-packages'
[6.570s] [34mcolcon.colcon_core.environment[0m [1;30mLevel 1[0m checking '/home/smith/ros2_learning/install/ros2_learning_msg/bin'
[6.570s] [34mcolcon.colcon_core.shell[0m [1;30mINFO[0m Creating package script '/home/smith/ros2_learning/install/ros2_learning_msg/share/ros2_learning_msg/package.ps1'
[6.571s] [34mcolcon.colcon_core.shell[0m [1;30mINFO[0m Creating package descriptor '/home/smith/ros2_learning/install/ros2_learning_msg/share/ros2_learning_msg/package.dsv'
[6.572s] [34mcolcon.colcon_core.shell[0m [1;30mINFO[0m Creating package script '/home/smith/ros2_learning/install/ros2_learning_msg/share/ros2_learning_msg/package.sh'
[6.573s] [34mcolcon.colcon_core.shell[0m [1;30mINFO[0m Creating package script '/home/smith/ros2_learning/install/ros2_learning_msg/share/ros2_learning_msg/package.bash'
[6.574s] [34mcolcon.colcon_core.shell[0m [1;30mINFO[0m Creating package script '/home/smith/ros2_learning/install/ros2_learning_msg/share/ros2_learning_msg/package.zsh'
[6.574s] [34mcolcon.colcon_core.environment[0m [1;30mLevel 1[0m create_file_with_runtime_dependencies(/home/smith/ros2_learning/install/ros2_learning_msg/share/colcon-core/packages/ros2_learning_msg)
[6.575s] [34mcolcon.colcon_core.environment[0m [1;30mLevel 1[0m create_environment_scripts_only(ros2_learning_msg)
[6.575s] [34mcolcon.colcon_core.environment[0m [1;30mLevel 1[0m checking '/home/smith/ros2_learning/install/ros2_learning_msg' for CMake module files
[6.575s] [34mcolcon.colcon_core.environment[0m [1;30mLevel 1[0m checking '/home/smith/ros2_learning/install/ros2_learning_msg' for CMake config files
[6.576s] [34mcolcon.colcon_core.shell[0m [1;30mLevel 1[0m create_environment_hook('ros2_learning_msg', 'cmake_prefix_path')
[6.576s] [34mcolcon.colcon_core.shell[0m [1;30mINFO[0m Creating environment hook '/home/smith/ros2_learning/install/ros2_learning_msg/share/ros2_learning_msg/hook/cmake_prefix_path.ps1'
[6.576s] [34mcolcon.colcon_core.shell[0m [1;30mINFO[0m Creating environment descriptor '/home/smith/ros2_learning/install/ros2_learning_msg/share/ros2_learning_msg/hook/cmake_prefix_path.dsv'
[6.576s] [34mcolcon.colcon_core.shell[0m [1;30mINFO[0m Creating environment hook '/home/smith/ros2_learning/install/ros2_learning_msg/share/ros2_learning_msg/hook/cmake_prefix_path.sh'
[6.577s] [34mcolcon.colcon_core.environment[0m [1;30mLevel 1[0m checking '/home/smith/ros2_learning/install/ros2_learning_msg/lib'
[6.577s] [34mcolcon.colcon_core.shell[0m [1;30mLevel 1[0m create_environment_hook('ros2_learning_msg', 'ld_library_path_lib')
[6.577s] [34mcolcon.colcon_core.shell[0m [1;30mINFO[0m Creating environment hook '/home/smith/ros2_learning/install/ros2_learning_msg/share/ros2_learning_msg/hook/ld_library_path_lib.ps1'
[6.577s] [34mcolcon.colcon_core.shell[0m [1;30mINFO[0m Creating environment descriptor '/home/smith/ros2_learning/install/ros2_learning_msg/share/ros2_learning_msg/hook/ld_library_path_lib.dsv'
[6.577s] [34mcolcon.colcon_core.shell[0m [1;30mINFO[0m Creating environment hook '/home/smith/ros2_learning/install/ros2_learning_msg/share/ros2_learning_msg/hook/ld_library_path_lib.sh'
[6.578s] [34mcolcon.colcon_core.environment[0m [1;30mLevel 1[0m checking '/home/smith/ros2_learning/install/ros2_learning_msg/bin'
[6.578s] [34mcolcon.colcon_core.environment[0m [1;30mLevel 1[0m checking '/home/smith/ros2_learning/install/ros2_learning_msg/lib/pkgconfig/ros2_learning_msg.pc'
[6.578s] [34mcolcon.colcon_core.environment[0m [1;30mLevel 1[0m checking '/home/smith/ros2_learning/install/ros2_learning_msg/lib/python3.10/site-packages'
[6.578s] [34mcolcon.colcon_core.environment[0m [1;30mLevel 1[0m checking '/home/smith/ros2_learning/install/ros2_learning_msg/bin'
[6.578s] [34mcolcon.colcon_core.shell[0m [1;30mINFO[0m Creating package script '/home/smith/ros2_learning/install/ros2_learning_msg/share/ros2_learning_msg/package.ps1'
[6.579s] [34mcolcon.colcon_core.shell[0m [1;30mINFO[0m Creating package descriptor '/home/smith/ros2_learning/install/ros2_learning_msg/share/ros2_learning_msg/package.dsv'
[6.579s] [34mcolcon.colcon_core.shell[0m [1;30mINFO[0m Creating package script '/home/smith/ros2_learning/install/ros2_learning_msg/share/ros2_learning_msg/package.sh'
[6.579s] [34mcolcon.colcon_core.shell[0m [1;30mINFO[0m Creating package script '/home/smith/ros2_learning/install/ros2_learning_msg/share/ros2_learning_msg/package.bash'
[6.580s] [34mcolcon.colcon_core.shell[0m [1;30mINFO[0m Creating package script '/home/smith/ros2_learning/install/ros2_learning_msg/share/ros2_learning_msg/package.zsh'
[6.580s] [34mcolcon.colcon_core.environment[0m [1;30mLevel 1[0m create_file_with_runtime_dependencies(/home/smith/ros2_learning/install/ros2_learning_msg/share/colcon-core/packages/ros2_learning_msg)
[6.580s] [34mcolcon.colcon_ros.task.ament_cmake.build[0m [1;30mINFO[0m Building ROS package in '/home/smith/ros2_learning/ros2_learning_ardusub' with build type 'ament_cmake'
[6.580s] [34mcolcon.colcon_cmake.task.cmake.build[0m [1;30mINFO[0m Building CMake package in '/home/smith/ros2_learning/ros2_learning_ardusub'
[6.581s] [34mcolcon.colcon_core.shell[0m [1;30mINFO[0m Skip shell extension 'powershell' for command environment: Not usable outside of PowerShell
[6.581s] [34mcolcon.colcon_core.shell[0m [1;30mDEBUG[0m [32mSkip shell extension 'dsv' for command environment[0m
[6.584s] [34mcolcon.colcon_ros.task.ament_cmake.build[0m [1;30mINFO[0m Building ROS package in '/home/smith/ros2_learning/ros2_learning_gazebo' with build type 'ament_cmake'
[6.584s] [34mcolcon.colcon_cmake.task.cmake.build[0m [1;30mINFO[0m Building CMake package in '/home/smith/ros2_learning/ros2_learning_gazebo'
[6.584s] [34mcolcon.colcon_core.shell[0m [1;30mINFO[0m Skip shell extension 'powershell' for command environment: Not usable outside of PowerShell
[6.584s] [34mcolcon.colcon_core.shell[0m [1;30mDEBUG[0m [32mSkip shell extension 'dsv' for command environment[0m
[6.589s] [34mcolcon.colcon_core.event_handler.log_command[0m [1;30mDEBUG[0m [32mInvoking command in '/home/smith/ros2_learning/build/ros2_learning_ardusub': AMENT_PREFIX_PATH=/home/smith/ros2_learning/install/ros2_learning_msg:${AMENT_PREFIX_PATH} CMAKE_PREFIX_PATH=/home/smith/ros2_learning/install/ros2_learning_msg:/home/smith/colcon_ws/install/orca_nav2:/home/smith/colcon_ws/install/orca_base:/home/smith/colcon_ws/install/orca_shared:/home/smith/colcon_ws/install/ros2_shared:/home/smith/colcon_ws/install/orca_msgs:/home/smith/colcon_ws/install/orca_description:/home/smith/colcon_ws/install/orca_bringup:/home/smith/colcon_ws/install/orb_slam2_ros:/home/smith/colcon_ws/install/bluerov2_gz:/opt/ros/humble LD_LIBRARY_PATH=/home/smith/ros2_learning/install/ros2_learning_msg/lib:${LD_LIBRARY_PATH} PYTHONPATH=/home/smith/ros2_learning/install/ros2_learning_msg/local/lib/python3.10/dist-packages:${PYTHONPATH} /home/smith/.local/bin/cmake /home/smith/ros2_learning/ros2_learning_ardusub -DCMAKE_INSTALL_PREFIX=/home/smith/ros2_learning/install/ros2_learning_ardusub[0m
[6.591s] [34mcolcon.colcon_core.event_handler.log_command[0m [1;30mDEBUG[0m [32mInvoking command in '/home/smith/ros2_learning/build/ros2_learning_gazebo': AMENT_PREFIX_PATH=/home/smith/ros2_learning/install/ros2_learning_msg:${AMENT_PREFIX_PATH} CMAKE_PREFIX_PATH=/home/smith/ros2_learning/install/ros2_learning_msg:/home/smith/colcon_ws/install/orca_nav2:/home/smith/colcon_ws/install/orca_base:/home/smith/colcon_ws/install/orca_shared:/home/smith/colcon_ws/install/ros2_shared:/home/smith/colcon_ws/install/orca_msgs:/home/smith/colcon_ws/install/orca_description:/home/smith/colcon_ws/install/orca_bringup:/home/smith/colcon_ws/install/orb_slam2_ros:/home/smith/colcon_ws/install/bluerov2_gz:/opt/ros/humble LD_LIBRARY_PATH=/home/smith/ros2_learning/install/ros2_learning_msg/lib:${LD_LIBRARY_PATH} PYTHONPATH=/home/smith/ros2_learning/install/ros2_learning_msg/local/lib/python3.10/dist-packages:${PYTHONPATH} /home/smith/.local/bin/cmake /home/smith/ros2_learning/ros2_learning_gazebo -DCMAKE_INSTALL_PREFIX=/home/smith/ros2_learning/install/ros2_learning_gazebo[0m
[7.385s] [34mcolcon.colcon_core.event_handler.log_command[0m [1;30mDEBUG[0m [32mInvoked command in '/home/smith/ros2_learning/build/ros2_learning_ardusub' returned '0': AMENT_PREFIX_PATH=/home/smith/ros2_learning/install/ros2_learning_msg:${AMENT_PREFIX_PATH} CMAKE_PREFIX_PATH=/home/smith/ros2_learning/install/ros2_learning_msg:/home/smith/colcon_ws/install/orca_nav2:/home/smith/colcon_ws/install/orca_base:/home/smith/colcon_ws/install/orca_shared:/home/smith/colcon_ws/install/ros2_shared:/home/smith/colcon_ws/install/orca_msgs:/home/smith/colcon_ws/install/orca_description:/home/smith/colcon_ws/install/orca_bringup:/home/smith/colcon_ws/install/orb_slam2_ros:/home/smith/colcon_ws/install/bluerov2_gz:/opt/ros/humble LD_LIBRARY_PATH=/home/smith/ros2_learning/install/ros2_learning_msg/lib:${LD_LIBRARY_PATH} PYTHONPATH=/home/smith/ros2_learning/install/ros2_learning_msg/local/lib/python3.10/dist-packages:${PYTHONPATH} /home/smith/.local/bin/cmake /home/smith/ros2_learning/ros2_learning_ardusub -DCMAKE_INSTALL_PREFIX=/home/smith/ros2_learning/install/ros2_learning_ardusub[0m
[7.386s] [34mcolcon.colcon_core.event_handler.log_command[0m [1;30mDEBUG[0m [32mInvoking command in '/home/smith/ros2_learning/build/ros2_learning_ardusub': AMENT_PREFIX_PATH=/home/smith/ros2_learning/install/ros2_learning_msg:${AMENT_PREFIX_PATH} CMAKE_PREFIX_PATH=/home/smith/ros2_learning/install/ros2_learning_msg:/home/smith/colcon_ws/install/orca_nav2:/home/smith/colcon_ws/install/orca_base:/home/smith/colcon_ws/install/orca_shared:/home/smith/colcon_ws/install/ros2_shared:/home/smith/colcon_ws/install/orca_msgs:/home/smith/colcon_ws/install/orca_description:/home/smith/colcon_ws/install/orca_bringup:/home/smith/colcon_ws/install/orb_slam2_ros:/home/smith/colcon_ws/install/bluerov2_gz:/opt/ros/humble LD_LIBRARY_PATH=/home/smith/ros2_learning/install/ros2_learning_msg/lib:${LD_LIBRARY_PATH} PYTHONPATH=/home/smith/ros2_learning/install/ros2_learning_msg/local/lib/python3.10/dist-packages:${PYTHONPATH} /home/smith/.local/bin/cmake --build /home/smith/ros2_learning/build/ros2_learning_ardusub -- -j8 -l8[0m
[7.407s] [34mcolcon.colcon_core.event_handler.log_command[0m [1;30mDEBUG[0m [32mInvoked command in '/home/smith/ros2_learning/build/ros2_learning_gazebo' returned '0': AMENT_PREFIX_PATH=/home/smith/ros2_learning/install/ros2_learning_msg:${AMENT_PREFIX_PATH} CMAKE_PREFIX_PATH=/home/smith/ros2_learning/install/ros2_learning_msg:/home/smith/colcon_ws/install/orca_nav2:/home/smith/colcon_ws/install/orca_base:/home/smith/colcon_ws/install/orca_shared:/home/smith/colcon_ws/install/ros2_shared:/home/smith/colcon_ws/install/orca_msgs:/home/smith/colcon_ws/install/orca_description:/home/smith/colcon_ws/install/orca_bringup:/home/smith/colcon_ws/install/orb_slam2_ros:/home/smith/colcon_ws/install/bluerov2_gz:/opt/ros/humble LD_LIBRARY_PATH=/home/smith/ros2_learning/install/ros2_learning_msg/lib:${LD_LIBRARY_PATH} PYTHONPATH=/home/smith/ros2_learning/install/ros2_learning_msg/local/lib/python3.10/dist-packages:${PYTHONPATH} /home/smith/.local/bin/cmake /home/smith/ros2_learning/ros2_learning_gazebo -DCMAKE_INSTALL_PREFIX=/home/smith/ros2_learning/install/ros2_learning_gazebo[0m
[7.408s] [34mcolcon.colcon_core.event_handler.log_command[0m [1;30mDEBUG[0m [32mInvoking command in '/home/smith/ros2_learning/build/ros2_learning_gazebo': AMENT_PREFIX_PATH=/home/smith/ros2_learning/install/ros2_learning_msg:${AMENT_PREFIX_PATH} CMAKE_PREFIX_PATH=/home/smith/ros2_learning/install/ros2_learning_msg:/home/smith/colcon_ws/install/orca_nav2:/home/smith/colcon_ws/install/orca_base:/home/smith/colcon_ws/install/orca_shared:/home/smith/colcon_ws/install/ros2_shared:/home/smith/colcon_ws/install/orca_msgs:/home/smith/colcon_ws/install/orca_description:/home/smith/colcon_ws/install/orca_bringup:/home/smith/colcon_ws/install/orb_slam2_ros:/home/smith/colcon_ws/install/bluerov2_gz:/opt/ros/humble LD_LIBRARY_PATH=/home/smith/ros2_learning/install/ros2_learning_msg/lib:${LD_LIBRARY_PATH} PYTHONPATH=/home/smith/ros2_learning/install/ros2_learning_msg/local/lib/python3.10/dist-packages:${PYTHONPATH} /home/smith/.local/bin/cmake --build /home/smith/ros2_learning/build/ros2_learning_gazebo -- -j8 -l8[0m
[7.423s] [34mcolcon.colcon_core.event_handler.log_command[0m [1;30mDEBUG[0m [32mInvoked command in '/home/smith/ros2_learning/build/ros2_learning_ardusub' returned '0': AMENT_PREFIX_PATH=/home/smith/ros2_learning/install/ros2_learning_msg:${AMENT_PREFIX_PATH} CMAKE_PREFIX_PATH=/home/smith/ros2_learning/install/ros2_learning_msg:/home/smith/colcon_ws/install/orca_nav2:/home/smith/colcon_ws/install/orca_base:/home/smith/colcon_ws/install/orca_shared:/home/smith/colcon_ws/install/ros2_shared:/home/smith/colcon_ws/install/orca_msgs:/home/smith/colcon_ws/install/orca_description:/home/smith/colcon_ws/install/orca_bringup:/home/smith/colcon_ws/install/orb_slam2_ros:/home/smith/colcon_ws/install/bluerov2_gz:/opt/ros/humble LD_LIBRARY_PATH=/home/smith/ros2_learning/install/ros2_learning_msg/lib:${LD_LIBRARY_PATH} PYTHONPATH=/home/smith/ros2_learning/install/ros2_learning_msg/local/lib/python3.10/dist-packages:${PYTHONPATH} /home/smith/.local/bin/cmake --build /home/smith/ros2_learning/build/ros2_learning_ardusub -- -j8 -l8[0m
[7.424s] [34mcolcon.colcon_core.event_handler.log_command[0m [1;30mDEBUG[0m [32mInvoking command in '/home/smith/ros2_learning/build/ros2_learning_ardusub': AMENT_PREFIX_PATH=/home/smith/ros2_learning/install/ros2_learning_msg:${AMENT_PREFIX_PATH} CMAKE_PREFIX_PATH=/home/smith/ros2_learning/install/ros2_learning_msg:/home/smith/colcon_ws/install/orca_nav2:/home/smith/colcon_ws/install/orca_base:/home/smith/colcon_ws/install/orca_shared:/home/smith/colcon_ws/install/ros2_shared:/home/smith/colcon_ws/install/orca_msgs:/home/smith/colcon_ws/install/orca_description:/home/smith/colcon_ws/install/orca_bringup:/home/smith/colcon_ws/install/orb_slam2_ros:/home/smith/colcon_ws/install/bluerov2_gz:/opt/ros/humble LD_LIBRARY_PATH=/home/smith/ros2_learning/install/ros2_learning_msg/lib:${LD_LIBRARY_PATH} PYTHONPATH=/home/smith/ros2_learning/install/ros2_learning_msg/local/lib/python3.10/dist-packages:${PYTHONPATH} /home/smith/.local/bin/cmake --install /home/smith/ros2_learning/build/ros2_learning_ardusub[0m
[7.444s] [34mcolcon.colcon_core.event_handler.log_command[0m [1;30mDEBUG[0m [32mInvoked command in '/home/smith/ros2_learning/build/ros2_learning_gazebo' returned '0': AMENT_PREFIX_PATH=/home/smith/ros2_learning/install/ros2_learning_msg:${AMENT_PREFIX_PATH} CMAKE_PREFIX_PATH=/home/smith/ros2_learning/install/ros2_learning_msg:/home/smith/colcon_ws/install/orca_nav2:/home/smith/colcon_ws/install/orca_base:/home/smith/colcon_ws/install/orca_shared:/home/smith/colcon_ws/install/ros2_shared:/home/smith/colcon_ws/install/orca_msgs:/home/smith/colcon_ws/install/orca_description:/home/smith/colcon_ws/install/orca_bringup:/home/smith/colcon_ws/install/orb_slam2_ros:/home/smith/colcon_ws/install/bluerov2_gz:/opt/ros/humble LD_LIBRARY_PATH=/home/smith/ros2_learning/install/ros2_learning_msg/lib:${LD_LIBRARY_PATH} PYTHONPATH=/home/smith/ros2_learning/install/ros2_learning_msg/local/lib/python3.10/dist-packages:${PYTHONPATH} /home/smith/.local/bin/cmake --build /home/smith/ros2_learning/build/ros2_learning_gazebo -- -j8 -l8[0m
[7.445s] [34mcolcon.colcon_core.event_handler.log_command[0m [1;30mDEBUG[0m [32mInvoking command in '/home/smith/ros2_learning/build/ros2_learning_gazebo': AMENT_PREFIX_PATH=/home/smith/ros2_learning/install/ros2_learning_msg:${AMENT_PREFIX_PATH} CMAKE_PREFIX_PATH=/home/smith/ros2_learning/install/ros2_learning_msg:/home/smith/colcon_ws/install/orca_nav2:/home/smith/colcon_ws/install/orca_base:/home/smith/colcon_ws/install/orca_shared:/home/smith/colcon_ws/install/ros2_shared:/home/smith/colcon_ws/install/orca_msgs:/home/smith/colcon_ws/install/orca_description:/home/smith/colcon_ws/install/orca_bringup:/home/smith/colcon_ws/install/orb_slam2_ros:/home/smith/colcon_ws/install/bluerov2_gz:/opt/ros/humble LD_LIBRARY_PATH=/home/smith/ros2_learning/install/ros2_learning_msg/lib:${LD_LIBRARY_PATH} PYTHONPATH=/home/smith/ros2_learning/install/ros2_learning_msg/local/lib/python3.10/dist-packages:${PYTHONPATH} /home/smith/.local/bin/cmake --install /home/smith/ros2_learning/build/ros2_learning_gazebo[0m
[7.452s] [34mcolcon.colcon_core.environment[0m [1;30mLevel 1[0m create_environment_scripts_only(ros2_learning_ardusub)
[7.452s] [34mcolcon.colcon_core.environment[0m [1;30mLevel 1[0m checking '/home/smith/ros2_learning/install/ros2_learning_ardusub' for CMake module files
[7.452s] [34mcolcon.colcon_core.event_handler.log_command[0m [1;30mDEBUG[0m [32mInvoked command in '/home/smith/ros2_learning/build/ros2_learning_ardusub' returned '0': AMENT_PREFIX_PATH=/home/smith/ros2_learning/install/ros2_learning_msg:${AMENT_PREFIX_PATH} CMAKE_PREFIX_PATH=/home/smith/ros2_learning/install/ros2_learning_msg:/home/smith/colcon_ws/install/orca_nav2:/home/smith/colcon_ws/install/orca_base:/home/smith/colcon_ws/install/orca_shared:/home/smith/colcon_ws/install/ros2_shared:/home/smith/colcon_ws/install/orca_msgs:/home/smith/colcon_ws/install/orca_description:/home/smith/colcon_ws/install/orca_bringup:/home/smith/colcon_ws/install/orb_slam2_ros:/home/smith/colcon_ws/install/bluerov2_gz:/opt/ros/humble LD_LIBRARY_PATH=/home/smith/ros2_learning/install/ros2_learning_msg/lib:${LD_LIBRARY_PATH} PYTHONPATH=/home/smith/ros2_learning/install/ros2_learning_msg/local/lib/python3.10/dist-packages:${PYTHONPATH} /home/smith/.local/bin/cmake --install /home/smith/ros2_learning/build/ros2_learning_ardusub[0m
[7.452s] [34mcolcon.colcon_core.environment[0m [1;30mLevel 1[0m checking '/home/smith/ros2_learning/install/ros2_learning_ardusub' for CMake config files
[7.453s] [34mcolcon.colcon_core.shell[0m [1;30mLevel 1[0m create_environment_hook('ros2_learning_ardusub', 'cmake_prefix_path')
[7.453s] [34mcolcon.colcon_core.shell[0m [1;30mINFO[0m Creating environment hook '/home/smith/ros2_learning/install/ros2_learning_ardusub/share/ros2_learning_ardusub/hook/cmake_prefix_path.ps1'
[7.453s] [34mcolcon.colcon_core.shell[0m [1;30mINFO[0m Creating environment descriptor '/home/smith/ros2_learning/install/ros2_learning_ardusub/share/ros2_learning_ardusub/hook/cmake_prefix_path.dsv'
[7.453s] [34mcolcon.colcon_core.shell[0m [1;30mINFO[0m Creating environment hook '/home/smith/ros2_learning/install/ros2_learning_ardusub/share/ros2_learning_ardusub/hook/cmake_prefix_path.sh'
[7.454s] [34mcolcon.colcon_core.environment[0m [1;30mLevel 1[0m checking '/home/smith/ros2_learning/install/ros2_learning_ardusub/lib'
[7.454s] [34mcolcon.colcon_core.environment[0m [1;30mLevel 1[0m checking '/home/smith/ros2_learning/install/ros2_learning_ardusub/bin'
[7.454s] [34mcolcon.colcon_core.environment[0m [1;30mLevel 1[0m checking '/home/smith/ros2_learning/install/ros2_learning_ardusub/lib/pkgconfig/ros2_learning_ardusub.pc'
[7.454s] [34mcolcon.colcon_core.environment[0m [1;30mLevel 1[0m checking '/home/smith/ros2_learning/install/ros2_learning_ardusub/lib/python3.10/site-packages'
[7.454s] [34mcolcon.colcon_core.environment[0m [1;30mLevel 1[0m checking '/home/smith/ros2_learning/install/ros2_learning_ardusub/bin'
[7.454s] [34mcolcon.colcon_core.shell[0m [1;30mINFO[0m Creating package script '/home/smith/ros2_learning/install/ros2_learning_ardusub/share/ros2_learning_ardusub/package.ps1'
[7.455s] [34mcolcon.colcon_core.shell[0m [1;30mINFO[0m Creating package descriptor '/home/smith/ros2_learning/install/ros2_learning_ardusub/share/ros2_learning_ardusub/package.dsv'
[7.455s] [34mcolcon.colcon_core.shell[0m [1;30mINFO[0m Creating package script '/home/smith/ros2_learning/install/ros2_learning_ardusub/share/ros2_learning_ardusub/package.sh'
[7.455s] [34mcolcon.colcon_core.shell[0m [1;30mINFO[0m Creating package script '/home/smith/ros2_learning/install/ros2_learning_ardusub/share/ros2_learning_ardusub/package.bash'
[7.455s] [34mcolcon.colcon_core.shell[0m [1;30mINFO[0m Creating package script '/home/smith/ros2_learning/install/ros2_learning_ardusub/share/ros2_learning_ardusub/package.zsh'
[7.456s] [34mcolcon.colcon_core.environment[0m [1;30mLevel 1[0m create_file_with_runtime_dependencies(/home/smith/ros2_learning/install/ros2_learning_ardusub/share/colcon-core/packages/ros2_learning_ardusub)
[7.456s] [34mcolcon.colcon_core.environment[0m [1;30mLevel 1[0m create_environment_scripts_only(ros2_learning_ardusub)
[7.456s] [34mcolcon.colcon_core.environment[0m [1;30mLevel 1[0m checking '/home/smith/ros2_learning/install/ros2_learning_ardusub' for CMake module files
[7.456s] [34mcolcon.colcon_core.environment[0m [1;30mLevel 1[0m checking '/home/smith/ros2_learning/install/ros2_learning_ardusub' for CMake config files
[7.457s] [34mcolcon.colcon_core.shell[0m [1;30mLevel 1[0m create_environment_hook('ros2_learning_ardusub', 'cmake_prefix_path')
[7.457s] [34mcolcon.colcon_core.shell[0m [1;30mINFO[0m Creating environment hook '/home/smith/ros2_learning/install/ros2_learning_ardusub/share/ros2_learning_ardusub/hook/cmake_prefix_path.ps1'
[7.457s] [34mcolcon.colcon_core.shell[0m [1;30mINFO[0m Creating environment descriptor '/home/smith/ros2_learning/install/ros2_learning_ardusub/share/ros2_learning_ardusub/hook/cmake_prefix_path.dsv'
[7.457s] [34mcolcon.colcon_core.shell[0m [1;30mINFO[0m Creating environment hook '/home/smith/ros2_learning/install/ros2_learning_ardusub/share/ros2_learning_ardusub/hook/cmake_prefix_path.sh'
[7.458s] [34mcolcon.colcon_core.environment[0m [1;30mLevel 1[0m checking '/home/smith/ros2_learning/install/ros2_learning_ardusub/lib'
[7.458s] [34mcolcon.colcon_core.environment[0m [1;30mLevel 1[0m checking '/home/smith/ros2_learning/install/ros2_learning_ardusub/bin'
[7.458s] [34mcolcon.colcon_core.environment[0m [1;30mLevel 1[0m checking '/home/smith/ros2_learning/install/ros2_learning_ardusub/lib/pkgconfig/ros2_learning_ardusub.pc'
[7.458s] [34mcolcon.colcon_core.environment[0m [1;30mLevel 1[0m checking '/home/smith/ros2_learning/install/ros2_learning_ardusub/lib/python3.10/site-packages'
[7.458s] [34mcolcon.colcon_core.environment[0m [1;30mLevel 1[0m checking '/home/smith/ros2_learning/install/ros2_learning_ardusub/bin'
[7.458s] [34mcolcon.colcon_core.shell[0m [1;30mINFO[0m Creating package script '/home/smith/ros2_learning/install/ros2_learning_ardusub/share/ros2_learning_ardusub/package.ps1'
[7.459s] [34mcolcon.colcon_core.shell[0m [1;30mINFO[0m Creating package descriptor '/home/smith/ros2_learning/install/ros2_learning_ardusub/share/ros2_learning_ardusub/package.dsv'
[7.459s] [34mcolcon.colcon_core.shell[0m [1;30mINFO[0m Creating package script '/home/smith/ros2_learning/install/ros2_learning_ardusub/share/ros2_learning_ardusub/package.sh'
[7.459s] [34mcolcon.colcon_core.shell[0m [1;30mINFO[0m Creating package script '/home/smith/ros2_learning/install/ros2_learning_ardusub/share/ros2_learning_ardusub/package.bash'
[7.460s] [34mcolcon.colcon_core.shell[0m [1;30mINFO[0m Creating package script '/home/smith/ros2_learning/install/ros2_learning_ardusub/share/ros2_learning_ardusub/package.zsh'
[7.460s] [34mcolcon.colcon_core.environment[0m [1;30mLevel 1[0m create_file_with_runtime_dependencies(/home/smith/ros2_learning/install/ros2_learning_ardusub/share/colcon-core/packages/ros2_learning_ardusub)
[7.472s] [34mcolcon.colcon_core.environment[0m [1;30mLevel 1[0m create_environment_scripts_only(ros2_learning_gazebo)
[7.472s] [34mcolcon.colcon_core.environment[0m [1;30mLevel 1[0m checking '/home/smith/ros2_learning/install/ros2_learning_gazebo' for CMake module files
[7.473s] [34mcolcon.colcon_core.event_handler.log_command[0m [1;30mDEBUG[0m [32mInvoked command in '/home/smith/ros2_learning/build/ros2_learning_gazebo' returned '0': AMENT_PREFIX_PATH=/home/smith/ros2_learning/install/ros2_learning_msg:${AMENT_PREFIX_PATH} CMAKE_PREFIX_PATH=/home/smith/ros2_learning/install/ros2_learning_msg:/home/smith/colcon_ws/install/orca_nav2:/home/smith/colcon_ws/install/orca_base:/home/smith/colcon_ws/install/orca_shared:/home/smith/colcon_ws/install/ros2_shared:/home/smith/colcon_ws/install/orca_msgs:/home/smith/colcon_ws/install/orca_description:/home/smith/colcon_ws/install/orca_bringup:/home/smith/colcon_ws/install/orb_slam2_ros:/home/smith/colcon_ws/install/bluerov2_gz:/opt/ros/humble LD_LIBRARY_PATH=/home/smith/ros2_learning/install/ros2_learning_msg/lib:${LD_LIBRARY_PATH} PYTHONPATH=/home/smith/ros2_learning/install/ros2_learning_msg/local/lib/python3.10/dist-packages:${PYTHONPATH} /home/smith/.local/bin/cmake --install /home/smith/ros2_learning/build/ros2_learning_gazebo[0m
[7.473s] [34mcolcon.colcon_core.environment[0m [1;30mLevel 1[0m checking '/home/smith/ros2_learning/install/ros2_learning_gazebo' for CMake config files
[7.473s] [34mcolcon.colcon_core.shell[0m [1;30mLevel 1[0m create_environment_hook('ros2_learning_gazebo', 'cmake_prefix_path')
[7.473s] [34mcolcon.colcon_core.shell[0m [1;30mINFO[0m Creating environment hook '/home/smith/ros2_learning/install/ros2_learning_gazebo/share/ros2_learning_gazebo/hook/cmake_prefix_path.ps1'
[7.474s] [34mcolcon.colcon_core.shell[0m [1;30mINFO[0m Creating environment descriptor '/home/smith/ros2_learning/install/ros2_learning_gazebo/share/ros2_learning_gazebo/hook/cmake_prefix_path.dsv'
[7.474s] [34mcolcon.colcon_core.shell[0m [1;30mINFO[0m Creating environment hook '/home/smith/ros2_learning/install/ros2_learning_gazebo/share/ros2_learning_gazebo/hook/cmake_prefix_path.sh'
[7.474s] [34mcolcon.colcon_core.environment[0m [1;30mLevel 1[0m checking '/home/smith/ros2_learning/install/ros2_learning_gazebo/lib'
[7.474s] [34mcolcon.colcon_core.environment[0m [1;30mLevel 1[0m checking '/home/smith/ros2_learning/install/ros2_learning_gazebo/bin'
[7.474s] [34mcolcon.colcon_core.environment[0m [1;30mLevel 1[0m checking '/home/smith/ros2_learning/install/ros2_learning_gazebo/lib/pkgconfig/ros2_learning_gazebo.pc'
[7.475s] [34mcolcon.colcon_core.environment[0m [1;30mLevel 1[0m checking '/home/smith/ros2_learning/install/ros2_learning_gazebo/lib/python3.10/site-packages'
[7.475s] [34mcolcon.colcon_core.environment[0m [1;30mLevel 1[0m checking '/home/smith/ros2_learning/install/ros2_learning_gazebo/bin'
[7.475s] [34mcolcon.colcon_core.shell[0m [1;30mINFO[0m Creating package script '/home/smith/ros2_learning/install/ros2_learning_gazebo/share/ros2_learning_gazebo/package.ps1'
[7.475s] [34mcolcon.colcon_core.shell[0m [1;30mINFO[0m Creating package descriptor '/home/smith/ros2_learning/install/ros2_learning_gazebo/share/ros2_learning_gazebo/package.dsv'
[7.476s] [34mcolcon.colcon_core.shell[0m [1;30mINFO[0m Creating package script '/home/smith/ros2_learning/install/ros2_learning_gazebo/share/ros2_learning_gazebo/package.sh'
[7.476s] [34mcolcon.colcon_core.shell[0m [1;30mINFO[0m Creating package script '/home/smith/ros2_learning/install/ros2_learning_gazebo/share/ros2_learning_gazebo/package.bash'
[7.476s] [34mcolcon.colcon_core.shell[0m [1;30mINFO[0m Creating package script '/home/smith/ros2_learning/install/ros2_learning_gazebo/share/ros2_learning_gazebo/package.zsh'
[7.476s] [34mcolcon.colcon_core.environment[0m [1;30mLevel 1[0m create_file_with_runtime_dependencies(/home/smith/ros2_learning/install/ros2_learning_gazebo/share/colcon-core/packages/ros2_learning_gazebo)
[7.477s] [34mcolcon.colcon_core.environment[0m [1;30mLevel 1[0m create_environment_scripts_only(ros2_learning_gazebo)
[7.477s] [34mcolcon.colcon_core.environment[0m [1;30mLevel 1[0m checking '/home/smith/ros2_learning/install/ros2_learning_gazebo' for CMake module files
[7.477s] [34mcolcon.colcon_core.environment[0m [1;30mLevel 1[0m checking '/home/smith/ros2_learning/install/ros2_learning_gazebo' for CMake config files
[7.477s] [34mcolcon.colcon_core.shell[0m [1;30mLevel 1[0m create_environment_hook('ros2_learning_gazebo', 'cmake_prefix_path')
[7.477s] [34mcolcon.colcon_core.shell[0m [1;30mINFO[0m Creating environment hook '/home/smith/ros2_learning/install/ros2_learning_gazebo/share/ros2_learning_gazebo/hook/cmake_prefix_path.ps1'
[7.478s] [34mcolcon.colcon_core.shell[0m [1;30mINFO[0m Creating environment descriptor '/home/smith/ros2_learning/install/ros2_learning_gazebo/share/ros2_learning_gazebo/hook/cmake_prefix_path.dsv'
[7.478s] [34mcolcon.colcon_core.shell[0m [1;30mINFO[0m Creating environment hook '/home/smith/ros2_learning/install/ros2_learning_gazebo/share/ros2_learning_gazebo/hook/cmake_prefix_path.sh'
[7.478s] [34mcolcon.colcon_core.environment[0m [1;30mLevel 1[0m checking '/home/smith/ros2_learning/install/ros2_learning_gazebo/lib'
[7.478s] [34mcolcon.colcon_core.environment[0m [1;30mLevel 1[0m checking '/home/smith/ros2_learning/install/ros2_learning_gazebo/bin'
[7.478s] [34mcolcon.colcon_core.environment[0m [1;30mLevel 1[0m checking '/home/smith/ros2_learning/install/ros2_learning_gazebo/lib/pkgconfig/ros2_learning_gazebo.pc'
[7.478s] [34mcolcon.colcon_core.environment[0m [1;30mLevel 1[0m checking '/home/smith/ros2_learning/install/ros2_learning_gazebo/lib/python3.10/site-packages'
[7.479s] [34mcolcon.colcon_core.environment[0m [1;30mLevel 1[0m checking '/home/smith/ros2_learning/install/ros2_learning_gazebo/bin'
[7.479s] [34mcolcon.colcon_core.shell[0m [1;30mINFO[0m Creating package script '/home/smith/ros2_learning/install/ros2_learning_gazebo/share/ros2_learning_gazebo/package.ps1'
[7.479s] [34mcolcon.colcon_core.shell[0m [1;30mINFO[0m Creating package descriptor '/home/smith/ros2_learning/install/ros2_learning_gazebo/share/ros2_learning_gazebo/package.dsv'
[7.479s] [34mcolcon.colcon_core.shell[0m [1;30mINFO[0m Creating package script '/home/smith/ros2_learning/install/ros2_learning_gazebo/share/ros2_learning_gazebo/package.sh'
[7.480s] [34mcolcon.colcon_core.shell[0m [1;30mINFO[0m Creating package script '/home/smith/ros2_learning/install/ros2_learning_gazebo/share/ros2_learning_gazebo/package.bash'
[7.480s] [34mcolcon.colcon_core.shell[0m [1;30mINFO[0m Creating package script '/home/smith/ros2_learning/install/ros2_learning_gazebo/share/ros2_learning_gazebo/package.zsh'
[7.480s] [34mcolcon.colcon_core.environment[0m [1;30mLevel 1[0m create_file_with_runtime_dependencies(/home/smith/ros2_learning/install/ros2_learning_gazebo/share/colcon-core/packages/ros2_learning_gazebo)
[7.480s] [34mcolcon.colcon_parallel_executor.executor.parallel[0m [1;30mDEBUG[0m [32mclosing loop[0m
[7.481s] [34mcolcon.colcon_parallel_executor.executor.parallel[0m [1;30mDEBUG[0m [32mloop closed[0m
[7.481s] [34mcolcon.colcon_parallel_executor.executor.parallel[0m [1;30mDEBUG[0m [32mrun_until_complete finished with '0'[0m
[7.481s] [34mcolcon.colcon_core.event_reactor[0m [1;30mDEBUG[0m [32mjoining thread[0m
[7.485s] [34mcolcon.colcon_core.plugin_system[0m [1;30mINFO[0m Skipping extension 'colcon_notification.desktop_notification.terminal_notifier': Not used on non-Darwin systems
[7.485s] [34mcolcon.colcon_core.plugin_system[0m [1;30mINFO[0m Skipping extension 'colcon_notification.desktop_notification.win32': Not used on non-Windows systems
[7.485s] [34mcolcon.colcon_notification.desktop_notification[0m [1;30mINFO[0m Sending desktop notification using 'notify2'
[7.501s] [34mcolcon.colcon_core.event_reactor[0m [1;30mDEBUG[0m [32mjoined thread[0m
[7.501s] [34mcolcon.colcon_core.shell[0m [1;30mINFO[0m Creating prefix script '/home/smith/ros2_learning/install/local_setup.ps1'
[7.502s] [34mcolcon.colcon_core.shell[0m [1;30mINFO[0m Creating prefix util module '/home/smith/ros2_learning/install/_local_setup_util_ps1.py'
[7.504s] [34mcolcon.colcon_core.shell[0m [1;30mINFO[0m Creating prefix chain script '/home/smith/ros2_learning/install/setup.ps1'
[7.505s] [34mcolcon.colcon_core.shell[0m [1;30mINFO[0m Creating prefix script '/home/smith/ros2_learning/install/local_setup.sh'
[7.506s] [34mcolcon.colcon_core.shell[0m [1;30mINFO[0m Creating prefix util module '/home/smith/ros2_learning/install/_local_setup_util_sh.py'
[7.506s] [34mcolcon.colcon_core.shell[0m [1;30mINFO[0m Creating prefix chain script '/home/smith/ros2_learning/install/setup.sh'
[7.508s] [34mcolcon.colcon_core.shell[0m [1;30mINFO[0m Creating prefix script '/home/smith/ros2_learning/install/local_setup.bash'
[7.508s] [34mcolcon.colcon_core.shell[0m [1;30mINFO[0m Creating prefix chain script '/home/smith/ros2_learning/install/setup.bash'
[7.509s] [34mcolcon.colcon_core.shell[0m [1;30mINFO[0m Creating prefix script '/home/smith/ros2_learning/install/local_setup.zsh'
[7.510s] [34mcolcon.colcon_core.shell[0m [1;30mINFO[0m Creating prefix chain script '/home/smith/ros2_learning/install/setup.zsh'
